<?xml version="1.0" encoding="UTF-8"?>
<testsuites>
<testsuite timestamp="2022-05-10T21:58:46" hostname="haskell" package="cover_btor" id="0" name="default" tests="1" errors="0" failures="1" time="139" skipped="0">
<properties>
<property name="os" value="Linux"/>
<property name="expect" value="PASS"/>
<property name="status" value="FAIL"/>
</properties>
<testcase classname="default" name="default" time="139">
<failure type="cover" message="FAIL" />
</testcase>
<system-out>SBY 21:56:54 [cover_btor] Copy '/home/kevin/d/rfuzz/formal/Sodor3Stage/Sodor3Stage.v' to '/home/kevin/d/rfuzz/formal/Sodor3Stage/cover_btor/src/Sodor3Stage.v'.
SBY 21:56:54 [cover_btor] Copy '/home/kevin/d/rfuzz/formal/Sodor3Stage/Sodor3Stage_formal.sv' to '/home/kevin/d/rfuzz/formal/Sodor3Stage/cover_btor/src/Sodor3Stage_formal.sv'.
SBY 21:56:54 [cover_btor] engine_0: btor btormc
SBY 21:56:54 [cover_btor] base: starting process &quot;cd cover_btor/src; yosys -ql ../model/design.log ../model/design.ys&quot;
SBY 21:56:55 [cover_btor] base: Sodor3Stage_formal.sv:798: Warning: Identifier `\io_meta_reset' is implicitly declared.
SBY 21:56:57 [cover_btor] base: finished (returncode=0)
SBY 21:56:57 [cover_btor] btor: starting process &quot;cd cover_btor/model; yosys -ql design_btor.log design_btor.ys&quot;
SBY 21:57:00 [cover_btor] btor: Warning: No driver for signal \bb.core.dpath.alu._T_83 [32].
SBY 21:57:00 [cover_btor] btor: Warning: No driver for signal \bb.core.dpath.csr._GEN_144 [63:6].
SBY 21:57:00 [cover_btor] btor: Warning: No driver for signal \bb.core.dpath.csr._GEN_88 [63:6].
SBY 21:57:00 [cover_btor] btor: Warning: No driver for signal \bb.core.dpath.csr._GEN_90 [63:6].
SBY 21:57:00 [cover_btor] btor: Warning: No driver for signal \bb.core.dpath.csr._GEN_94 [63:6].
SBY 21:57:00 [cover_btor] btor: Warning: No driver for signal \bb.core.dpath.csr._T_1035 [39:32].
SBY 21:57:00 [cover_btor] btor: Warning: No driver for signal \bb.core.dpath.csr._T_1037 [39:32].
SBY 21:57:00 [cover_btor] btor: Warning: No driver for signal \bb.core.dpath.csr._T_1039 [39:32].
SBY 21:57:00 [cover_btor] btor: Warning: No driver for signal \bb.core.dpath.csr._T_1041 [39:32].
SBY 21:57:00 [cover_btor] btor: Warning: No driver for signal \bb.core.dpath.csr._T_1043 [39:32].
SBY 21:57:00 [cover_btor] btor: Warning: No driver for signal \bb.core.dpath.csr._T_1045 [39:32].
SBY 21:57:00 [cover_btor] btor: Warning: No driver for signal \bb.core.dpath.csr._T_1047 [39:32].
SBY 21:57:00 [cover_btor] btor: Warning: No driver for signal \bb.core.dpath.csr._T_1049 [39:32].
SBY 21:57:00 [cover_btor] btor: Warning: No driver for signal \bb.core.dpath.csr._T_1051 [39:32].
SBY 21:57:00 [cover_btor] btor: Warning: No driver for signal \bb.core.dpath.csr._T_1053 [39:32].
SBY 21:57:00 [cover_btor] btor: Warning: No driver for signal \bb.core.dpath.csr._T_1055 [39:32].
SBY 21:57:00 [cover_btor] btor: Warning: No driver for signal \bb.core.dpath.csr._T_1057 [39:32].
SBY 21:57:00 [cover_btor] btor: Warning: No driver for signal \bb.core.dpath.csr._T_1059 [39:32].
SBY 21:57:00 [cover_btor] btor: Warning: No driver for signal \bb.core.dpath.csr._T_1061 [39:32].
SBY 21:57:00 [cover_btor] btor: Warning: No driver for signal \bb.core.dpath.csr._T_1065 [39:32].
SBY 21:57:00 [cover_btor] btor: Warning: No driver for signal \bb.core.dpath.csr._T_1067 [39:32].
SBY 21:57:00 [cover_btor] btor: Warning: No driver for signal \bb.core.dpath.csr._T_1069 [39:32].
SBY 21:57:00 [cover_btor] btor: Warning: No driver for signal \bb.core.dpath.csr._T_1071 [39:32].
SBY 21:57:00 [cover_btor] btor: Warning: No driver for signal \bb.core.dpath.csr._T_1073 [39:32].
SBY 21:57:00 [cover_btor] btor: Warning: No driver for signal \bb.core.dpath.csr._T_1075 [39:32].
SBY 21:57:00 [cover_btor] btor: Warning: No driver for signal \bb.core.dpath.csr._T_1077 [39:32].
SBY 21:57:00 [cover_btor] btor: Warning: No driver for signal \bb.core.dpath.csr._T_1079 [39:32].
SBY 21:57:00 [cover_btor] btor: Warning: No driver for signal \bb.core.dpath.csr._T_1081 [39:32].
SBY 21:57:00 [cover_btor] btor: Warning: No driver for signal \bb.core.dpath.csr._T_1083 [39:32].
SBY 21:57:00 [cover_btor] btor: Warning: No driver for signal \bb.core.dpath.csr._T_1085 [39:32].
SBY 21:57:00 [cover_btor] btor: Warning: No driver for signal \bb.core.dpath.csr._T_1087 [39:32].
SBY 21:57:00 [cover_btor] btor: Warning: No driver for signal \bb.core.dpath.csr._T_1089 [39:32].
SBY 21:57:00 [cover_btor] btor: Warning: No driver for signal \bb.core.dpath.csr._T_1091 [39:32].
SBY 21:57:00 [cover_btor] btor: Warning: No driver for signal \bb.core.dpath.csr._T_1093 [39:32].
SBY 21:57:00 [cover_btor] btor: Warning: No driver for signal \bb.core.dpath.csr._T_1095 [39:32].
SBY 21:57:00 [cover_btor] btor: Warning: No driver for signal \bb.core.dpath.csr._T_1097 [39:32].
SBY 21:57:00 [cover_btor] btor: Warning: No driver for signal \bb.core.dpath.csr._T_1099 [39:32].
SBY 21:57:00 [cover_btor] btor: Warning: No driver for signal \bb.core.dpath.csr._T_1101 [39:32].
SBY 21:57:00 [cover_btor] btor: Warning: No driver for signal \bb.core.dpath.csr._T_1103 [39:32].
SBY 21:57:00 [cover_btor] btor: Warning: No driver for signal \bb.core.dpath.csr._T_1105 [39:32].
SBY 21:57:00 [cover_btor] btor: Warning: No driver for signal \bb.core.dpath.csr._T_1107 [39:32].
SBY 21:57:00 [cover_btor] btor: Warning: No driver for signal \bb.core.dpath.csr._T_1109 [39:32].
SBY 21:57:00 [cover_btor] btor: Warning: No driver for signal \bb.core.dpath.csr._T_1111 [39:32].
SBY 21:57:00 [cover_btor] btor: Warning: No driver for signal \bb.core.dpath.csr._T_1113 [39:32].
SBY 21:57:00 [cover_btor] btor: Warning: No driver for signal \bb.core.dpath.csr._T_1115 [39:32].
SBY 21:57:00 [cover_btor] btor: Warning: No driver for signal \bb.core.dpath.csr._T_1117 [39:32].
SBY 21:57:00 [cover_btor] btor: Warning: No driver for signal \bb.core.dpath.csr._T_1119 [39:32].
SBY 21:57:00 [cover_btor] btor: Warning: No driver for signal \bb.core.dpath.csr._T_1121 [39:32].
SBY 21:57:00 [cover_btor] btor: Warning: No driver for signal \bb.core.dpath.csr._T_1123 [39:32].
SBY 21:57:00 [cover_btor] btor: Warning: No driver for signal \bb.core.dpath.csr._T_1125 [39:32].
SBY 21:57:00 [cover_btor] btor: Warning: No driver for signal \bb.core.dpath.csr._T_1127 [39:32].
SBY 21:57:00 [cover_btor] btor: Warning: No driver for signal \bb.core.dpath.csr._T_1129 [39:32].
SBY 21:57:00 [cover_btor] btor: Warning: No driver for signal \bb.core.dpath.csr._T_1131 [39:32].
SBY 21:57:00 [cover_btor] btor: Warning: No driver for signal \bb.core.dpath.csr._T_1133 [39:32].
SBY 21:57:00 [cover_btor] btor: Warning: No driver for signal \bb.core.dpath.csr._T_1135 [39:32].
SBY 21:57:00 [cover_btor] btor: Warning: No driver for signal \bb.core.dpath.csr._T_1137 [39:32].
SBY 21:57:00 [cover_btor] btor: Warning: No driver for signal \bb.core.dpath.csr._T_1139 [39:32].
SBY 21:57:00 [cover_btor] btor: Warning: No driver for signal \bb.core.dpath.csr._T_1141 [39:32].
SBY 21:57:00 [cover_btor] btor: Warning: No driver for signal \bb.core.dpath.csr._T_1143 [39:32].
SBY 21:57:00 [cover_btor] btor: Warning: No driver for signal \bb.core.dpath.csr._T_1145 [39:32].
SBY 21:57:00 [cover_btor] btor: Warning: No driver for signal \bb.core.dpath.csr._T_1147 [39:32].
SBY 21:57:00 [cover_btor] btor: Warning: No driver for signal \bb.core.dpath.csr._T_1149 [39:32].
SBY 21:57:00 [cover_btor] btor: Warning: No driver for signal \bb.core.dpath.csr._T_1151 [39:32].
SBY 21:57:00 [cover_btor] btor: Warning: No driver for signal \bb.core.dpath.csr._T_1153 [39:32].
SBY 21:57:00 [cover_btor] btor: Warning: No driver for signal \bb.core.dpath.csr._T_1155 [39:32].
SBY 21:57:00 [cover_btor] btor: Warning: No driver for signal \bb.core.dpath.csr._T_1160 [63:32].
SBY 21:57:00 [cover_btor] btor: Warning: No driver for signal \bb.core.dpath.csr._T_1161 [63:32].
SBY 21:57:00 [cover_btor] btor: Warning: No driver for signal \bb.core.dpath.csr._T_1164 [63:32].
SBY 21:57:00 [cover_btor] btor: Warning: No driver for signal \bb.core.dpath.csr._T_1165 [63:32].
SBY 21:57:00 [cover_btor] btor: Warning: No driver for signal \bb.core.dpath.csr._T_1166 [63:32].
SBY 21:57:00 [cover_btor] btor: Warning: No driver for signal \bb.core.dpath.csr._T_1167 [63:32].
SBY 21:57:00 [cover_btor] btor: Warning: No driver for signal \bb.core.dpath.csr._T_1168 [63:32].
SBY 21:57:00 [cover_btor] btor: Warning: No driver for signal \bb.core.dpath.csr._T_1169 [63:32].
SBY 21:57:00 [cover_btor] btor: Warning: No driver for signal \bb.core.dpath.csr._T_1170 [63:32].
SBY 21:57:00 [cover_btor] btor: Warning: No driver for signal \bb.core.dpath.csr._T_1172 [63:32].
SBY 21:57:00 [cover_btor] btor: Warning: No driver for signal \bb.core.dpath.csr._T_1174 [63:32].
SBY 21:57:00 [cover_btor] btor: Warning: No driver for signal \bb.core.dpath.csr._T_1175 [63:32].
SBY 21:57:00 [cover_btor] btor: Warning: No driver for signal \bb.core.dpath.csr._T_1176 [63:32].
SBY 21:57:00 [cover_btor] btor: Warning: No driver for signal \bb.core.dpath.csr._T_1177 [63:32].
SBY 21:57:00 [cover_btor] btor: Warning: No driver for signal \bb.core.dpath.csr._T_1178 [63:32].
SBY 21:57:00 [cover_btor] btor: Warning: No driver for signal \bb.core.dpath.csr._T_1179 [63:32].
SBY 21:57:00 [cover_btor] btor: Warning: No driver for signal \bb.core.dpath.csr._T_1180 [63:32].
SBY 21:57:00 [cover_btor] btor: Warning: No driver for signal \bb.core.dpath.csr._T_1181 [63:32].
SBY 21:57:00 [cover_btor] btor: Warning: No driver for signal \bb.core.dpath.csr._T_1182 [63:32].
SBY 21:57:00 [cover_btor] btor: Warning: No driver for signal \bb.core.dpath.csr._T_1183 [63:32].
SBY 21:57:00 [cover_btor] btor: Warning: No driver for signal \bb.core.dpath.csr._T_1184 [63:32].
SBY 21:57:00 [cover_btor] btor: Warning: No driver for signal \bb.core.dpath.csr._T_1185 [63:32].
SBY 21:57:00 [cover_btor] btor: Warning: No driver for signal \bb.core.dpath.csr._T_1186 [63:32].
SBY 21:57:00 [cover_btor] btor: Warning: No driver for signal \bb.core.dpath.csr._T_1187 [63:32].
SBY 21:57:00 [cover_btor] btor: Warning: No driver for signal \bb.core.dpath.csr._T_1188 [63:32].
SBY 21:57:00 [cover_btor] btor: Warning: No driver for signal \bb.core.dpath.csr._T_1189 [63:32].
SBY 21:57:00 [cover_btor] btor: Warning: No driver for signal \bb.core.dpath.csr._T_1190 [63:32].
SBY 21:57:00 [cover_btor] btor: Warning: No driver for signal \bb.core.dpath.csr._T_1191 [63:32].
SBY 21:57:00 [cover_btor] btor: Warning: No driver for signal \bb.core.dpath.csr._T_1192 [63:32].
SBY 21:57:00 [cover_btor] btor: Warning: No driver for signal \bb.core.dpath.csr._T_1193 [63:32].
SBY 21:57:00 [cover_btor] btor: Warning: No driver for signal \bb.core.dpath.csr._T_1194 [63:32].
SBY 21:57:00 [cover_btor] btor: Warning: No driver for signal \bb.core.dpath.csr._T_1195 [63:32].
SBY 21:57:00 [cover_btor] btor: Warning: No driver for signal \bb.core.dpath.csr._T_1196 [63:32].
SBY 21:57:00 [cover_btor] btor: Warning: No driver for signal \bb.core.dpath.csr._T_1197 [63:32].
SBY 21:57:00 [cover_btor] btor: Warning: No driver for signal \bb.core.dpath.csr._T_1198 [63:32].
SBY 21:57:00 [cover_btor] btor: Warning: No driver for signal \bb.core.dpath.csr._T_1199 [63:32].
SBY 21:57:00 [cover_btor] btor: Warning: No driver for signal \bb.core.dpath.csr._T_1200 [63:32].
SBY 21:57:00 [cover_btor] btor: Warning: No driver for signal \bb.core.dpath.csr._T_1201 [63:32].
SBY 21:57:00 [cover_btor] btor: Warning: No driver for signal \bb.core.dpath.csr._T_1202 [63:32].
SBY 21:57:00 [cover_btor] btor: Warning: No driver for signal \bb.core.dpath.csr._T_1203 [63:32].
SBY 21:57:00 [cover_btor] btor: Warning: No driver for signal \bb.core.dpath.csr._T_1204 [63:32].
SBY 21:57:00 [cover_btor] btor: Warning: No driver for signal \bb.core.dpath.csr._T_1205 [63:32].
SBY 21:57:00 [cover_btor] btor: Warning: No driver for signal \bb.core.dpath.csr._T_1206 [63:32].
SBY 21:57:00 [cover_btor] btor: Warning: No driver for signal \bb.core.dpath.csr._T_1207 [63:32].
SBY 21:57:00 [cover_btor] btor: Warning: No driver for signal \bb.core.dpath.csr._T_1208 [63:32].
SBY 21:57:00 [cover_btor] btor: Warning: No driver for signal \bb.core.dpath.csr._T_1209 [63:32].
SBY 21:57:00 [cover_btor] btor: Warning: No driver for signal \bb.core.dpath.csr._T_1210 [63:32].
SBY 21:57:00 [cover_btor] btor: Warning: No driver for signal \bb.core.dpath.csr._T_1211 [63:32].
SBY 21:57:00 [cover_btor] btor: Warning: No driver for signal \bb.core.dpath.csr._T_1212 [63:32].
SBY 21:57:00 [cover_btor] btor: Warning: No driver for signal \bb.core.dpath.csr._T_1213 [63:32].
SBY 21:57:00 [cover_btor] btor: Warning: No driver for signal \bb.core.dpath.csr._T_1214 [63:32].
SBY 21:57:00 [cover_btor] btor: Warning: No driver for signal \bb.core.dpath.csr._T_1215 [63:32].
SBY 21:57:00 [cover_btor] btor: Warning: No driver for signal \bb.core.dpath.csr._T_1216 [63:32].
SBY 21:57:00 [cover_btor] btor: Warning: No driver for signal \bb.core.dpath.csr._T_1217 [63:32].
SBY 21:57:00 [cover_btor] btor: Warning: No driver for signal \bb.core.dpath.csr._T_1218 [63:32].
SBY 21:57:00 [cover_btor] btor: Warning: No driver for signal \bb.core.dpath.csr._T_1219 [63:32].
SBY 21:57:00 [cover_btor] btor: Warning: No driver for signal \bb.core.dpath.csr._T_1220 [63:32].
SBY 21:57:00 [cover_btor] btor: Warning: No driver for signal \bb.core.dpath.csr._T_1221 [63:32].
SBY 21:57:00 [cover_btor] btor: Warning: No driver for signal \bb.core.dpath.csr._T_1222 [63:32].
SBY 21:57:00 [cover_btor] btor: Warning: No driver for signal \bb.core.dpath.csr._T_1223 [63:32].
SBY 21:57:00 [cover_btor] btor: Warning: No driver for signal \bb.core.dpath.csr._T_1224 [63:32].
SBY 21:57:00 [cover_btor] btor: Warning: No driver for signal \bb.core.dpath.csr._T_1225 [63:32].
SBY 21:57:00 [cover_btor] btor: Warning: No driver for signal \bb.core.dpath.csr._T_1226 [63:32].
SBY 21:57:00 [cover_btor] btor: Warning: No driver for signal \bb.core.dpath.csr._T_1227 [63:32].
SBY 21:57:00 [cover_btor] btor: Warning: No driver for signal \bb.core.dpath.csr._T_1228 [63:32].
SBY 21:57:00 [cover_btor] btor: Warning: No driver for signal \bb.core.dpath.csr._T_1229 [63:32].
SBY 21:57:00 [cover_btor] btor: Warning: No driver for signal \bb.core.dpath.csr._T_1230 [63:32].
SBY 21:57:00 [cover_btor] btor: Warning: No driver for signal \bb.core.dpath.csr._T_1231 [63:32].
SBY 21:57:00 [cover_btor] btor: Warning: No driver for signal \bb.core.dpath.csr._T_1232 [63:32].
SBY 21:57:00 [cover_btor] btor: Warning: No driver for signal \bb.core.dpath.csr._T_1233 [63:32].
SBY 21:57:00 [cover_btor] btor: Warning: No driver for signal \bb.core.dpath.csr._T_1234 [63:32].
SBY 21:57:00 [cover_btor] btor: Warning: No driver for signal \bb.core.dpath.csr._T_1235 [63:32].
SBY 21:57:00 [cover_btor] btor: Warning: No driver for signal \bb.core.dpath.csr._T_1236 [63:32].
SBY 21:57:00 [cover_btor] btor: Warning: No driver for signal \bb.core.dpath.csr._T_1237 [63:32].
SBY 21:57:00 [cover_btor] btor: Warning: No driver for signal \bb.core.dpath.csr._T_1238 [63:32].
SBY 21:57:00 [cover_btor] btor: Warning: No driver for signal \bb.core.dpath.csr._T_1239 [63:32].
SBY 21:57:00 [cover_btor] btor: Warning: No driver for signal \bb.core.dpath.csr._T_1240 [63:32].
SBY 21:57:00 [cover_btor] btor: Warning: No driver for signal \bb.core.dpath.csr._T_1241 [63:32].
SBY 21:57:00 [cover_btor] btor: Warning: No driver for signal \bb.core.dpath.mem_sparse._T_524 [5].
SBY 21:57:00 [cover_btor] btor: Warning: No driver for signal \bb.core.dpath.mem_sparse._T_652 [5].
SBY 21:57:00 [cover_btor] btor: Warning: No driver for signal \bb.memory._T_277 [62:32].
SBY 21:57:00 [cover_btor] btor: Warning: No driver for signal \bb.memory.sync_data.mem_sparse._T_652 [5].
SBY 21:57:00 [cover_btor] btor: Warning: No driver for signal \bb.memory.sync_data.mem_sparse_0._T_652 [5].
SBY 21:57:00 [cover_btor] btor: Warning: No driver for signal \bb.memory.sync_data.mem_sparse_1._T_652 [5].
SBY 21:57:00 [cover_btor] btor: Warning: No driver for signal \bb.memory.sync_data.mem_sparse_2._T_652 [5].
SBY 21:57:00 [cover_btor] btor: finished (returncode=0)
SBY 21:57:00 [cover_btor] engine_0: starting process &quot;cd cover_btor; btormc --stop-first 0 -v 1 -kmax 99 model/design_btor.btor&quot;
SBY 21:57:01 [cover_btor] engine_0: [btor&gt;mc] calling BMC on 374 properties from bound 0 up-to maximum bound k = 99
SBY 21:57:01 [cover_btor] engine_0: [btor&gt;mc] bad state property 0 at bound k = 0 UNSATISFIABLE
SBY 21:57:01 [cover_btor] engine_0: [btor&gt;mc] bad state property 1 at bound k = 0 UNSATISFIABLE
SBY 21:57:01 [cover_btor] engine_0: [btor&gt;mc] bad state property 2 at bound k = 0 UNSATISFIABLE
SBY 21:57:02 [cover_btor] engine_0: [btor&gt;mc] bad state property 3 at bound k = 0 UNSATISFIABLE
SBY 21:57:02 [cover_btor] engine_0: [btor&gt;mc] bad state property 4 at bound k = 0 UNSATISFIABLE
SBY 21:57:02 [cover_btor] engine_0: [btor&gt;mc] bad state property 5 at bound k = 0 UNSATISFIABLE
SBY 21:57:02 [cover_btor] engine_0: [btor&gt;mc] bad state property 6 at bound k = 0 UNSATISFIABLE
SBY 21:57:02 [cover_btor] engine_0: [btor&gt;mc] bad state property 7 at bound k = 0 UNSATISFIABLE
SBY 21:57:02 [cover_btor] engine_0: [btor&gt;mc] bad state property 8 at bound k = 0 UNSATISFIABLE
SBY 21:57:02 [cover_btor] engine_0: [btor&gt;mc] bad state property 9 at bound k = 0 UNSATISFIABLE
SBY 21:57:02 [cover_btor] engine_0: [btor&gt;mc] bad state property 10 at bound k = 0 UNSATISFIABLE
SBY 21:57:02 [cover_btor] engine_0: [btor&gt;mc] bad state property 11 at bound k = 0 UNSATISFIABLE
SBY 21:57:02 [cover_btor] engine_0: [btor&gt;mc] bad state property 12 at bound k = 0 UNSATISFIABLE
SBY 21:57:02 [cover_btor] engine_0: [btor&gt;mc] bad state property 13 at bound k = 0 UNSATISFIABLE
SBY 21:57:02 [cover_btor] engine_0: [btor&gt;mc] bad state property 14 at bound k = 0 UNSATISFIABLE
SBY 21:57:02 [cover_btor] engine_0: [btor&gt;mc] bad state property 15 at bound k = 0 UNSATISFIABLE
SBY 21:57:02 [cover_btor] engine_0: [btor&gt;mc] bad state property 16 at bound k = 0 UNSATISFIABLE
SBY 21:57:02 [cover_btor] engine_0: [btor&gt;mc] bad state property 17 at bound k = 0 UNSATISFIABLE
SBY 21:57:02 [cover_btor] engine_0: [btor&gt;mc] bad state property 18 at bound k = 0 UNSATISFIABLE
SBY 21:57:02 [cover_btor] engine_0: [btor&gt;mc] bad state property 19 at bound k = 0 UNSATISFIABLE
SBY 21:57:02 [cover_btor] engine_0: [btor&gt;mc] bad state property 20 at bound k = 0 UNSATISFIABLE
SBY 21:57:02 [cover_btor] engine_0: [btor&gt;mc] bad state property 21 at bound k = 0 UNSATISFIABLE
SBY 21:57:02 [cover_btor] engine_0: [btor&gt;mc] bad state property 22 at bound k = 0 UNSATISFIABLE
SBY 21:57:02 [cover_btor] engine_0: [btor&gt;mc] bad state property 23 at bound k = 0 UNSATISFIABLE
SBY 21:57:02 [cover_btor] engine_0: [btor&gt;mc] bad state property 24 at bound k = 0 UNSATISFIABLE
SBY 21:57:02 [cover_btor] engine_0: [btor&gt;mc] bad state property 25 at bound k = 0 UNSATISFIABLE
SBY 21:57:02 [cover_btor] engine_0: [btor&gt;mc] bad state property 26 at bound k = 0 UNSATISFIABLE
SBY 21:57:02 [cover_btor] engine_0: [btor&gt;mc] bad state property 27 at bound k = 0 UNSATISFIABLE
SBY 21:57:02 [cover_btor] engine_0: [btor&gt;mc] bad state property 28 at bound k = 0 UNSATISFIABLE
SBY 21:57:02 [cover_btor] engine_0: [btor&gt;mc] bad state property 29 at bound k = 0 UNSATISFIABLE
SBY 21:57:02 [cover_btor] engine_0: [btor&gt;mc] bad state property 30 at bound k = 0 UNSATISFIABLE
SBY 21:57:02 [cover_btor] engine_0: [btor&gt;mc] bad state property 31 at bound k = 0 UNSATISFIABLE
SBY 21:57:02 [cover_btor] engine_0: [btor&gt;mc] bad state property 32 at bound k = 0 UNSATISFIABLE
SBY 21:57:02 [cover_btor] engine_0: [btor&gt;mc] bad state property 33 at bound k = 0 UNSATISFIABLE
SBY 21:57:02 [cover_btor] engine_0: [btor&gt;mc] bad state property 34 at bound k = 0 UNSATISFIABLE
SBY 21:57:02 [cover_btor] engine_0: [btor&gt;mc] bad state property 35 at bound k = 0 UNSATISFIABLE
SBY 21:57:02 [cover_btor] engine_0: [btor&gt;mc] bad state property 36 at bound k = 0 UNSATISFIABLE
SBY 21:57:02 [cover_btor] engine_0: [btor&gt;mc] bad state property 37 at bound k = 0 UNSATISFIABLE
SBY 21:57:02 [cover_btor] engine_0: [btor&gt;mc] bad state property 38 at bound k = 0 UNSATISFIABLE
SBY 21:57:02 [cover_btor] engine_0: [btor&gt;mc] bad state property 39 at bound k = 0 UNSATISFIABLE
SBY 21:57:02 [cover_btor] engine_0: [btor&gt;mc] bad state property 40 at bound k = 0 UNSATISFIABLE
SBY 21:57:02 [cover_btor] engine_0: [btor&gt;mc] bad state property 41 at bound k = 0 UNSATISFIABLE
SBY 21:57:02 [cover_btor] engine_0: [btor&gt;mc] bad state property 42 at bound k = 0 UNSATISFIABLE
SBY 21:57:02 [cover_btor] engine_0: [btor&gt;mc] bad state property 43 at bound k = 0 UNSATISFIABLE
SBY 21:57:02 [cover_btor] engine_0: [btor&gt;mc] bad state property 44 at bound k = 0 UNSATISFIABLE
SBY 21:57:02 [cover_btor] engine_0: [btor&gt;mc] bad state property 45 at bound k = 0 UNSATISFIABLE
SBY 21:57:02 [cover_btor] engine_0: [btor&gt;mc] bad state property 46 at bound k = 0 UNSATISFIABLE
SBY 21:57:02 [cover_btor] engine_0: [btor&gt;mc] bad state property 47 at bound k = 0 UNSATISFIABLE
SBY 21:57:02 [cover_btor] engine_0: [btor&gt;mc] bad state property 48 at bound k = 0 UNSATISFIABLE
SBY 21:57:02 [cover_btor] engine_0: [btor&gt;mc] bad state property 49 at bound k = 0 UNSATISFIABLE
SBY 21:57:02 [cover_btor] engine_0: [btor&gt;mc] bad state property 50 at bound k = 0 UNSATISFIABLE
SBY 21:57:02 [cover_btor] engine_0: [btor&gt;mc] bad state property 51 at bound k = 0 UNSATISFIABLE
SBY 21:57:02 [cover_btor] engine_0: [btor&gt;mc] bad state property 52 at bound k = 0 UNSATISFIABLE
SBY 21:57:02 [cover_btor] engine_0: [btor&gt;mc] bad state property 53 at bound k = 0 UNSATISFIABLE
SBY 21:57:02 [cover_btor] engine_0: [btor&gt;mc] bad state property 54 at bound k = 0 UNSATISFIABLE
SBY 21:57:02 [cover_btor] engine_0: [btor&gt;mc] bad state property 55 at bound k = 0 UNSATISFIABLE
SBY 21:57:02 [cover_btor] engine_0: [btor&gt;mc] bad state property 56 at bound k = 0 UNSATISFIABLE
SBY 21:57:02 [cover_btor] engine_0: [btor&gt;mc] bad state property 57 at bound k = 0 UNSATISFIABLE
SBY 21:57:02 [cover_btor] engine_0: [btor&gt;mc] bad state property 58 at bound k = 0 UNSATISFIABLE
SBY 21:57:02 [cover_btor] engine_0: [btor&gt;mc] bad state property 59 at bound k = 0 UNSATISFIABLE
SBY 21:57:02 [cover_btor] engine_0: [btor&gt;mc] bad state property 60 at bound k = 0 UNSATISFIABLE
SBY 21:57:02 [cover_btor] engine_0: [btor&gt;mc] bad state property 61 at bound k = 0 UNSATISFIABLE
SBY 21:57:02 [cover_btor] engine_0: [btor&gt;mc] bad state property 62 at bound k = 0 UNSATISFIABLE
SBY 21:57:02 [cover_btor] engine_0: [btor&gt;mc] bad state property 63 at bound k = 0 UNSATISFIABLE
SBY 21:57:02 [cover_btor] engine_0: [btor&gt;mc] bad state property 64 at bound k = 0 UNSATISFIABLE
SBY 21:57:02 [cover_btor] engine_0: [btor&gt;mc] bad state property 65 at bound k = 0 UNSATISFIABLE
SBY 21:57:02 [cover_btor] engine_0: [btor&gt;mc] bad state property 66 at bound k = 0 UNSATISFIABLE
SBY 21:57:02 [cover_btor] engine_0: [btor&gt;mc] bad state property 67 at bound k = 0 UNSATISFIABLE
SBY 21:57:02 [cover_btor] engine_0: [btor&gt;mc] bad state property 68 at bound k = 0 UNSATISFIABLE
SBY 21:57:02 [cover_btor] engine_0: [btor&gt;mc] bad state property 69 at bound k = 0 UNSATISFIABLE
SBY 21:57:02 [cover_btor] engine_0: [btor&gt;mc] bad state property 70 at bound k = 0 UNSATISFIABLE
SBY 21:57:02 [cover_btor] engine_0: [btor&gt;mc] bad state property 71 at bound k = 0 UNSATISFIABLE
SBY 21:57:02 [cover_btor] engine_0: [btor&gt;mc] bad state property 72 at bound k = 0 UNSATISFIABLE
SBY 21:57:02 [cover_btor] engine_0: [btor&gt;mc] bad state property 73 at bound k = 0 UNSATISFIABLE
SBY 21:57:02 [cover_btor] engine_0: [btor&gt;mc] bad state property 74 at bound k = 0 UNSATISFIABLE
SBY 21:57:02 [cover_btor] engine_0: [btor&gt;mc] bad state property 75 at bound k = 0 UNSATISFIABLE
SBY 21:57:02 [cover_btor] engine_0: [btor&gt;mc] bad state property 76 at bound k = 0 UNSATISFIABLE
SBY 21:57:02 [cover_btor] engine_0: [btor&gt;mc] bad state property 77 at bound k = 0 UNSATISFIABLE
SBY 21:57:02 [cover_btor] engine_0: [btor&gt;mc] bad state property 78 at bound k = 0 UNSATISFIABLE
SBY 21:57:02 [cover_btor] engine_0: [btor&gt;mc] bad state property 79 at bound k = 0 UNSATISFIABLE
SBY 21:57:02 [cover_btor] engine_0: [btor&gt;mc] bad state property 80 at bound k = 0 UNSATISFIABLE
SBY 21:57:02 [cover_btor] engine_0: [btor&gt;mc] bad state property 81 at bound k = 0 UNSATISFIABLE
SBY 21:57:02 [cover_btor] engine_0: [btor&gt;mc] bad state property 82 at bound k = 0 UNSATISFIABLE
SBY 21:57:02 [cover_btor] engine_0: [btor&gt;mc] bad state property 83 at bound k = 0 UNSATISFIABLE
SBY 21:57:02 [cover_btor] engine_0: [btor&gt;mc] bad state property 84 at bound k = 0 UNSATISFIABLE
SBY 21:57:02 [cover_btor] engine_0: [btor&gt;mc] bad state property 85 at bound k = 0 UNSATISFIABLE
SBY 21:57:02 [cover_btor] engine_0: [btor&gt;mc] bad state property 86 at bound k = 0 UNSATISFIABLE
SBY 21:57:02 [cover_btor] engine_0: [btor&gt;mc] bad state property 87 at bound k = 0 UNSATISFIABLE
SBY 21:57:02 [cover_btor] engine_0: [btor&gt;mc] bad state property 88 at bound k = 0 UNSATISFIABLE
SBY 21:57:02 [cover_btor] engine_0: [btor&gt;mc] bad state property 89 at bound k = 0 UNSATISFIABLE
SBY 21:57:02 [cover_btor] engine_0: [btor&gt;mc] bad state property 90 at bound k = 0 UNSATISFIABLE
SBY 21:57:02 [cover_btor] engine_0: [btor&gt;mc] bad state property 91 at bound k = 0 UNSATISFIABLE
SBY 21:57:02 [cover_btor] engine_0: [btor&gt;mc] bad state property 92 at bound k = 0 UNSATISFIABLE
SBY 21:57:02 [cover_btor] engine_0: [btor&gt;mc] bad state property 93 at bound k = 0 UNSATISFIABLE
SBY 21:57:02 [cover_btor] engine_0: [btor&gt;mc] bad state property 94 at bound k = 0 UNSATISFIABLE
SBY 21:57:02 [cover_btor] engine_0: [btor&gt;mc] bad state property 95 at bound k = 0 UNSATISFIABLE
SBY 21:57:02 [cover_btor] engine_0: [btor&gt;mc] bad state property 96 at bound k = 0 UNSATISFIABLE
SBY 21:57:02 [cover_btor] engine_0: [btor&gt;mc] bad state property 97 at bound k = 0 UNSATISFIABLE
SBY 21:57:02 [cover_btor] engine_0: [btor&gt;mc] bad state property 98 at bound k = 0 UNSATISFIABLE
SBY 21:57:02 [cover_btor] engine_0: [btor&gt;mc] bad state property 99 at bound k = 0 UNSATISFIABLE
SBY 21:57:02 [cover_btor] engine_0: [btor&gt;mc] bad state property 100 at bound k = 0 UNSATISFIABLE
SBY 21:57:02 [cover_btor] engine_0: [btor&gt;mc] bad state property 101 at bound k = 0 UNSATISFIABLE
SBY 21:57:02 [cover_btor] engine_0: [btor&gt;mc] bad state property 102 at bound k = 0 UNSATISFIABLE
SBY 21:57:02 [cover_btor] engine_0: [btor&gt;mc] bad state property 103 at bound k = 0 UNSATISFIABLE
SBY 21:57:02 [cover_btor] engine_0: [btor&gt;mc] bad state property 104 at bound k = 0 UNSATISFIABLE
SBY 21:57:02 [cover_btor] engine_0: [btor&gt;mc] bad state property 105 at bound k = 0 UNSATISFIABLE
SBY 21:57:02 [cover_btor] engine_0: [btor&gt;mc] bad state property 106 at bound k = 0 UNSATISFIABLE
SBY 21:57:02 [cover_btor] engine_0: [btor&gt;mc] bad state property 107 at bound k = 0 UNSATISFIABLE
SBY 21:57:02 [cover_btor] engine_0: [btor&gt;mc] bad state property 108 at bound k = 0 UNSATISFIABLE
SBY 21:57:02 [cover_btor] engine_0: [btor&gt;mc] bad state property 109 at bound k = 0 UNSATISFIABLE
SBY 21:57:02 [cover_btor] engine_0: [btor&gt;mc] bad state property 110 at bound k = 0 UNSATISFIABLE
SBY 21:57:02 [cover_btor] engine_0: [btor&gt;mc] bad state property 111 at bound k = 0 UNSATISFIABLE
SBY 21:57:02 [cover_btor] engine_0: [btor&gt;mc] bad state property 112 at bound k = 0 UNSATISFIABLE
SBY 21:57:02 [cover_btor] engine_0: [btor&gt;mc] bad state property 113 at bound k = 0 UNSATISFIABLE
SBY 21:57:02 [cover_btor] engine_0: [btor&gt;mc] bad state property 114 at bound k = 0 UNSATISFIABLE
SBY 21:57:02 [cover_btor] engine_0: [btor&gt;mc] bad state property 115 at bound k = 0 UNSATISFIABLE
SBY 21:57:02 [cover_btor] engine_0: [btor&gt;mc] bad state property 116 at bound k = 0 UNSATISFIABLE
SBY 21:57:02 [cover_btor] engine_0: [btor&gt;mc] bad state property 117 at bound k = 0 UNSATISFIABLE
SBY 21:57:02 [cover_btor] engine_0: [btor&gt;mc] bad state property 118 at bound k = 0 UNSATISFIABLE
SBY 21:57:02 [cover_btor] engine_0: [btor&gt;mc] bad state property 119 at bound k = 0 UNSATISFIABLE
SBY 21:57:02 [cover_btor] engine_0: [btor&gt;mc] bad state property 120 at bound k = 0 UNSATISFIABLE
SBY 21:57:02 [cover_btor] engine_0: [btor&gt;mc] bad state property 121 at bound k = 0 UNSATISFIABLE
SBY 21:57:02 [cover_btor] engine_0: [btor&gt;mc] bad state property 122 at bound k = 0 UNSATISFIABLE
SBY 21:57:02 [cover_btor] engine_0: [btor&gt;mc] bad state property 123 at bound k = 0 UNSATISFIABLE
SBY 21:57:02 [cover_btor] engine_0: [btor&gt;mc] bad state property 124 at bound k = 0 UNSATISFIABLE
SBY 21:57:02 [cover_btor] engine_0: [btor&gt;mc] bad state property 125 at bound k = 0 UNSATISFIABLE
SBY 21:57:02 [cover_btor] engine_0: [btor&gt;mc] bad state property 126 at bound k = 0 UNSATISFIABLE
SBY 21:57:02 [cover_btor] engine_0: [btor&gt;mc] bad state property 127 at bound k = 0 UNSATISFIABLE
SBY 21:57:02 [cover_btor] engine_0: [btor&gt;mc] bad state property 128 at bound k = 0 UNSATISFIABLE
SBY 21:57:02 [cover_btor] engine_0: [btor&gt;mc] bad state property 129 at bound k = 0 UNSATISFIABLE
SBY 21:57:02 [cover_btor] engine_0: [btor&gt;mc] bad state property 130 at bound k = 0 UNSATISFIABLE
SBY 21:57:02 [cover_btor] engine_0: [btor&gt;mc] bad state property 131 at bound k = 0 UNSATISFIABLE
SBY 21:57:02 [cover_btor] engine_0: [btor&gt;mc] bad state property 132 at bound k = 0 UNSATISFIABLE
SBY 21:57:02 [cover_btor] engine_0: [btor&gt;mc] bad state property 133 at bound k = 0 UNSATISFIABLE
SBY 21:57:02 [cover_btor] engine_0: [btor&gt;mc] bad state property 134 at bound k = 0 UNSATISFIABLE
SBY 21:57:02 [cover_btor] engine_0: [btor&gt;mc] bad state property 135 at bound k = 0 UNSATISFIABLE
SBY 21:57:02 [cover_btor] engine_0: [btor&gt;mc] bad state property 136 at bound k = 0 UNSATISFIABLE
SBY 21:57:02 [cover_btor] engine_0: [btor&gt;mc] bad state property 137 at bound k = 0 UNSATISFIABLE
SBY 21:57:02 [cover_btor] engine_0: [btor&gt;mc] bad state property 138 at bound k = 0 UNSATISFIABLE
SBY 21:57:02 [cover_btor] engine_0: [btor&gt;mc] bad state property 139 at bound k = 0 UNSATISFIABLE
SBY 21:57:02 [cover_btor] engine_0: [btor&gt;mc] bad state property 140 at bound k = 0 UNSATISFIABLE
SBY 21:57:02 [cover_btor] engine_0: [btor&gt;mc] bad state property 141 at bound k = 0 UNSATISFIABLE
SBY 21:57:02 [cover_btor] engine_0: [btor&gt;mc] bad state property 142 at bound k = 0 UNSATISFIABLE
SBY 21:57:02 [cover_btor] engine_0: [btor&gt;mc] bad state property 143 at bound k = 0 UNSATISFIABLE
SBY 21:57:02 [cover_btor] engine_0: [btor&gt;mc] bad state property 144 at bound k = 0 UNSATISFIABLE
SBY 21:57:02 [cover_btor] engine_0: [btor&gt;mc] bad state property 145 at bound k = 0 UNSATISFIABLE
SBY 21:57:02 [cover_btor] engine_0: [btor&gt;mc] bad state property 146 at bound k = 0 UNSATISFIABLE
SBY 21:57:02 [cover_btor] engine_0: [btor&gt;mc] bad state property 147 at bound k = 0 UNSATISFIABLE
SBY 21:57:02 [cover_btor] engine_0: [btor&gt;mc] bad state property 148 at bound k = 0 UNSATISFIABLE
SBY 21:57:02 [cover_btor] engine_0: [btor&gt;mc] bad state property 149 at bound k = 0 UNSATISFIABLE
SBY 21:57:02 [cover_btor] engine_0: [btor&gt;mc] bad state property 150 at bound k = 0 UNSATISFIABLE
SBY 21:57:02 [cover_btor] engine_0: [btor&gt;mc] bad state property 151 at bound k = 0 UNSATISFIABLE
SBY 21:57:02 [cover_btor] engine_0: [btor&gt;mc] bad state property 152 at bound k = 0 UNSATISFIABLE
SBY 21:57:02 [cover_btor] engine_0: [btor&gt;mc] bad state property 153 at bound k = 0 UNSATISFIABLE
SBY 21:57:02 [cover_btor] engine_0: [btor&gt;mc] bad state property 154 at bound k = 0 UNSATISFIABLE
SBY 21:57:02 [cover_btor] engine_0: [btor&gt;mc] bad state property 155 at bound k = 0 UNSATISFIABLE
SBY 21:57:02 [cover_btor] engine_0: [btor&gt;mc] bad state property 156 at bound k = 0 UNSATISFIABLE
SBY 21:57:02 [cover_btor] engine_0: [btor&gt;mc] bad state property 157 at bound k = 0 UNSATISFIABLE
SBY 21:57:02 [cover_btor] engine_0: [btor&gt;mc] bad state property 158 at bound k = 0 UNSATISFIABLE
SBY 21:57:02 [cover_btor] engine_0: [btor&gt;mc] bad state property 159 at bound k = 0 UNSATISFIABLE
SBY 21:57:02 [cover_btor] engine_0: [btor&gt;mc] bad state property 160 at bound k = 0 UNSATISFIABLE
SBY 21:57:02 [cover_btor] engine_0: [btor&gt;mc] bad state property 161 at bound k = 0 UNSATISFIABLE
SBY 21:57:02 [cover_btor] engine_0: [btor&gt;mc] bad state property 162 at bound k = 0 UNSATISFIABLE
SBY 21:57:02 [cover_btor] engine_0: [btor&gt;mc] bad state property 163 at bound k = 0 UNSATISFIABLE
SBY 21:57:02 [cover_btor] engine_0: [btor&gt;mc] bad state property 164 at bound k = 0 UNSATISFIABLE
SBY 21:57:02 [cover_btor] engine_0: [btor&gt;mc] bad state property 165 at bound k = 0 UNSATISFIABLE
SBY 21:57:02 [cover_btor] engine_0: [btor&gt;mc] bad state property 166 at bound k = 0 UNSATISFIABLE
SBY 21:57:02 [cover_btor] engine_0: [btor&gt;mc] bad state property 167 at bound k = 0 UNSATISFIABLE
SBY 21:57:02 [cover_btor] engine_0: [btor&gt;mc] bad state property 168 at bound k = 0 UNSATISFIABLE
SBY 21:57:02 [cover_btor] engine_0: [btor&gt;mc] bad state property 169 at bound k = 0 UNSATISFIABLE
SBY 21:57:02 [cover_btor] engine_0: [btor&gt;mc] bad state property 170 at bound k = 0 UNSATISFIABLE
SBY 21:57:02 [cover_btor] engine_0: [btor&gt;mc] bad state property 171 at bound k = 0 UNSATISFIABLE
SBY 21:57:02 [cover_btor] engine_0: [btor&gt;mc] bad state property 172 at bound k = 0 UNSATISFIABLE
SBY 21:57:02 [cover_btor] engine_0: [btor&gt;mc] bad state property 173 at bound k = 0 UNSATISFIABLE
SBY 21:57:02 [cover_btor] engine_0: [btor&gt;mc] bad state property 174 at bound k = 0 UNSATISFIABLE
SBY 21:57:02 [cover_btor] engine_0: [btor&gt;mc] bad state property 175 at bound k = 0 UNSATISFIABLE
SBY 21:57:02 [cover_btor] engine_0: [btor&gt;mc] bad state property 176 at bound k = 0 UNSATISFIABLE
SBY 21:57:02 [cover_btor] engine_0: [btor&gt;mc] bad state property 177 at bound k = 0 UNSATISFIABLE
SBY 21:57:02 [cover_btor] engine_0: [btor&gt;mc] bad state property 178 at bound k = 0 UNSATISFIABLE
SBY 21:57:02 [cover_btor] engine_0: [btor&gt;mc] bad state property 179 at bound k = 0 UNSATISFIABLE
SBY 21:57:02 [cover_btor] engine_0: [btor&gt;mc] bad state property 180 at bound k = 0 UNSATISFIABLE
SBY 21:57:02 [cover_btor] engine_0: [btor&gt;mc] bad state property 181 at bound k = 0 UNSATISFIABLE
SBY 21:57:02 [cover_btor] engine_0: [btor&gt;mc] bad state property 182 at bound k = 0 UNSATISFIABLE
SBY 21:57:02 [cover_btor] engine_0: [btor&gt;mc] bad state property 183 at bound k = 0 UNSATISFIABLE
SBY 21:57:02 [cover_btor] engine_0: [btor&gt;mc] bad state property 184 at bound k = 0 UNSATISFIABLE
SBY 21:57:02 [cover_btor] engine_0: [btor&gt;mc] bad state property 185 at bound k = 0 UNSATISFIABLE
SBY 21:57:02 [cover_btor] engine_0: [btor&gt;mc] bad state property 186 at bound k = 0 UNSATISFIABLE
SBY 21:57:02 [cover_btor] engine_0: [btor&gt;mc] bad state property 187 at bound k = 0 UNSATISFIABLE
SBY 21:57:02 [cover_btor] engine_0: [btor&gt;mc] bad state property 188 at bound k = 0 UNSATISFIABLE
SBY 21:57:02 [cover_btor] engine_0: [btor&gt;mc] bad state property 189 at bound k = 0 UNSATISFIABLE
SBY 21:57:02 [cover_btor] engine_0: [btor&gt;mc] bad state property 190 at bound k = 0 UNSATISFIABLE
SBY 21:57:02 [cover_btor] engine_0: [btor&gt;mc] bad state property 191 at bound k = 0 UNSATISFIABLE
SBY 21:57:02 [cover_btor] engine_0: [btor&gt;mc] bad state property 192 at bound k = 0 UNSATISFIABLE
SBY 21:57:02 [cover_btor] engine_0: [btor&gt;mc] bad state property 193 at bound k = 0 UNSATISFIABLE
SBY 21:57:02 [cover_btor] engine_0: [btor&gt;mc] bad state property 194 at bound k = 0 UNSATISFIABLE
SBY 21:57:02 [cover_btor] engine_0: [btor&gt;mc] bad state property 195 at bound k = 0 UNSATISFIABLE
SBY 21:57:02 [cover_btor] engine_0: [btor&gt;mc] bad state property 196 at bound k = 0 UNSATISFIABLE
SBY 21:57:02 [cover_btor] engine_0: [btor&gt;mc] bad state property 197 at bound k = 0 UNSATISFIABLE
SBY 21:57:02 [cover_btor] engine_0: [btor&gt;mc] bad state property 198 at bound k = 0 UNSATISFIABLE
SBY 21:57:02 [cover_btor] engine_0: [btor&gt;mc] bad state property 199 at bound k = 0 UNSATISFIABLE
SBY 21:57:02 [cover_btor] engine_0: [btor&gt;mc] bad state property 200 at bound k = 0 UNSATISFIABLE
SBY 21:57:02 [cover_btor] engine_0: [btor&gt;mc] bad state property 201 at bound k = 0 UNSATISFIABLE
SBY 21:57:02 [cover_btor] engine_0: [btor&gt;mc] bad state property 202 at bound k = 0 UNSATISFIABLE
SBY 21:57:02 [cover_btor] engine_0: [btor&gt;mc] bad state property 203 at bound k = 0 UNSATISFIABLE
SBY 21:57:02 [cover_btor] engine_0: [btor&gt;mc] bad state property 204 at bound k = 0 UNSATISFIABLE
SBY 21:57:02 [cover_btor] engine_0: [btor&gt;mc] bad state property 205 at bound k = 0 UNSATISFIABLE
SBY 21:57:02 [cover_btor] engine_0: [btor&gt;mc] bad state property 206 at bound k = 0 UNSATISFIABLE
SBY 21:57:02 [cover_btor] engine_0: [btor&gt;mc] bad state property 207 at bound k = 0 UNSATISFIABLE
SBY 21:57:02 [cover_btor] engine_0: [btor&gt;mc] bad state property 208 at bound k = 0 UNSATISFIABLE
SBY 21:57:02 [cover_btor] engine_0: [btor&gt;mc] bad state property 209 at bound k = 0 UNSATISFIABLE
SBY 21:57:02 [cover_btor] engine_0: [btor&gt;mc] bad state property 210 at bound k = 0 UNSATISFIABLE
SBY 21:57:02 [cover_btor] engine_0: [btor&gt;mc] bad state property 211 at bound k = 0 UNSATISFIABLE
SBY 21:57:02 [cover_btor] engine_0: [btor&gt;mc] bad state property 212 at bound k = 0 UNSATISFIABLE
SBY 21:57:02 [cover_btor] engine_0: [btor&gt;mc] bad state property 213 at bound k = 0 UNSATISFIABLE
SBY 21:57:02 [cover_btor] engine_0: [btor&gt;mc] bad state property 214 at bound k = 0 UNSATISFIABLE
SBY 21:57:02 [cover_btor] engine_0: [btor&gt;mc] bad state property 215 at bound k = 0 UNSATISFIABLE
SBY 21:57:02 [cover_btor] engine_0: [btor&gt;mc] bad state property 216 at bound k = 0 UNSATISFIABLE
SBY 21:57:02 [cover_btor] engine_0: [btor&gt;mc] bad state property 217 at bound k = 0 UNSATISFIABLE
SBY 21:57:02 [cover_btor] engine_0: [btor&gt;mc] bad state property 218 at bound k = 0 UNSATISFIABLE
SBY 21:57:02 [cover_btor] engine_0: [btor&gt;mc] bad state property 219 at bound k = 0 UNSATISFIABLE
SBY 21:57:02 [cover_btor] engine_0: [btor&gt;mc] bad state property 220 at bound k = 0 UNSATISFIABLE
SBY 21:57:02 [cover_btor] engine_0: [btor&gt;mc] bad state property 221 at bound k = 0 UNSATISFIABLE
SBY 21:57:02 [cover_btor] engine_0: [btor&gt;mc] bad state property 222 at bound k = 0 UNSATISFIABLE
SBY 21:57:02 [cover_btor] engine_0: [btor&gt;mc] bad state property 223 at bound k = 0 UNSATISFIABLE
SBY 21:57:02 [cover_btor] engine_0: [btor&gt;mc] bad state property 224 at bound k = 0 UNSATISFIABLE
SBY 21:57:02 [cover_btor] engine_0: [btor&gt;mc] bad state property 225 at bound k = 0 UNSATISFIABLE
SBY 21:57:02 [cover_btor] engine_0: [btor&gt;mc] bad state property 226 at bound k = 0 UNSATISFIABLE
SBY 21:57:02 [cover_btor] engine_0: [btor&gt;mc] bad state property 227 at bound k = 0 UNSATISFIABLE
SBY 21:57:02 [cover_btor] engine_0: [btor&gt;mc] bad state property 228 at bound k = 0 UNSATISFIABLE
SBY 21:57:02 [cover_btor] engine_0: [btor&gt;mc] bad state property 229 at bound k = 0 UNSATISFIABLE
SBY 21:57:02 [cover_btor] engine_0: [btor&gt;mc] bad state property 230 at bound k = 0 UNSATISFIABLE
SBY 21:57:02 [cover_btor] engine_0: [btor&gt;mc] bad state property 231 at bound k = 0 UNSATISFIABLE
SBY 21:57:02 [cover_btor] engine_0: [btor&gt;mc] bad state property 232 at bound k = 0 UNSATISFIABLE
SBY 21:57:02 [cover_btor] engine_0: [btor&gt;mc] bad state property 233 at bound k = 0 UNSATISFIABLE
SBY 21:57:02 [cover_btor] engine_0: [btor&gt;mc] bad state property 234 at bound k = 0 UNSATISFIABLE
SBY 21:57:02 [cover_btor] engine_0: [btor&gt;mc] bad state property 235 at bound k = 0 UNSATISFIABLE
SBY 21:57:02 [cover_btor] engine_0: [btor&gt;mc] bad state property 236 at bound k = 0 UNSATISFIABLE
SBY 21:57:02 [cover_btor] engine_0: [btor&gt;mc] bad state property 237 at bound k = 0 UNSATISFIABLE
SBY 21:57:02 [cover_btor] engine_0: [btor&gt;mc] bad state property 238 at bound k = 0 UNSATISFIABLE
SBY 21:57:02 [cover_btor] engine_0: [btor&gt;mc] bad state property 239 at bound k = 0 UNSATISFIABLE
SBY 21:57:02 [cover_btor] engine_0: [btor&gt;mc] bad state property 240 at bound k = 0 UNSATISFIABLE
SBY 21:57:02 [cover_btor] engine_0: [btor&gt;mc] bad state property 241 at bound k = 0 UNSATISFIABLE
SBY 21:57:02 [cover_btor] engine_0: [btor&gt;mc] bad state property 242 at bound k = 0 UNSATISFIABLE
SBY 21:57:02 [cover_btor] engine_0: [btor&gt;mc] bad state property 243 at bound k = 0 UNSATISFIABLE
SBY 21:57:02 [cover_btor] engine_0: [btor&gt;mc] bad state property 244 at bound k = 0 UNSATISFIABLE
SBY 21:57:02 [cover_btor] engine_0: [btor&gt;mc] bad state property 245 at bound k = 0 UNSATISFIABLE
SBY 21:57:02 [cover_btor] engine_0: [btor&gt;mc] bad state property 246 at bound k = 0 UNSATISFIABLE
SBY 21:57:02 [cover_btor] engine_0: [btor&gt;mc] bad state property 247 at bound k = 0 UNSATISFIABLE
SBY 21:57:02 [cover_btor] engine_0: [btor&gt;mc] bad state property 248 at bound k = 0 UNSATISFIABLE
SBY 21:57:02 [cover_btor] engine_0: [btor&gt;mc] bad state property 249 at bound k = 0 UNSATISFIABLE
SBY 21:57:02 [cover_btor] engine_0: [btor&gt;mc] bad state property 250 at bound k = 0 UNSATISFIABLE
SBY 21:57:02 [cover_btor] engine_0: [btor&gt;mc] bad state property 251 at bound k = 0 UNSATISFIABLE
SBY 21:57:02 [cover_btor] engine_0: [btor&gt;mc] bad state property 252 at bound k = 0 UNSATISFIABLE
SBY 21:57:02 [cover_btor] engine_0: [btor&gt;mc] bad state property 253 at bound k = 0 UNSATISFIABLE
SBY 21:57:02 [cover_btor] engine_0: [btor&gt;mc] bad state property 254 at bound k = 0 UNSATISFIABLE
SBY 21:57:02 [cover_btor] engine_0: [btor&gt;mc] bad state property 255 at bound k = 0 UNSATISFIABLE
SBY 21:57:02 [cover_btor] engine_0: [btor&gt;mc] bad state property 256 at bound k = 0 UNSATISFIABLE
SBY 21:57:02 [cover_btor] engine_0: [btor&gt;mc] bad state property 257 at bound k = 0 UNSATISFIABLE
SBY 21:57:02 [cover_btor] engine_0: [btor&gt;mc] bad state property 258 at bound k = 0 UNSATISFIABLE
SBY 21:57:02 [cover_btor] engine_0: [btor&gt;mc] bad state property 259 at bound k = 0 UNSATISFIABLE
SBY 21:57:02 [cover_btor] engine_0: [btor&gt;mc] bad state property 260 at bound k = 0 UNSATISFIABLE
SBY 21:57:02 [cover_btor] engine_0: [btor&gt;mc] bad state property 261 at bound k = 0 UNSATISFIABLE
SBY 21:57:02 [cover_btor] engine_0: [btor&gt;mc] bad state property 262 at bound k = 0 UNSATISFIABLE
SBY 21:57:02 [cover_btor] engine_0: [btor&gt;mc] bad state property 263 at bound k = 0 UNSATISFIABLE
SBY 21:57:02 [cover_btor] engine_0: [btor&gt;mc] bad state property 264 at bound k = 0 UNSATISFIABLE
SBY 21:57:02 [cover_btor] engine_0: [btor&gt;mc] bad state property 265 at bound k = 0 UNSATISFIABLE
SBY 21:57:02 [cover_btor] engine_0: [btor&gt;mc] bad state property 266 at bound k = 0 UNSATISFIABLE
SBY 21:57:02 [cover_btor] engine_0: [btor&gt;mc] bad state property 267 at bound k = 0 UNSATISFIABLE
SBY 21:57:02 [cover_btor] engine_0: [btor&gt;mc] bad state property 268 at bound k = 0 UNSATISFIABLE
SBY 21:57:02 [cover_btor] engine_0: [btor&gt;mc] bad state property 269 at bound k = 0 UNSATISFIABLE
SBY 21:57:02 [cover_btor] engine_0: [btor&gt;mc] bad state property 270 at bound k = 0 UNSATISFIABLE
SBY 21:57:02 [cover_btor] engine_0: [btor&gt;mc] bad state property 271 at bound k = 0 UNSATISFIABLE
SBY 21:57:02 [cover_btor] engine_0: [btor&gt;mc] bad state property 272 at bound k = 0 UNSATISFIABLE
SBY 21:57:02 [cover_btor] engine_0: [btor&gt;mc] bad state property 273 at bound k = 0 UNSATISFIABLE
SBY 21:57:02 [cover_btor] engine_0: [btor&gt;mc] bad state property 274 at bound k = 0 UNSATISFIABLE
SBY 21:57:02 [cover_btor] engine_0: [btor&gt;mc] bad state property 275 at bound k = 0 UNSATISFIABLE
SBY 21:57:02 [cover_btor] engine_0: [btor&gt;mc] bad state property 276 at bound k = 0 UNSATISFIABLE
SBY 21:57:02 [cover_btor] engine_0: [btor&gt;mc] bad state property 277 at bound k = 0 UNSATISFIABLE
SBY 21:57:02 [cover_btor] engine_0: [btor&gt;mc] bad state property 278 at bound k = 0 UNSATISFIABLE
SBY 21:57:02 [cover_btor] engine_0: [btor&gt;mc] bad state property 279 at bound k = 0 UNSATISFIABLE
SBY 21:57:02 [cover_btor] engine_0: [btor&gt;mc] bad state property 280 at bound k = 0 UNSATISFIABLE
SBY 21:57:02 [cover_btor] engine_0: [btor&gt;mc] bad state property 281 at bound k = 0 UNSATISFIABLE
SBY 21:57:02 [cover_btor] engine_0: [btor&gt;mc] bad state property 282 at bound k = 0 UNSATISFIABLE
SBY 21:57:02 [cover_btor] engine_0: [btor&gt;mc] bad state property 283 at bound k = 0 UNSATISFIABLE
SBY 21:57:02 [cover_btor] engine_0: [btor&gt;mc] bad state property 284 at bound k = 0 UNSATISFIABLE
SBY 21:57:02 [cover_btor] engine_0: [btor&gt;mc] bad state property 285 at bound k = 0 UNSATISFIABLE
SBY 21:57:02 [cover_btor] engine_0: [btor&gt;mc] bad state property 286 at bound k = 0 UNSATISFIABLE
SBY 21:57:02 [cover_btor] engine_0: [btor&gt;mc] bad state property 287 at bound k = 0 UNSATISFIABLE
SBY 21:57:02 [cover_btor] engine_0: [btor&gt;mc] bad state property 288 at bound k = 0 UNSATISFIABLE
SBY 21:57:02 [cover_btor] engine_0: [btor&gt;mc] bad state property 289 at bound k = 0 UNSATISFIABLE
SBY 21:57:02 [cover_btor] engine_0: [btor&gt;mc] bad state property 290 at bound k = 0 UNSATISFIABLE
SBY 21:57:02 [cover_btor] engine_0: [btor&gt;mc] bad state property 291 at bound k = 0 UNSATISFIABLE
SBY 21:57:02 [cover_btor] engine_0: [btor&gt;mc] bad state property 292 at bound k = 0 UNSATISFIABLE
SBY 21:57:02 [cover_btor] engine_0: [btor&gt;mc] bad state property 293 at bound k = 0 UNSATISFIABLE
SBY 21:57:02 [cover_btor] engine_0: [btor&gt;mc] bad state property 294 at bound k = 0 UNSATISFIABLE
SBY 21:57:02 [cover_btor] engine_0: [btor&gt;mc] bad state property 295 at bound k = 0 UNSATISFIABLE
SBY 21:57:02 [cover_btor] engine_0: [btor&gt;mc] bad state property 296 at bound k = 0 UNSATISFIABLE
SBY 21:57:02 [cover_btor] engine_0: [btor&gt;mc] bad state property 297 at bound k = 0 UNSATISFIABLE
SBY 21:57:02 [cover_btor] engine_0: [btor&gt;mc] bad state property 298 at bound k = 0 UNSATISFIABLE
SBY 21:57:02 [cover_btor] engine_0: [btor&gt;mc] bad state property 299 at bound k = 0 UNSATISFIABLE
SBY 21:57:02 [cover_btor] engine_0: [btor&gt;mc] bad state property 300 at bound k = 0 UNSATISFIABLE
SBY 21:57:02 [cover_btor] engine_0: [btor&gt;mc] bad state property 301 at bound k = 0 UNSATISFIABLE
SBY 21:57:02 [cover_btor] engine_0: [btor&gt;mc] bad state property 302 at bound k = 0 UNSATISFIABLE
SBY 21:57:02 [cover_btor] engine_0: [btor&gt;mc] bad state property 303 at bound k = 0 UNSATISFIABLE
SBY 21:57:02 [cover_btor] engine_0: [btor&gt;mc] bad state property 304 at bound k = 0 UNSATISFIABLE
SBY 21:57:02 [cover_btor] engine_0: [btor&gt;mc] bad state property 305 at bound k = 0 UNSATISFIABLE
SBY 21:57:02 [cover_btor] engine_0: [btor&gt;mc] bad state property 306 at bound k = 0 UNSATISFIABLE
SBY 21:57:02 [cover_btor] engine_0: [btor&gt;mc] bad state property 307 at bound k = 0 UNSATISFIABLE
SBY 21:57:02 [cover_btor] engine_0: [btor&gt;mc] bad state property 308 at bound k = 0 UNSATISFIABLE
SBY 21:57:02 [cover_btor] engine_0: [btor&gt;mc] bad state property 309 at bound k = 0 UNSATISFIABLE
SBY 21:57:02 [cover_btor] engine_0: [btor&gt;mc] bad state property 310 at bound k = 0 UNSATISFIABLE
SBY 21:57:02 [cover_btor] engine_0: [btor&gt;mc] bad state property 311 at bound k = 0 UNSATISFIABLE
SBY 21:57:02 [cover_btor] engine_0: [btor&gt;mc] bad state property 312 at bound k = 0 UNSATISFIABLE
SBY 21:57:02 [cover_btor] engine_0: [btor&gt;mc] bad state property 313 at bound k = 0 UNSATISFIABLE
SBY 21:57:02 [cover_btor] engine_0: [btor&gt;mc] bad state property 314 at bound k = 0 UNSATISFIABLE
SBY 21:57:02 [cover_btor] engine_0: [btor&gt;mc] bad state property 315 at bound k = 0 UNSATISFIABLE
SBY 21:57:02 [cover_btor] engine_0: [btor&gt;mc] bad state property 316 at bound k = 0 UNSATISFIABLE
SBY 21:57:02 [cover_btor] engine_0: [btor&gt;mc] bad state property 317 at bound k = 0 UNSATISFIABLE
SBY 21:57:02 [cover_btor] engine_0: [btor&gt;mc] bad state property 318 at bound k = 0 UNSATISFIABLE
SBY 21:57:02 [cover_btor] engine_0: [btor&gt;mc] bad state property 319 at bound k = 0 UNSATISFIABLE
SBY 21:57:02 [cover_btor] engine_0: [btor&gt;mc] bad state property 320 at bound k = 0 UNSATISFIABLE
SBY 21:57:02 [cover_btor] engine_0: [btor&gt;mc] bad state property 321 at bound k = 0 UNSATISFIABLE
SBY 21:57:02 [cover_btor] engine_0: [btor&gt;mc] bad state property 322 at bound k = 0 UNSATISFIABLE
SBY 21:57:02 [cover_btor] engine_0: [btor&gt;mc] bad state property 323 at bound k = 0 UNSATISFIABLE
SBY 21:57:02 [cover_btor] engine_0: [btor&gt;mc] bad state property 324 at bound k = 0 UNSATISFIABLE
SBY 21:57:02 [cover_btor] engine_0: [btor&gt;mc] bad state property 325 at bound k = 0 UNSATISFIABLE
SBY 21:57:02 [cover_btor] engine_0: [btor&gt;mc] bad state property 326 at bound k = 0 UNSATISFIABLE
SBY 21:57:02 [cover_btor] engine_0: [btor&gt;mc] bad state property 327 at bound k = 0 UNSATISFIABLE
SBY 21:57:02 [cover_btor] engine_0: [btor&gt;mc] bad state property 328 at bound k = 0 UNSATISFIABLE
SBY 21:57:02 [cover_btor] engine_0: [btor&gt;mc] bad state property 329 at bound k = 0 UNSATISFIABLE
SBY 21:57:02 [cover_btor] engine_0: [btor&gt;mc] bad state property 330 at bound k = 0 UNSATISFIABLE
SBY 21:57:02 [cover_btor] engine_0: [btor&gt;mc] bad state property 331 at bound k = 0 UNSATISFIABLE
SBY 21:57:02 [cover_btor] engine_0: [btor&gt;mc] bad state property 332 at bound k = 0 UNSATISFIABLE
SBY 21:57:02 [cover_btor] engine_0: [btor&gt;mc] bad state property 333 at bound k = 0 UNSATISFIABLE
SBY 21:57:02 [cover_btor] engine_0: [btor&gt;mc] bad state property 334 at bound k = 0 UNSATISFIABLE
SBY 21:57:02 [cover_btor] engine_0: [btor&gt;mc] bad state property 335 at bound k = 0 UNSATISFIABLE
SBY 21:57:02 [cover_btor] engine_0: [btor&gt;mc] bad state property 336 at bound k = 0 UNSATISFIABLE
SBY 21:57:02 [cover_btor] engine_0: [btor&gt;mc] bad state property 337 at bound k = 0 UNSATISFIABLE
SBY 21:57:02 [cover_btor] engine_0: [btor&gt;mc] bad state property 338 at bound k = 0 UNSATISFIABLE
SBY 21:57:02 [cover_btor] engine_0: [btor&gt;mc] bad state property 339 at bound k = 0 UNSATISFIABLE
SBY 21:57:02 [cover_btor] engine_0: [btor&gt;mc] bad state property 340 at bound k = 0 UNSATISFIABLE
SBY 21:57:02 [cover_btor] engine_0: [btor&gt;mc] bad state property 341 at bound k = 0 UNSATISFIABLE
SBY 21:57:02 [cover_btor] engine_0: [btor&gt;mc] bad state property 342 at bound k = 0 UNSATISFIABLE
SBY 21:57:02 [cover_btor] engine_0: [btor&gt;mc] bad state property 343 at bound k = 0 UNSATISFIABLE
SBY 21:57:02 [cover_btor] engine_0: [btor&gt;mc] bad state property 344 at bound k = 0 UNSATISFIABLE
SBY 21:57:02 [cover_btor] engine_0: [btor&gt;mc] bad state property 345 at bound k = 0 UNSATISFIABLE
SBY 21:57:02 [cover_btor] engine_0: [btor&gt;mc] bad state property 346 at bound k = 0 UNSATISFIABLE
SBY 21:57:02 [cover_btor] engine_0: [btor&gt;mc] bad state property 347 at bound k = 0 UNSATISFIABLE
SBY 21:57:02 [cover_btor] engine_0: [btor&gt;mc] bad state property 348 at bound k = 0 UNSATISFIABLE
SBY 21:57:02 [cover_btor] engine_0: [btor&gt;mc] bad state property 349 at bound k = 0 UNSATISFIABLE
SBY 21:57:02 [cover_btor] engine_0: [btor&gt;mc] bad state property 350 at bound k = 0 UNSATISFIABLE
SBY 21:57:02 [cover_btor] engine_0: [btor&gt;mc] bad state property 351 at bound k = 0 UNSATISFIABLE
SBY 21:57:02 [cover_btor] engine_0: [btor&gt;mc] bad state property 352 at bound k = 0 UNSATISFIABLE
SBY 21:57:02 [cover_btor] engine_0: [btor&gt;mc] bad state property 353 at bound k = 0 UNSATISFIABLE
SBY 21:57:02 [cover_btor] engine_0: [btor&gt;mc] bad state property 354 at bound k = 0 UNSATISFIABLE
SBY 21:57:02 [cover_btor] engine_0: [btor&gt;mc] bad state property 355 at bound k = 0 UNSATISFIABLE
SBY 21:57:02 [cover_btor] engine_0: [btor&gt;mc] bad state property 356 at bound k = 0 UNSATISFIABLE
SBY 21:57:02 [cover_btor] engine_0: [btor&gt;mc] bad state property 357 at bound k = 0 UNSATISFIABLE
SBY 21:57:02 [cover_btor] engine_0: [btor&gt;mc] bad state property 358 at bound k = 0 UNSATISFIABLE
SBY 21:57:02 [cover_btor] engine_0: [btor&gt;mc] bad state property 359 at bound k = 0 UNSATISFIABLE
SBY 21:57:02 [cover_btor] engine_0: [btor&gt;mc] bad state property 360 at bound k = 0 UNSATISFIABLE
SBY 21:57:02 [cover_btor] engine_0: [btor&gt;mc] bad state property 361 at bound k = 0 UNSATISFIABLE
SBY 21:57:02 [cover_btor] engine_0: [btor&gt;mc] bad state property 362 at bound k = 0 UNSATISFIABLE
SBY 21:57:02 [cover_btor] engine_0: [btor&gt;mc] bad state property 363 at bound k = 0 UNSATISFIABLE
SBY 21:57:02 [cover_btor] engine_0: [btor&gt;mc] bad state property 364 at bound k = 0 UNSATISFIABLE
SBY 21:57:02 [cover_btor] engine_0: [btor&gt;mc] bad state property 365 at bound k = 0 UNSATISFIABLE
SBY 21:57:02 [cover_btor] engine_0: [btor&gt;mc] bad state property 366 at bound k = 0 UNSATISFIABLE
SBY 21:57:02 [cover_btor] engine_0: [btor&gt;mc] bad state property 367 at bound k = 0 UNSATISFIABLE
SBY 21:57:02 [cover_btor] engine_0: [btor&gt;mc] bad state property 368 at bound k = 0 UNSATISFIABLE
SBY 21:57:02 [cover_btor] engine_0: [btor&gt;mc] bad state property 369 at bound k = 0 UNSATISFIABLE
SBY 21:57:02 [cover_btor] engine_0: [btor&gt;mc] bad state property 370 at bound k = 0 UNSATISFIABLE
SBY 21:57:02 [cover_btor] engine_0: [btor&gt;mc] bad state property 371 at bound k = 0 UNSATISFIABLE
SBY 21:57:02 [cover_btor] engine_0: [btor&gt;mc] bad state property 372 at bound k = 0 UNSATISFIABLE
SBY 21:57:02 [cover_btor] engine_0: [btor&gt;mc] bad state property 373 at bound k = 0 UNSATISFIABLE
SBY 21:57:02 [cover_btor] engine_0: [btor&gt;mc] found 0 reachable and 0 unreachable bad state properties at bound k = 0
SBY 21:57:02 [cover_btor] engine_0: [btor&gt;mc] bad state property 0 at bound k = 1 UNSATISFIABLE
SBY 21:57:02 [cover_btor] engine_0: [btor&gt;mc] bad state property 1 at bound k = 1 UNSATISFIABLE
SBY 21:57:02 [cover_btor] engine_0: [btor&gt;mc] bad state property 2 at bound k = 1 UNSATISFIABLE
SBY 21:57:02 [cover_btor] engine_0: [btor&gt;mc] bad state property 3 at bound k = 1 UNSATISFIABLE
SBY 21:57:02 [cover_btor] engine_0: [btor&gt;mc] bad state property 4 at bound k = 1 UNSATISFIABLE
SBY 21:57:02 [cover_btor] engine_0: [btor&gt;mc] bad state property 5 at bound k = 1 UNSATISFIABLE
SBY 21:57:02 [cover_btor] engine_0: [btor&gt;mc] bad state property 6 at bound k = 1 UNSATISFIABLE
SBY 21:57:02 [cover_btor] engine_0: [btor&gt;mc] bad state property 7 at bound k = 1 UNSATISFIABLE
SBY 21:57:02 [cover_btor] engine_0: [btor&gt;mc] bad state property 8 at bound k = 1 UNSATISFIABLE
SBY 21:57:02 [cover_btor] engine_0: [btor&gt;mc] bad state property 9 at bound k = 1 UNSATISFIABLE
SBY 21:57:02 [cover_btor] engine_0: [btor&gt;mc] bad state property 10 at bound k = 1 UNSATISFIABLE
SBY 21:57:02 [cover_btor] engine_0: [btor&gt;mc] bad state property 11 at bound k = 1 UNSATISFIABLE
SBY 21:57:02 [cover_btor] engine_0: [btor&gt;mc] bad state property 12 at bound k = 1 UNSATISFIABLE
SBY 21:57:02 [cover_btor] engine_0: [btor&gt;mc] bad state property 13 at bound k = 1 UNSATISFIABLE
SBY 21:57:02 [cover_btor] engine_0: [btor&gt;mc] bad state property 14 at bound k = 1 UNSATISFIABLE
SBY 21:57:02 [cover_btor] engine_0: [btor&gt;mc] bad state property 15 at bound k = 1 UNSATISFIABLE
SBY 21:57:02 [cover_btor] engine_0: [btor&gt;mc] bad state property 16 at bound k = 1 UNSATISFIABLE
SBY 21:57:02 [cover_btor] engine_0: [btor&gt;mc] bad state property 17 at bound k = 1 UNSATISFIABLE
SBY 21:57:02 [cover_btor] engine_0: [btor&gt;mc] bad state property 18 at bound k = 1 UNSATISFIABLE
SBY 21:57:02 [cover_btor] engine_0: [btor&gt;mc] bad state property 19 at bound k = 1 UNSATISFIABLE
SBY 21:57:02 [cover_btor] engine_0: [btor&gt;mc] bad state property 20 at bound k = 1 UNSATISFIABLE
SBY 21:57:02 [cover_btor] engine_0: [btor&gt;mc] bad state property 21 at bound k = 1 UNSATISFIABLE
SBY 21:57:02 [cover_btor] engine_0: [btor&gt;mc] bad state property 22 at bound k = 1 UNSATISFIABLE
SBY 21:57:02 [cover_btor] engine_0: [btor&gt;mc] bad state property 23 at bound k = 1 UNSATISFIABLE
SBY 21:57:02 [cover_btor] engine_0: [btor&gt;mc] bad state property 24 at bound k = 1 UNSATISFIABLE
SBY 21:57:02 [cover_btor] engine_0: [btor&gt;mc] bad state property 25 at bound k = 1 UNSATISFIABLE
SBY 21:57:02 [cover_btor] engine_0: [btor&gt;mc] bad state property 26 at bound k = 1 UNSATISFIABLE
SBY 21:57:02 [cover_btor] engine_0: [btor&gt;mc] bad state property 27 at bound k = 1 UNSATISFIABLE
SBY 21:57:02 [cover_btor] engine_0: [btor&gt;mc] bad state property 28 at bound k = 1 UNSATISFIABLE
SBY 21:57:02 [cover_btor] engine_0: [btor&gt;mc] bad state property 29 at bound k = 1 UNSATISFIABLE
SBY 21:57:02 [cover_btor] engine_0: [btor&gt;mc] bad state property 30 at bound k = 1 UNSATISFIABLE
SBY 21:57:02 [cover_btor] engine_0: [btor&gt;mc] bad state property 31 at bound k = 1 UNSATISFIABLE
SBY 21:57:02 [cover_btor] engine_0: [btor&gt;mc] bad state property 32 at bound k = 1 UNSATISFIABLE
SBY 21:57:02 [cover_btor] engine_0: [btor&gt;mc] bad state property 33 at bound k = 1 UNSATISFIABLE
SBY 21:57:02 [cover_btor] engine_0: [btor&gt;mc] bad state property 34 at bound k = 1 UNSATISFIABLE
SBY 21:57:02 [cover_btor] engine_0: [btor&gt;mc] bad state property 35 at bound k = 1 UNSATISFIABLE
SBY 21:57:02 [cover_btor] engine_0: [btor&gt;mc] bad state property 36 at bound k = 1 UNSATISFIABLE
SBY 21:57:02 [cover_btor] engine_0: [btor&gt;mc] bad state property 37 at bound k = 1 UNSATISFIABLE
SBY 21:57:02 [cover_btor] engine_0: [btor&gt;mc] bad state property 38 at bound k = 1 UNSATISFIABLE
SBY 21:57:02 [cover_btor] engine_0: [btor&gt;mc] bad state property 39 at bound k = 1 UNSATISFIABLE
SBY 21:57:02 [cover_btor] engine_0: [btor&gt;mc] bad state property 40 at bound k = 1 UNSATISFIABLE
SBY 21:57:02 [cover_btor] engine_0: [btor&gt;mc] bad state property 41 at bound k = 1 UNSATISFIABLE
SBY 21:57:02 [cover_btor] engine_0: [btor&gt;mc] bad state property 42 at bound k = 1 UNSATISFIABLE
SBY 21:57:02 [cover_btor] engine_0: [btor&gt;mc] bad state property 43 at bound k = 1 UNSATISFIABLE
SBY 21:57:02 [cover_btor] engine_0: [btor&gt;mc] bad state property 44 at bound k = 1 UNSATISFIABLE
SBY 21:57:02 [cover_btor] engine_0: [btor&gt;mc] bad state property 45 at bound k = 1 UNSATISFIABLE
SBY 21:57:02 [cover_btor] engine_0: [btor&gt;mc] bad state property 46 at bound k = 1 UNSATISFIABLE
SBY 21:57:02 [cover_btor] engine_0: [btor&gt;mc] bad state property 47 at bound k = 1 UNSATISFIABLE
SBY 21:57:02 [cover_btor] engine_0: [btor&gt;mc] bad state property 48 at bound k = 1 UNSATISFIABLE
SBY 21:57:02 [cover_btor] engine_0: [btor&gt;mc] bad state property 49 at bound k = 1 UNSATISFIABLE
SBY 21:57:02 [cover_btor] engine_0: [btor&gt;mc] bad state property 50 at bound k = 1 UNSATISFIABLE
SBY 21:57:02 [cover_btor] engine_0: [btor&gt;mc] bad state property 51 at bound k = 1 UNSATISFIABLE
SBY 21:57:02 [cover_btor] engine_0: [btor&gt;mc] bad state property 52 at bound k = 1 UNSATISFIABLE
SBY 21:57:02 [cover_btor] engine_0: [btor&gt;mc] bad state property 53 at bound k = 1 UNSATISFIABLE
SBY 21:57:02 [cover_btor] engine_0: [btor&gt;mc] bad state property 54 at bound k = 1 UNSATISFIABLE
SBY 21:57:02 [cover_btor] engine_0: [btor&gt;mc] bad state property 55 at bound k = 1 UNSATISFIABLE
SBY 21:57:02 [cover_btor] engine_0: [btor&gt;mc] bad state property 56 at bound k = 1 UNSATISFIABLE
SBY 21:57:02 [cover_btor] engine_0: [btor&gt;mc] bad state property 57 at bound k = 1 UNSATISFIABLE
SBY 21:57:02 [cover_btor] engine_0: [btor&gt;mc] bad state property 58 at bound k = 1 UNSATISFIABLE
SBY 21:57:02 [cover_btor] engine_0: [btor&gt;mc] bad state property 59 at bound k = 1 UNSATISFIABLE
SBY 21:57:02 [cover_btor] engine_0: [btor&gt;mc] bad state property 60 at bound k = 1 UNSATISFIABLE
SBY 21:57:02 [cover_btor] engine_0: [btor&gt;mc] bad state property 61 at bound k = 1 UNSATISFIABLE
SBY 21:57:02 [cover_btor] engine_0: [btor&gt;mc] bad state property 62 at bound k = 1 UNSATISFIABLE
SBY 21:57:02 [cover_btor] engine_0: [btor&gt;mc] bad state property 63 at bound k = 1 UNSATISFIABLE
SBY 21:57:02 [cover_btor] engine_0: [btor&gt;mc] bad state property 64 at bound k = 1 UNSATISFIABLE
SBY 21:57:02 [cover_btor] engine_0: [btor&gt;mc] bad state property 65 at bound k = 1 UNSATISFIABLE
SBY 21:57:02 [cover_btor] engine_0: [btor&gt;mc] bad state property 66 at bound k = 1 UNSATISFIABLE
SBY 21:57:02 [cover_btor] engine_0: [btor&gt;mc] bad state property 67 at bound k = 1 UNSATISFIABLE
SBY 21:57:02 [cover_btor] engine_0: [btor&gt;mc] bad state property 68 at bound k = 1 UNSATISFIABLE
SBY 21:57:02 [cover_btor] engine_0: [btor&gt;mc] bad state property 69 at bound k = 1 UNSATISFIABLE
SBY 21:57:02 [cover_btor] engine_0: [btor&gt;mc] bad state property 70 at bound k = 1 UNSATISFIABLE
SBY 21:57:02 [cover_btor] engine_0: [btor&gt;mc] bad state property 71 at bound k = 1 UNSATISFIABLE
SBY 21:57:02 [cover_btor] engine_0: [btor&gt;mc] bad state property 72 at bound k = 1 UNSATISFIABLE
SBY 21:57:02 [cover_btor] engine_0: [btor&gt;mc] bad state property 73 at bound k = 1 UNSATISFIABLE
SBY 21:57:02 [cover_btor] engine_0: [btor&gt;mc] bad state property 74 at bound k = 1 UNSATISFIABLE
SBY 21:57:02 [cover_btor] engine_0: [btor&gt;mc] bad state property 75 at bound k = 1 UNSATISFIABLE
SBY 21:57:02 [cover_btor] engine_0: [btor&gt;mc] bad state property 76 at bound k = 1 UNSATISFIABLE
SBY 21:57:02 [cover_btor] engine_0: [btor&gt;mc] bad state property 77 at bound k = 1 UNSATISFIABLE
SBY 21:57:02 [cover_btor] engine_0: [btor&gt;mc] bad state property 78 at bound k = 1 UNSATISFIABLE
SBY 21:57:02 [cover_btor] engine_0: [btor&gt;mc] bad state property 79 at bound k = 1 UNSATISFIABLE
SBY 21:57:02 [cover_btor] engine_0: [btor&gt;mc] bad state property 80 at bound k = 1 UNSATISFIABLE
SBY 21:57:02 [cover_btor] engine_0: [btor&gt;mc] bad state property 81 at bound k = 1 UNSATISFIABLE
SBY 21:57:02 [cover_btor] engine_0: [btor&gt;mc] bad state property 82 at bound k = 1 UNSATISFIABLE
SBY 21:57:02 [cover_btor] engine_0: [btor&gt;mc] bad state property 83 at bound k = 1 UNSATISFIABLE
SBY 21:57:02 [cover_btor] engine_0: [btor&gt;mc] bad state property 84 at bound k = 1 UNSATISFIABLE
SBY 21:57:02 [cover_btor] engine_0: [btor&gt;mc] bad state property 85 at bound k = 1 UNSATISFIABLE
SBY 21:57:02 [cover_btor] engine_0: [btor&gt;mc] bad state property 86 at bound k = 1 UNSATISFIABLE
SBY 21:57:02 [cover_btor] engine_0: [btor&gt;mc] bad state property 87 at bound k = 1 UNSATISFIABLE
SBY 21:57:02 [cover_btor] engine_0: [btor&gt;mc] bad state property 88 at bound k = 1 UNSATISFIABLE
SBY 21:57:02 [cover_btor] engine_0: [btor&gt;mc] bad state property 89 at bound k = 1 UNSATISFIABLE
SBY 21:57:02 [cover_btor] engine_0: [btor&gt;mc] bad state property 90 at bound k = 1 UNSATISFIABLE
SBY 21:57:02 [cover_btor] engine_0: [btor&gt;mc] bad state property 91 at bound k = 1 UNSATISFIABLE
SBY 21:57:02 [cover_btor] engine_0: [btor&gt;mc] bad state property 92 at bound k = 1 UNSATISFIABLE
SBY 21:57:02 [cover_btor] engine_0: [btor&gt;mc] bad state property 93 at bound k = 1 UNSATISFIABLE
SBY 21:57:02 [cover_btor] engine_0: [btor&gt;mc] bad state property 94 at bound k = 1 UNSATISFIABLE
SBY 21:57:02 [cover_btor] engine_0: [btor&gt;mc] bad state property 95 at bound k = 1 UNSATISFIABLE
SBY 21:57:02 [cover_btor] engine_0: [btor&gt;mc] bad state property 96 at bound k = 1 UNSATISFIABLE
SBY 21:57:02 [cover_btor] engine_0: [btor&gt;mc] bad state property 97 at bound k = 1 UNSATISFIABLE
SBY 21:57:02 [cover_btor] engine_0: [btor&gt;mc] bad state property 98 at bound k = 1 UNSATISFIABLE
SBY 21:57:02 [cover_btor] engine_0: [btor&gt;mc] bad state property 99 at bound k = 1 UNSATISFIABLE
SBY 21:57:02 [cover_btor] engine_0: [btor&gt;mc] bad state property 100 at bound k = 1 UNSATISFIABLE
SBY 21:57:02 [cover_btor] engine_0: [btor&gt;mc] bad state property 101 at bound k = 1 UNSATISFIABLE
SBY 21:57:02 [cover_btor] engine_0: [btor&gt;mc] bad state property 102 at bound k = 1 UNSATISFIABLE
SBY 21:57:02 [cover_btor] engine_0: [btor&gt;mc] bad state property 103 at bound k = 1 UNSATISFIABLE
SBY 21:57:02 [cover_btor] engine_0: [btor&gt;mc] bad state property 104 at bound k = 1 UNSATISFIABLE
SBY 21:57:02 [cover_btor] engine_0: [btor&gt;mc] bad state property 105 at bound k = 1 UNSATISFIABLE
SBY 21:57:02 [cover_btor] engine_0: [btor&gt;mc] bad state property 106 at bound k = 1 UNSATISFIABLE
SBY 21:57:02 [cover_btor] engine_0: [btor&gt;mc] bad state property 107 at bound k = 1 UNSATISFIABLE
SBY 21:57:02 [cover_btor] engine_0: [btor&gt;mc] bad state property 108 at bound k = 1 UNSATISFIABLE
SBY 21:57:02 [cover_btor] engine_0: [btor&gt;mc] bad state property 109 at bound k = 1 UNSATISFIABLE
SBY 21:57:02 [cover_btor] engine_0: [btor&gt;mc] bad state property 110 at bound k = 1 UNSATISFIABLE
SBY 21:57:02 [cover_btor] engine_0: [btor&gt;mc] bad state property 111 at bound k = 1 UNSATISFIABLE
SBY 21:57:02 [cover_btor] engine_0: [btor&gt;mc] bad state property 112 at bound k = 1 UNSATISFIABLE
SBY 21:57:02 [cover_btor] engine_0: [btor&gt;mc] bad state property 113 at bound k = 1 UNSATISFIABLE
SBY 21:57:02 [cover_btor] engine_0: [btor&gt;mc] bad state property 114 at bound k = 1 UNSATISFIABLE
SBY 21:57:02 [cover_btor] engine_0: [btor&gt;mc] bad state property 115 at bound k = 1 UNSATISFIABLE
SBY 21:57:02 [cover_btor] engine_0: [btor&gt;mc] bad state property 116 at bound k = 1 UNSATISFIABLE
SBY 21:57:02 [cover_btor] engine_0: [btor&gt;mc] bad state property 117 at bound k = 1 UNSATISFIABLE
SBY 21:57:02 [cover_btor] engine_0: [btor&gt;mc] bad state property 118 at bound k = 1 UNSATISFIABLE
SBY 21:57:02 [cover_btor] engine_0: [btor&gt;mc] bad state property 119 at bound k = 1 UNSATISFIABLE
SBY 21:57:02 [cover_btor] engine_0: [btor&gt;mc] bad state property 120 at bound k = 1 UNSATISFIABLE
SBY 21:57:02 [cover_btor] engine_0: [btor&gt;mc] bad state property 121 at bound k = 1 UNSATISFIABLE
SBY 21:57:02 [cover_btor] engine_0: [btor&gt;mc] bad state property 122 at bound k = 1 UNSATISFIABLE
SBY 21:57:02 [cover_btor] engine_0: [btor&gt;mc] bad state property 123 at bound k = 1 UNSATISFIABLE
SBY 21:57:02 [cover_btor] engine_0: [btor&gt;mc] bad state property 124 at bound k = 1 UNSATISFIABLE
SBY 21:57:02 [cover_btor] engine_0: [btor&gt;mc] bad state property 125 at bound k = 1 UNSATISFIABLE
SBY 21:57:02 [cover_btor] engine_0: [btor&gt;mc] bad state property 126 at bound k = 1 UNSATISFIABLE
SBY 21:57:02 [cover_btor] engine_0: [btor&gt;mc] bad state property 127 at bound k = 1 UNSATISFIABLE
SBY 21:57:02 [cover_btor] engine_0: [btor&gt;mc] bad state property 128 at bound k = 1 UNSATISFIABLE
SBY 21:57:02 [cover_btor] engine_0: [btor&gt;mc] bad state property 129 at bound k = 1 UNSATISFIABLE
SBY 21:57:02 [cover_btor] engine_0: [btor&gt;mc] bad state property 130 at bound k = 1 UNSATISFIABLE
SBY 21:57:02 [cover_btor] engine_0: [btor&gt;mc] bad state property 131 at bound k = 1 UNSATISFIABLE
SBY 21:57:02 [cover_btor] engine_0: [btor&gt;mc] bad state property 132 at bound k = 1 UNSATISFIABLE
SBY 21:57:02 [cover_btor] engine_0: [btor&gt;mc] bad state property 133 at bound k = 1 UNSATISFIABLE
SBY 21:57:02 [cover_btor] engine_0: [btor&gt;mc] bad state property 134 at bound k = 1 UNSATISFIABLE
SBY 21:57:02 [cover_btor] engine_0: [btor&gt;mc] bad state property 135 at bound k = 1 UNSATISFIABLE
SBY 21:57:02 [cover_btor] engine_0: [btor&gt;mc] bad state property 136 at bound k = 1 UNSATISFIABLE
SBY 21:57:02 [cover_btor] engine_0: [btor&gt;mc] bad state property 137 at bound k = 1 UNSATISFIABLE
SBY 21:57:02 [cover_btor] engine_0: [btor&gt;mc] bad state property 138 at bound k = 1 UNSATISFIABLE
SBY 21:57:02 [cover_btor] engine_0: [btor&gt;mc] bad state property 139 at bound k = 1 UNSATISFIABLE
SBY 21:57:02 [cover_btor] engine_0: [btor&gt;mc] bad state property 140 at bound k = 1 UNSATISFIABLE
SBY 21:57:02 [cover_btor] engine_0: [btor&gt;mc] bad state property 141 at bound k = 1 UNSATISFIABLE
SBY 21:57:02 [cover_btor] engine_0: [btor&gt;mc] bad state property 142 at bound k = 1 UNSATISFIABLE
SBY 21:57:02 [cover_btor] engine_0: [btor&gt;mc] bad state property 143 at bound k = 1 UNSATISFIABLE
SBY 21:57:02 [cover_btor] engine_0: [btor&gt;mc] bad state property 144 at bound k = 1 UNSATISFIABLE
SBY 21:57:02 [cover_btor] engine_0: [btor&gt;mc] bad state property 145 at bound k = 1 UNSATISFIABLE
SBY 21:57:02 [cover_btor] engine_0: [btor&gt;mc] bad state property 146 at bound k = 1 UNSATISFIABLE
SBY 21:57:02 [cover_btor] engine_0: [btor&gt;mc] bad state property 147 at bound k = 1 UNSATISFIABLE
SBY 21:57:02 [cover_btor] engine_0: [btor&gt;mc] bad state property 148 at bound k = 1 UNSATISFIABLE
SBY 21:57:02 [cover_btor] engine_0: [btor&gt;mc] bad state property 149 at bound k = 1 UNSATISFIABLE
SBY 21:57:02 [cover_btor] engine_0: [btor&gt;mc] bad state property 150 at bound k = 1 UNSATISFIABLE
SBY 21:57:02 [cover_btor] engine_0: [btor&gt;mc] bad state property 151 at bound k = 1 UNSATISFIABLE
SBY 21:57:02 [cover_btor] engine_0: [btor&gt;mc] bad state property 152 at bound k = 1 UNSATISFIABLE
SBY 21:57:02 [cover_btor] engine_0: [btor&gt;mc] bad state property 153 at bound k = 1 UNSATISFIABLE
SBY 21:57:02 [cover_btor] engine_0: [btor&gt;mc] bad state property 154 at bound k = 1 UNSATISFIABLE
SBY 21:57:02 [cover_btor] engine_0: [btor&gt;mc] bad state property 155 at bound k = 1 UNSATISFIABLE
SBY 21:57:02 [cover_btor] engine_0: [btor&gt;mc] bad state property 156 at bound k = 1 UNSATISFIABLE
SBY 21:57:02 [cover_btor] engine_0: [btor&gt;mc] bad state property 157 at bound k = 1 UNSATISFIABLE
SBY 21:57:02 [cover_btor] engine_0: [btor&gt;mc] bad state property 158 at bound k = 1 UNSATISFIABLE
SBY 21:57:02 [cover_btor] engine_0: [btor&gt;mc] bad state property 159 at bound k = 1 UNSATISFIABLE
SBY 21:57:02 [cover_btor] engine_0: [btor&gt;mc] bad state property 160 at bound k = 1 UNSATISFIABLE
SBY 21:57:02 [cover_btor] engine_0: [btor&gt;mc] bad state property 161 at bound k = 1 UNSATISFIABLE
SBY 21:57:02 [cover_btor] engine_0: [btor&gt;mc] bad state property 162 at bound k = 1 UNSATISFIABLE
SBY 21:57:02 [cover_btor] engine_0: [btor&gt;mc] bad state property 163 at bound k = 1 UNSATISFIABLE
SBY 21:57:02 [cover_btor] engine_0: [btor&gt;mc] bad state property 164 at bound k = 1 UNSATISFIABLE
SBY 21:57:02 [cover_btor] engine_0: [btor&gt;mc] bad state property 165 at bound k = 1 UNSATISFIABLE
SBY 21:57:02 [cover_btor] engine_0: [btor&gt;mc] bad state property 166 at bound k = 1 UNSATISFIABLE
SBY 21:57:02 [cover_btor] engine_0: [btor&gt;mc] bad state property 167 at bound k = 1 UNSATISFIABLE
SBY 21:57:02 [cover_btor] engine_0: [btor&gt;mc] bad state property 168 at bound k = 1 UNSATISFIABLE
SBY 21:57:02 [cover_btor] engine_0: [btor&gt;mc] bad state property 169 at bound k = 1 UNSATISFIABLE
SBY 21:57:02 [cover_btor] engine_0: [btor&gt;mc] bad state property 170 at bound k = 1 UNSATISFIABLE
SBY 21:57:02 [cover_btor] engine_0: [btor&gt;mc] bad state property 171 at bound k = 1 UNSATISFIABLE
SBY 21:57:02 [cover_btor] engine_0: [btor&gt;mc] bad state property 172 at bound k = 1 UNSATISFIABLE
SBY 21:57:02 [cover_btor] engine_0: [btor&gt;mc] bad state property 173 at bound k = 1 UNSATISFIABLE
SBY 21:57:02 [cover_btor] engine_0: [btor&gt;mc] bad state property 174 at bound k = 1 UNSATISFIABLE
SBY 21:57:02 [cover_btor] engine_0: [btor&gt;mc] bad state property 175 at bound k = 1 UNSATISFIABLE
SBY 21:57:02 [cover_btor] engine_0: [btor&gt;mc] bad state property 176 at bound k = 1 UNSATISFIABLE
SBY 21:57:02 [cover_btor] engine_0: [btor&gt;mc] bad state property 177 at bound k = 1 UNSATISFIABLE
SBY 21:57:02 [cover_btor] engine_0: [btor&gt;mc] bad state property 178 at bound k = 1 UNSATISFIABLE
SBY 21:57:02 [cover_btor] engine_0: [btor&gt;mc] bad state property 179 at bound k = 1 UNSATISFIABLE
SBY 21:57:02 [cover_btor] engine_0: [btor&gt;mc] bad state property 180 at bound k = 1 UNSATISFIABLE
SBY 21:57:02 [cover_btor] engine_0: [btor&gt;mc] bad state property 181 at bound k = 1 UNSATISFIABLE
SBY 21:57:02 [cover_btor] engine_0: [btor&gt;mc] bad state property 182 at bound k = 1 UNSATISFIABLE
SBY 21:57:02 [cover_btor] engine_0: [btor&gt;mc] bad state property 183 at bound k = 1 UNSATISFIABLE
SBY 21:57:02 [cover_btor] engine_0: [btor&gt;mc] bad state property 184 at bound k = 1 UNSATISFIABLE
SBY 21:57:02 [cover_btor] engine_0: [btor&gt;mc] bad state property 185 at bound k = 1 UNSATISFIABLE
SBY 21:57:02 [cover_btor] engine_0: [btor&gt;mc] bad state property 186 at bound k = 1 UNSATISFIABLE
SBY 21:57:02 [cover_btor] engine_0: [btor&gt;mc] bad state property 187 at bound k = 1 UNSATISFIABLE
SBY 21:57:02 [cover_btor] engine_0: [btor&gt;mc] bad state property 188 at bound k = 1 UNSATISFIABLE
SBY 21:57:02 [cover_btor] engine_0: [btor&gt;mc] bad state property 189 at bound k = 1 UNSATISFIABLE
SBY 21:57:02 [cover_btor] engine_0: [btor&gt;mc] bad state property 190 at bound k = 1 UNSATISFIABLE
SBY 21:57:02 [cover_btor] engine_0: [btor&gt;mc] bad state property 191 at bound k = 1 UNSATISFIABLE
SBY 21:57:02 [cover_btor] engine_0: [btor&gt;mc] bad state property 192 at bound k = 1 UNSATISFIABLE
SBY 21:57:02 [cover_btor] engine_0: [btor&gt;mc] bad state property 193 at bound k = 1 UNSATISFIABLE
SBY 21:57:02 [cover_btor] engine_0: [btor&gt;mc] bad state property 194 at bound k = 1 UNSATISFIABLE
SBY 21:57:02 [cover_btor] engine_0: [btor&gt;mc] bad state property 195 at bound k = 1 UNSATISFIABLE
SBY 21:57:02 [cover_btor] engine_0: [btor&gt;mc] bad state property 196 at bound k = 1 UNSATISFIABLE
SBY 21:57:02 [cover_btor] engine_0: [btor&gt;mc] bad state property 197 at bound k = 1 UNSATISFIABLE
SBY 21:57:02 [cover_btor] engine_0: [btor&gt;mc] bad state property 198 at bound k = 1 UNSATISFIABLE
SBY 21:57:02 [cover_btor] engine_0: [btor&gt;mc] bad state property 199 at bound k = 1 UNSATISFIABLE
SBY 21:57:02 [cover_btor] engine_0: [btor&gt;mc] bad state property 200 at bound k = 1 UNSATISFIABLE
SBY 21:57:02 [cover_btor] engine_0: [btor&gt;mc] bad state property 201 at bound k = 1 UNSATISFIABLE
SBY 21:57:02 [cover_btor] engine_0: [btor&gt;mc] bad state property 202 at bound k = 1 UNSATISFIABLE
SBY 21:57:02 [cover_btor] engine_0: [btor&gt;mc] bad state property 203 at bound k = 1 UNSATISFIABLE
SBY 21:57:02 [cover_btor] engine_0: [btor&gt;mc] bad state property 204 at bound k = 1 UNSATISFIABLE
SBY 21:57:02 [cover_btor] engine_0: [btor&gt;mc] bad state property 205 at bound k = 1 UNSATISFIABLE
SBY 21:57:02 [cover_btor] engine_0: [btor&gt;mc] bad state property 206 at bound k = 1 UNSATISFIABLE
SBY 21:57:02 [cover_btor] engine_0: [btor&gt;mc] bad state property 207 at bound k = 1 UNSATISFIABLE
SBY 21:57:02 [cover_btor] engine_0: [btor&gt;mc] bad state property 208 at bound k = 1 UNSATISFIABLE
SBY 21:57:02 [cover_btor] engine_0: [btor&gt;mc] bad state property 209 at bound k = 1 UNSATISFIABLE
SBY 21:57:02 [cover_btor] engine_0: [btor&gt;mc] bad state property 210 at bound k = 1 UNSATISFIABLE
SBY 21:57:02 [cover_btor] engine_0: [btor&gt;mc] bad state property 211 at bound k = 1 UNSATISFIABLE
SBY 21:57:02 [cover_btor] engine_0: [btor&gt;mc] bad state property 212 at bound k = 1 UNSATISFIABLE
SBY 21:57:02 [cover_btor] engine_0: [btor&gt;mc] bad state property 213 at bound k = 1 UNSATISFIABLE
SBY 21:57:02 [cover_btor] engine_0: [btor&gt;mc] bad state property 214 at bound k = 1 UNSATISFIABLE
SBY 21:57:02 [cover_btor] engine_0: [btor&gt;mc] bad state property 215 at bound k = 1 UNSATISFIABLE
SBY 21:57:02 [cover_btor] engine_0: [btor&gt;mc] bad state property 216 at bound k = 1 UNSATISFIABLE
SBY 21:57:02 [cover_btor] engine_0: [btor&gt;mc] bad state property 217 at bound k = 1 UNSATISFIABLE
SBY 21:57:02 [cover_btor] engine_0: [btor&gt;mc] bad state property 218 at bound k = 1 UNSATISFIABLE
SBY 21:57:02 [cover_btor] engine_0: [btor&gt;mc] bad state property 219 at bound k = 1 UNSATISFIABLE
SBY 21:57:02 [cover_btor] engine_0: [btor&gt;mc] bad state property 220 at bound k = 1 UNSATISFIABLE
SBY 21:57:02 [cover_btor] engine_0: [btor&gt;mc] bad state property 221 at bound k = 1 UNSATISFIABLE
SBY 21:57:02 [cover_btor] engine_0: [btor&gt;mc] bad state property 222 at bound k = 1 UNSATISFIABLE
SBY 21:57:02 [cover_btor] engine_0: [btor&gt;mc] bad state property 223 at bound k = 1 UNSATISFIABLE
SBY 21:57:02 [cover_btor] engine_0: [btor&gt;mc] bad state property 224 at bound k = 1 UNSATISFIABLE
SBY 21:57:02 [cover_btor] engine_0: [btor&gt;mc] bad state property 225 at bound k = 1 UNSATISFIABLE
SBY 21:57:02 [cover_btor] engine_0: [btor&gt;mc] bad state property 226 at bound k = 1 UNSATISFIABLE
SBY 21:57:02 [cover_btor] engine_0: [btor&gt;mc] bad state property 227 at bound k = 1 UNSATISFIABLE
SBY 21:57:02 [cover_btor] engine_0: [btor&gt;mc] bad state property 228 at bound k = 1 UNSATISFIABLE
SBY 21:57:02 [cover_btor] engine_0: [btor&gt;mc] bad state property 229 at bound k = 1 UNSATISFIABLE
SBY 21:57:02 [cover_btor] engine_0: [btor&gt;mc] bad state property 230 at bound k = 1 UNSATISFIABLE
SBY 21:57:02 [cover_btor] engine_0: [btor&gt;mc] bad state property 231 at bound k = 1 UNSATISFIABLE
SBY 21:57:02 [cover_btor] engine_0: [btor&gt;mc] bad state property 232 at bound k = 1 UNSATISFIABLE
SBY 21:57:02 [cover_btor] engine_0: [btor&gt;mc] bad state property 233 at bound k = 1 UNSATISFIABLE
SBY 21:57:02 [cover_btor] engine_0: [btor&gt;mc] bad state property 234 at bound k = 1 UNSATISFIABLE
SBY 21:57:02 [cover_btor] engine_0: [btor&gt;mc] bad state property 235 at bound k = 1 UNSATISFIABLE
SBY 21:57:02 [cover_btor] engine_0: [btor&gt;mc] bad state property 236 at bound k = 1 UNSATISFIABLE
SBY 21:57:02 [cover_btor] engine_0: [btor&gt;mc] bad state property 237 at bound k = 1 UNSATISFIABLE
SBY 21:57:02 [cover_btor] engine_0: [btor&gt;mc] bad state property 238 at bound k = 1 UNSATISFIABLE
SBY 21:57:02 [cover_btor] engine_0: [btor&gt;mc] bad state property 239 at bound k = 1 UNSATISFIABLE
SBY 21:57:02 [cover_btor] engine_0: [btor&gt;mc] bad state property 240 at bound k = 1 UNSATISFIABLE
SBY 21:57:02 [cover_btor] engine_0: [btor&gt;mc] bad state property 241 at bound k = 1 UNSATISFIABLE
SBY 21:57:02 [cover_btor] engine_0: [btor&gt;mc] bad state property 242 at bound k = 1 UNSATISFIABLE
SBY 21:57:02 [cover_btor] engine_0: [btor&gt;mc] bad state property 243 at bound k = 1 UNSATISFIABLE
SBY 21:57:02 [cover_btor] engine_0: [btor&gt;mc] bad state property 244 at bound k = 1 UNSATISFIABLE
SBY 21:57:02 [cover_btor] engine_0: [btor&gt;mc] bad state property 245 at bound k = 1 UNSATISFIABLE
SBY 21:57:02 [cover_btor] engine_0: [btor&gt;mc] bad state property 246 at bound k = 1 UNSATISFIABLE
SBY 21:57:02 [cover_btor] engine_0: [btor&gt;mc] bad state property 247 at bound k = 1 UNSATISFIABLE
SBY 21:57:02 [cover_btor] engine_0: [btor&gt;mc] bad state property 248 at bound k = 1 UNSATISFIABLE
SBY 21:57:02 [cover_btor] engine_0: [btor&gt;mc] bad state property 249 at bound k = 1 UNSATISFIABLE
SBY 21:57:02 [cover_btor] engine_0: [btor&gt;mc] bad state property 250 at bound k = 1 UNSATISFIABLE
SBY 21:57:02 [cover_btor] engine_0: [btor&gt;mc] bad state property 251 at bound k = 1 UNSATISFIABLE
SBY 21:57:02 [cover_btor] engine_0: [btor&gt;mc] bad state property 252 at bound k = 1 UNSATISFIABLE
SBY 21:57:02 [cover_btor] engine_0: [btor&gt;mc] bad state property 253 at bound k = 1 UNSATISFIABLE
SBY 21:57:02 [cover_btor] engine_0: [btor&gt;mc] bad state property 254 at bound k = 1 UNSATISFIABLE
SBY 21:57:02 [cover_btor] engine_0: [btor&gt;mc] bad state property 255 at bound k = 1 UNSATISFIABLE
SBY 21:57:02 [cover_btor] engine_0: [btor&gt;mc] bad state property 256 at bound k = 1 UNSATISFIABLE
[...]
SBY 21:57:11 [cover_btor] engine_0: [btor&gt;mc] bad state property 0 at bound k = 15 UNSATISFIABLE
SBY 21:57:11 [cover_btor] engine_0: [btor&gt;mc] found 0 reachable and 0 unreachable bad state properties at bound k = 15
SBY 21:57:11 [cover_btor] engine_0: [btor&gt;mc] bad state property 0 at bound k = 16 UNSATISFIABLE
SBY 21:57:11 [cover_btor] engine_0: [btor&gt;mc] found 0 reachable and 0 unreachable bad state properties at bound k = 16
SBY 21:57:11 [cover_btor] engine_0: [btor&gt;mc] bad state property 0 at bound k = 17 UNSATISFIABLE
SBY 21:57:11 [cover_btor] engine_0: [btor&gt;mc] found 0 reachable and 0 unreachable bad state properties at bound k = 17
SBY 21:57:12 [cover_btor] engine_0: [btor&gt;mc] bad state property 0 at bound k = 18 UNSATISFIABLE
SBY 21:57:12 [cover_btor] engine_0: [btor&gt;mc] found 0 reachable and 0 unreachable bad state properties at bound k = 18
SBY 21:57:12 [cover_btor] engine_0: [btor&gt;mc] bad state property 0 at bound k = 19 UNSATISFIABLE
SBY 21:57:12 [cover_btor] engine_0: [btor&gt;mc] found 0 reachable and 0 unreachable bad state properties at bound k = 19
SBY 21:57:13 [cover_btor] engine_0: [btor&gt;mc] bad state property 0 at bound k = 20 UNSATISFIABLE
SBY 21:57:13 [cover_btor] engine_0: [btor&gt;mc] found 0 reachable and 0 unreachable bad state properties at bound k = 20
SBY 21:57:13 [cover_btor] engine_0: [btor&gt;mc] bad state property 0 at bound k = 21 UNSATISFIABLE
SBY 21:57:13 [cover_btor] engine_0: [btor&gt;mc] found 0 reachable and 0 unreachable bad state properties at bound k = 21
SBY 21:57:13 [cover_btor] engine_0: [btor&gt;mc] bad state property 0 at bound k = 22 UNSATISFIABLE
SBY 21:57:13 [cover_btor] engine_0: [btor&gt;mc] found 0 reachable and 0 unreachable bad state properties at bound k = 22
SBY 21:57:14 [cover_btor] engine_0: [btor&gt;mc] bad state property 0 at bound k = 23 UNSATISFIABLE
SBY 21:57:14 [cover_btor] engine_0: [btor&gt;mc] found 0 reachable and 0 unreachable bad state properties at bound k = 23
SBY 21:57:14 [cover_btor] engine_0: [btor&gt;mc] bad state property 0 at bound k = 24 UNSATISFIABLE
SBY 21:57:14 [cover_btor] engine_0: [btor&gt;mc] found 0 reachable and 0 unreachable bad state properties at bound k = 24
SBY 21:57:15 [cover_btor] engine_0: [btor&gt;mc] bad state property 0 at bound k = 25 UNSATISFIABLE
SBY 21:57:15 [cover_btor] engine_0: [btor&gt;mc] found 0 reachable and 0 unreachable bad state properties at bound k = 25
SBY 21:57:15 [cover_btor] engine_0: [btor&gt;mc] bad state property 0 at bound k = 26 UNSATISFIABLE
SBY 21:57:15 [cover_btor] engine_0: [btor&gt;mc] found 0 reachable and 0 unreachable bad state properties at bound k = 26
SBY 21:57:15 [cover_btor] engine_0: [btor&gt;mc] bad state property 0 at bound k = 27 UNSATISFIABLE
SBY 21:57:15 [cover_btor] engine_0: [btor&gt;mc] found 0 reachable and 0 unreachable bad state properties at bound k = 27
SBY 21:57:16 [cover_btor] engine_0: [btor&gt;mc] bad state property 0 at bound k = 28 UNSATISFIABLE
SBY 21:57:16 [cover_btor] engine_0: [btor&gt;mc] found 0 reachable and 0 unreachable bad state properties at bound k = 28
SBY 21:57:16 [cover_btor] engine_0: [btor&gt;mc] bad state property 0 at bound k = 29 UNSATISFIABLE
SBY 21:57:16 [cover_btor] engine_0: [btor&gt;mc] found 0 reachable and 0 unreachable bad state properties at bound k = 29
SBY 21:57:17 [cover_btor] engine_0: [btor&gt;mc] bad state property 0 at bound k = 30 UNSATISFIABLE
SBY 21:57:17 [cover_btor] engine_0: [btor&gt;mc] found 0 reachable and 0 unreachable bad state properties at bound k = 30
SBY 21:57:17 [cover_btor] engine_0: [btor&gt;mc] bad state property 0 at bound k = 31 UNSATISFIABLE
SBY 21:57:17 [cover_btor] engine_0: [btor&gt;mc] found 0 reachable and 0 unreachable bad state properties at bound k = 31
SBY 21:57:18 [cover_btor] engine_0: [btor&gt;mc] bad state property 0 at bound k = 32 UNSATISFIABLE
SBY 21:57:18 [cover_btor] engine_0: [btor&gt;mc] found 0 reachable and 0 unreachable bad state properties at bound k = 32
SBY 21:57:18 [cover_btor] engine_0: [btor&gt;mc] bad state property 0 at bound k = 33 UNSATISFIABLE
SBY 21:57:18 [cover_btor] engine_0: [btor&gt;mc] found 0 reachable and 0 unreachable bad state properties at bound k = 33
SBY 21:57:19 [cover_btor] engine_0: [btor&gt;mc] bad state property 0 at bound k = 34 UNSATISFIABLE
SBY 21:57:19 [cover_btor] engine_0: [btor&gt;mc] found 0 reachable and 0 unreachable bad state properties at bound k = 34
SBY 21:57:20 [cover_btor] engine_0: [btor&gt;mc] bad state property 0 at bound k = 35 UNSATISFIABLE
SBY 21:57:20 [cover_btor] engine_0: [btor&gt;mc] found 0 reachable and 0 unreachable bad state properties at bound k = 35
SBY 21:57:20 [cover_btor] engine_0: [btor&gt;mc] bad state property 0 at bound k = 36 UNSATISFIABLE
SBY 21:57:20 [cover_btor] engine_0: [btor&gt;mc] found 0 reachable and 0 unreachable bad state properties at bound k = 36
SBY 21:57:21 [cover_btor] engine_0: [btor&gt;mc] bad state property 0 at bound k = 37 UNSATISFIABLE
SBY 21:57:21 [cover_btor] engine_0: [btor&gt;mc] found 0 reachable and 0 unreachable bad state properties at bound k = 37
SBY 21:57:22 [cover_btor] engine_0: [btor&gt;mc] bad state property 0 at bound k = 38 UNSATISFIABLE
SBY 21:57:22 [cover_btor] engine_0: [btor&gt;mc] found 0 reachable and 0 unreachable bad state properties at bound k = 38
SBY 21:57:22 [cover_btor] engine_0: [btor&gt;mc] bad state property 0 at bound k = 39 UNSATISFIABLE
SBY 21:57:22 [cover_btor] engine_0: [btor&gt;mc] found 0 reachable and 0 unreachable bad state properties at bound k = 39
SBY 21:57:23 [cover_btor] engine_0: [btor&gt;mc] bad state property 0 at bound k = 40 UNSATISFIABLE
SBY 21:57:23 [cover_btor] engine_0: [btor&gt;mc] found 0 reachable and 0 unreachable bad state properties at bound k = 40
SBY 21:57:23 [cover_btor] engine_0: [btor&gt;mc] bad state property 0 at bound k = 41 UNSATISFIABLE
SBY 21:57:23 [cover_btor] engine_0: [btor&gt;mc] found 0 reachable and 0 unreachable bad state properties at bound k = 41
SBY 21:57:24 [cover_btor] engine_0: [btor&gt;mc] bad state property 0 at bound k = 42 UNSATISFIABLE
SBY 21:57:24 [cover_btor] engine_0: [btor&gt;mc] found 0 reachable and 0 unreachable bad state properties at bound k = 42
SBY 21:57:24 [cover_btor] engine_0: [btor&gt;mc] bad state property 0 at bound k = 43 UNSATISFIABLE
SBY 21:57:24 [cover_btor] engine_0: [btor&gt;mc] found 0 reachable and 0 unreachable bad state properties at bound k = 43
SBY 21:57:25 [cover_btor] engine_0: [btor&gt;mc] bad state property 0 at bound k = 44 UNSATISFIABLE
SBY 21:57:25 [cover_btor] engine_0: [btor&gt;mc] found 0 reachable and 0 unreachable bad state properties at bound k = 44
SBY 21:57:26 [cover_btor] engine_0: [btor&gt;mc] bad state property 0 at bound k = 45 UNSATISFIABLE
SBY 21:57:26 [cover_btor] engine_0: [btor&gt;mc] found 0 reachable and 0 unreachable bad state properties at bound k = 45
SBY 21:57:26 [cover_btor] engine_0: [btor&gt;mc] bad state property 0 at bound k = 46 UNSATISFIABLE
SBY 21:57:26 [cover_btor] engine_0: [btor&gt;mc] found 0 reachable and 0 unreachable bad state properties at bound k = 46
SBY 21:57:27 [cover_btor] engine_0: [btor&gt;mc] bad state property 0 at bound k = 47 UNSATISFIABLE
SBY 21:57:27 [cover_btor] engine_0: [btor&gt;mc] found 0 reachable and 0 unreachable bad state properties at bound k = 47
SBY 21:57:28 [cover_btor] engine_0: [btor&gt;mc] bad state property 0 at bound k = 48 UNSATISFIABLE
SBY 21:57:28 [cover_btor] engine_0: [btor&gt;mc] found 0 reachable and 0 unreachable bad state properties at bound k = 48
SBY 21:57:29 [cover_btor] engine_0: [btor&gt;mc] bad state property 0 at bound k = 49 UNSATISFIABLE
SBY 21:57:29 [cover_btor] engine_0: [btor&gt;mc] found 0 reachable and 0 unreachable bad state properties at bound k = 49
SBY 21:57:29 [cover_btor] engine_0: [btor&gt;mc] bad state property 0 at bound k = 50 UNSATISFIABLE
SBY 21:57:29 [cover_btor] engine_0: [btor&gt;mc] found 0 reachable and 0 unreachable bad state properties at bound k = 50
SBY 21:57:30 [cover_btor] engine_0: [btor&gt;mc] bad state property 0 at bound k = 51 UNSATISFIABLE
SBY 21:57:30 [cover_btor] engine_0: [btor&gt;mc] found 0 reachable and 0 unreachable bad state properties at bound k = 51
SBY 21:57:31 [cover_btor] engine_0: [btor&gt;mc] bad state property 0 at bound k = 52 UNSATISFIABLE
SBY 21:57:31 [cover_btor] engine_0: [btor&gt;mc] found 0 reachable and 0 unreachable bad state properties at bound k = 52
SBY 21:57:32 [cover_btor] engine_0: [btor&gt;mc] bad state property 0 at bound k = 53 UNSATISFIABLE
SBY 21:57:32 [cover_btor] engine_0: [btor&gt;mc] found 0 reachable and 0 unreachable bad state properties at bound k = 53
SBY 21:57:33 [cover_btor] engine_0: [btor&gt;mc] bad state property 0 at bound k = 54 UNSATISFIABLE
SBY 21:57:33 [cover_btor] engine_0: [btor&gt;mc] found 0 reachable and 0 unreachable bad state properties at bound k = 54
SBY 21:57:35 [cover_btor] engine_0: [btor&gt;mc] bad state property 0 at bound k = 55 UNSATISFIABLE
SBY 21:57:35 [cover_btor] engine_0: [btor&gt;mc] found 0 reachable and 0 unreachable bad state properties at bound k = 55
SBY 21:57:36 [cover_btor] engine_0: [btor&gt;mc] bad state property 0 at bound k = 56 UNSATISFIABLE
SBY 21:57:36 [cover_btor] engine_0: [btor&gt;mc] found 0 reachable and 0 unreachable bad state properties at bound k = 56
SBY 21:57:38 [cover_btor] engine_0: [btor&gt;mc] bad state property 0 at bound k = 57 UNSATISFIABLE
SBY 21:57:38 [cover_btor] engine_0: [btor&gt;mc] found 0 reachable and 0 unreachable bad state properties at bound k = 57
SBY 21:57:39 [cover_btor] engine_0: [btor&gt;mc] bad state property 0 at bound k = 58 UNSATISFIABLE
SBY 21:57:39 [cover_btor] engine_0: [btor&gt;mc] found 0 reachable and 0 unreachable bad state properties at bound k = 58
SBY 21:57:40 [cover_btor] engine_0: [btor&gt;mc] bad state property 0 at bound k = 59 UNSATISFIABLE
SBY 21:57:40 [cover_btor] engine_0: [btor&gt;mc] found 0 reachable and 0 unreachable bad state properties at bound k = 59
SBY 21:57:42 [cover_btor] engine_0: [btor&gt;mc] bad state property 0 at bound k = 60 UNSATISFIABLE
SBY 21:57:42 [cover_btor] engine_0: [btor&gt;mc] found 0 reachable and 0 unreachable bad state properties at bound k = 60
SBY 21:57:43 [cover_btor] engine_0: [btor&gt;mc] bad state property 0 at bound k = 61 UNSATISFIABLE
SBY 21:57:43 [cover_btor] engine_0: [btor&gt;mc] found 0 reachable and 0 unreachable bad state properties at bound k = 61
SBY 21:57:44 [cover_btor] engine_0: [btor&gt;mc] bad state property 0 at bound k = 62 UNSATISFIABLE
SBY 21:57:44 [cover_btor] engine_0: [btor&gt;mc] found 0 reachable and 0 unreachable bad state properties at bound k = 62
SBY 21:57:45 [cover_btor] engine_0: [btor&gt;mc] bad state property 0 at bound k = 63 UNSATISFIABLE
SBY 21:57:45 [cover_btor] engine_0: [btor&gt;mc] found 0 reachable and 0 unreachable bad state properties at bound k = 63
SBY 21:57:46 [cover_btor] engine_0: [btor&gt;mc] bad state property 0 at bound k = 64 UNSATISFIABLE
SBY 21:57:46 [cover_btor] engine_0: [btor&gt;mc] found 0 reachable and 0 unreachable bad state properties at bound k = 64
SBY 21:57:47 [cover_btor] engine_0: [btor&gt;mc] bad state property 0 at bound k = 65 UNSATISFIABLE
SBY 21:57:47 [cover_btor] engine_0: [btor&gt;mc] found 0 reachable and 0 unreachable bad state properties at bound k = 65
SBY 21:57:48 [cover_btor] engine_0: [btor&gt;mc] bad state property 0 at bound k = 66 UNSATISFIABLE
SBY 21:57:48 [cover_btor] engine_0: [btor&gt;mc] found 0 reachable and 0 unreachable bad state properties at bound k = 66
SBY 21:57:50 [cover_btor] engine_0: [btor&gt;mc] bad state property 0 at bound k = 67 UNSATISFIABLE
SBY 21:57:50 [cover_btor] engine_0: [btor&gt;mc] found 0 reachable and 0 unreachable bad state properties at bound k = 67
SBY 21:57:51 [cover_btor] engine_0: [btor&gt;mc] bad state property 0 at bound k = 68 UNSATISFIABLE
SBY 21:57:51 [cover_btor] engine_0: [btor&gt;mc] found 0 reachable and 0 unreachable bad state properties at bound k = 68
SBY 21:57:52 [cover_btor] engine_0: [btor&gt;mc] bad state property 0 at bound k = 69 UNSATISFIABLE
SBY 21:57:52 [cover_btor] engine_0: [btor&gt;mc] found 0 reachable and 0 unreachable bad state properties at bound k = 69
SBY 21:57:53 [cover_btor] engine_0: [btor&gt;mc] bad state property 0 at bound k = 70 UNSATISFIABLE
SBY 21:57:53 [cover_btor] engine_0: [btor&gt;mc] found 0 reachable and 0 unreachable bad state properties at bound k = 70
SBY 21:57:55 [cover_btor] engine_0: [btor&gt;mc] bad state property 0 at bound k = 71 UNSATISFIABLE
SBY 21:57:55 [cover_btor] engine_0: [btor&gt;mc] found 0 reachable and 0 unreachable bad state properties at bound k = 71
SBY 21:57:56 [cover_btor] engine_0: [btor&gt;mc] bad state property 0 at bound k = 72 UNSATISFIABLE
SBY 21:57:56 [cover_btor] engine_0: [btor&gt;mc] found 0 reachable and 0 unreachable bad state properties at bound k = 72
SBY 21:57:58 [cover_btor] engine_0: [btor&gt;mc] bad state property 0 at bound k = 73 UNSATISFIABLE
SBY 21:57:58 [cover_btor] engine_0: [btor&gt;mc] found 0 reachable and 0 unreachable bad state properties at bound k = 73
SBY 21:57:59 [cover_btor] engine_0: [btor&gt;mc] bad state property 0 at bound k = 74 UNSATISFIABLE
SBY 21:57:59 [cover_btor] engine_0: [btor&gt;mc] found 0 reachable and 0 unreachable bad state properties at bound k = 74
SBY 21:58:01 [cover_btor] engine_0: [btor&gt;mc] bad state property 0 at bound k = 75 UNSATISFIABLE
SBY 21:58:01 [cover_btor] engine_0: [btor&gt;mc] found 0 reachable and 0 unreachable bad state properties at bound k = 75
SBY 21:58:03 [cover_btor] engine_0: [btor&gt;mc] bad state property 0 at bound k = 76 UNSATISFIABLE
SBY 21:58:03 [cover_btor] engine_0: [btor&gt;mc] found 0 reachable and 0 unreachable bad state properties at bound k = 76
SBY 21:58:05 [cover_btor] engine_0: [btor&gt;mc] bad state property 0 at bound k = 77 UNSATISFIABLE
SBY 21:58:05 [cover_btor] engine_0: [btor&gt;mc] found 0 reachable and 0 unreachable bad state properties at bound k = 77
SBY 21:58:06 [cover_btor] engine_0: [btor&gt;mc] bad state property 0 at bound k = 78 UNSATISFIABLE
SBY 21:58:06 [cover_btor] engine_0: [btor&gt;mc] found 0 reachable and 0 unreachable bad state properties at bound k = 78
SBY 21:58:08 [cover_btor] engine_0: [btor&gt;mc] bad state property 0 at bound k = 79 UNSATISFIABLE
SBY 21:58:08 [cover_btor] engine_0: [btor&gt;mc] found 0 reachable and 0 unreachable bad state properties at bound k = 79
SBY 21:58:10 [cover_btor] engine_0: [btor&gt;mc] bad state property 0 at bound k = 80 UNSATISFIABLE
SBY 21:58:10 [cover_btor] engine_0: [btor&gt;mc] found 0 reachable and 0 unreachable bad state properties at bound k = 80
SBY 21:58:11 [cover_btor] engine_0: [btor&gt;mc] bad state property 0 at bound k = 81 UNSATISFIABLE
SBY 21:58:11 [cover_btor] engine_0: [btor&gt;mc] found 0 reachable and 0 unreachable bad state properties at bound k = 81
SBY 21:58:13 [cover_btor] engine_0: [btor&gt;mc] bad state property 0 at bound k = 82 UNSATISFIABLE
SBY 21:58:13 [cover_btor] engine_0: [btor&gt;mc] found 0 reachable and 0 unreachable bad state properties at bound k = 82
SBY 21:58:16 [cover_btor] engine_0: [btor&gt;mc] bad state property 0 at bound k = 83 UNSATISFIABLE
SBY 21:58:16 [cover_btor] engine_0: [btor&gt;mc] found 0 reachable and 0 unreachable bad state properties at bound k = 83
SBY 21:58:18 [cover_btor] engine_0: [btor&gt;mc] bad state property 0 at bound k = 84 UNSATISFIABLE
SBY 21:58:18 [cover_btor] engine_0: [btor&gt;mc] found 0 reachable and 0 unreachable bad state properties at bound k = 84
SBY 21:58:19 [cover_btor] engine_0: [btor&gt;mc] bad state property 0 at bound k = 85 UNSATISFIABLE
SBY 21:58:19 [cover_btor] engine_0: [btor&gt;mc] found 0 reachable and 0 unreachable bad state properties at bound k = 85
SBY 21:58:21 [cover_btor] engine_0: [btor&gt;mc] bad state property 0 at bound k = 86 UNSATISFIABLE
SBY 21:58:21 [cover_btor] engine_0: [btor&gt;mc] found 0 reachable and 0 unreachable bad state properties at bound k = 86
SBY 21:58:22 [cover_btor] engine_0: [btor&gt;mc] bad state property 0 at bound k = 87 UNSATISFIABLE
SBY 21:58:22 [cover_btor] engine_0: [btor&gt;mc] found 0 reachable and 0 unreachable bad state properties at bound k = 87
SBY 21:58:24 [cover_btor] engine_0: [btor&gt;mc] bad state property 0 at bound k = 88 UNSATISFIABLE
SBY 21:58:24 [cover_btor] engine_0: [btor&gt;mc] found 0 reachable and 0 unreachable bad state properties at bound k = 88
SBY 21:58:25 [cover_btor] engine_0: [btor&gt;mc] bad state property 0 at bound k = 89 UNSATISFIABLE
SBY 21:58:25 [cover_btor] engine_0: [btor&gt;mc] found 0 reachable and 0 unreachable bad state properties at bound k = 89
SBY 21:58:27 [cover_btor] engine_0: [btor&gt;mc] bad state property 0 at bound k = 90 UNSATISFIABLE
SBY 21:58:27 [cover_btor] engine_0: [btor&gt;mc] found 0 reachable and 0 unreachable bad state properties at bound k = 90
SBY 21:58:29 [cover_btor] engine_0: [btor&gt;mc] bad state property 0 at bound k = 91 UNSATISFIABLE
SBY 21:58:29 [cover_btor] engine_0: [btor&gt;mc] found 0 reachable and 0 unreachable bad state properties at bound k = 91
SBY 21:58:31 [cover_btor] engine_0: [btor&gt;mc] bad state property 0 at bound k = 92 UNSATISFIABLE
SBY 21:58:31 [cover_btor] engine_0: [btor&gt;mc] found 0 reachable and 0 unreachable bad state properties at bound k = 92
SBY 21:58:34 [cover_btor] engine_0: [btor&gt;mc] bad state property 0 at bound k = 93 UNSATISFIABLE
SBY 21:58:34 [cover_btor] engine_0: [btor&gt;mc] found 0 reachable and 0 unreachable bad state properties at bound k = 93
SBY 21:58:36 [cover_btor] engine_0: [btor&gt;mc] bad state property 0 at bound k = 94 UNSATISFIABLE
SBY 21:58:36 [cover_btor] engine_0: [btor&gt;mc] found 0 reachable and 0 unreachable bad state properties at bound k = 94
SBY 21:58:37 [cover_btor] engine_0: [btor&gt;mc] bad state property 0 at bound k = 95 UNSATISFIABLE
SBY 21:58:37 [cover_btor] engine_0: [btor&gt;mc] found 0 reachable and 0 unreachable bad state properties at bound k = 95
SBY 21:58:39 [cover_btor] engine_0: [btor&gt;mc] bad state property 0 at bound k = 96 UNSATISFIABLE
SBY 21:58:39 [cover_btor] engine_0: [btor&gt;mc] found 0 reachable and 0 unreachable bad state properties at bound k = 96
SBY 21:58:41 [cover_btor] engine_0: [btor&gt;mc] bad state property 0 at bound k = 97 UNSATISFIABLE
SBY 21:58:41 [cover_btor] engine_0: [btor&gt;mc] found 0 reachable and 0 unreachable bad state properties at bound k = 97
SBY 21:58:42 [cover_btor] engine_0: [btor&gt;mc] bad state property 0 at bound k = 98 UNSATISFIABLE
SBY 21:58:42 [cover_btor] engine_0: [btor&gt;mc] found 0 reachable and 0 unreachable bad state properties at bound k = 98
SBY 21:58:44 [cover_btor] engine_0: [btor&gt;mc] bad state property 0 at bound k = 99 UNSATISFIABLE
SBY 21:58:44 [cover_btor] engine_0: [btor&gt;mc] found 0 reachable and 0 unreachable bad state properties at bound k = 99
SBY 21:58:44 [cover_btor] engine_0: [btor&gt;mc] deleting model checker: 153 inputs, 1147 states, 374 bad, 1 constraints
SBY 21:58:46 [cover_btor] engine_0: finished (returncode=0)
SBY 21:58:46 [cover_btor] engine_0: Status returned by engine: FAIL
SBY 21:58:46 [cover_btor] summary: Elapsed clock time [H:MM:SS (secs)]: 0:01:51 (111)
SBY 21:58:46 [cover_btor] summary: Elapsed process time [H:MM:SS (secs)]: 0:02:19 (139)
SBY 21:58:46 [cover_btor] summary: engine_0 (btor btormc) returned FAIL
SBY 21:58:46 [cover_btor] summary: trace: cover_btor/engine_0/trace0.vcd
SBY 21:58:46 [cover_btor] summary: trace: cover_btor/engine_0/trace1.vcd
SBY 21:58:46 [cover_btor] summary: trace: cover_btor/engine_0/trace2.vcd
SBY 21:58:46 [cover_btor] summary: trace: cover_btor/engine_0/trace4.vcd
SBY 21:58:46 [cover_btor] summary: trace: cover_btor/engine_0/trace6.vcd
SBY 21:58:46 [cover_btor] summary: and 368 further traces
SBY 21:58:46 [cover_btor] DONE (FAIL, rc=2)
</system-out>
<system-err>
</system-err>
</testsuite>
</testsuites>
