<?xml version="1.0" encoding="UTF-8"?>
<testsuites>
<testsuite timestamp="2022-05-10T20:52:05" hostname="haskell" package="cover_z3" id="0" name="default" tests="402" errors="0" failures="2" time="4173" skipped="0">
<properties>
<property name="os" value="Linux"/>
<property name="expect" value="PASS"/>
<property name="status" value="FAIL"/>
</properties>
<testcase classname="default" name="build execution" time="0">
<failure type="FAIL" message="Task returned status FAIL." />
</testcase>
<testcase classname="default" name="Property COVER in Sodor1StageTop at Sodor1Stage_formal.sv:427.55-428.31" time="0" type="COVER" location="Sodor1Stage_formal.sv:427.55-428.31" id="$cover$Sodor1Stage_formal.sv:427$1422">
<failure type="COVER" message="Property COVER in Sodor1StageTop at Sodor1Stage_formal.sv:427.55-428.31 failed." />
</testcase>
<testcase classname="default" name="Property COVER in Sodor1StageTop at Sodor1Stage_formal.sv:428.32-429.31" time="0" type="COVER" location="Sodor1Stage_formal.sv:428.32-429.31" id="$cover$Sodor1Stage_formal.sv:428$1423" tracefile="engine_0/trace0.vcd">
</testcase>
<testcase classname="default" name="Property COVER in Sodor1StageTop at Sodor1Stage_formal.sv:429.32-430.31" time="0" type="COVER" location="Sodor1Stage_formal.sv:429.32-430.31" id="$cover$Sodor1Stage_formal.sv:429$1424" tracefile="engine_0/trace125.vcd">
</testcase>
<testcase classname="default" name="Property COVER in Sodor1StageTop at Sodor1Stage_formal.sv:430.32-431.31" time="0" type="COVER" location="Sodor1Stage_formal.sv:430.32-431.31" id="$cover$Sodor1Stage_formal.sv:430$1425" tracefile="engine_0/trace0.vcd">
</testcase>
<testcase classname="default" name="Property COVER in Sodor1StageTop at Sodor1Stage_formal.sv:431.32-432.31" time="0" type="COVER" location="Sodor1Stage_formal.sv:431.32-432.31" id="$cover$Sodor1Stage_formal.sv:431$1426" tracefile="engine_0/trace80.vcd">
</testcase>
<testcase classname="default" name="Property COVER in Sodor1StageTop at Sodor1Stage_formal.sv:432.32-433.31" time="0" type="COVER" location="Sodor1Stage_formal.sv:432.32-433.31" id="$cover$Sodor1Stage_formal.sv:432$1427" tracefile="engine_0/trace0.vcd">
</testcase>
<testcase classname="default" name="Property COVER in Sodor1StageTop at Sodor1Stage_formal.sv:433.32-434.31" time="0" type="COVER" location="Sodor1Stage_formal.sv:433.32-434.31" id="$cover$Sodor1Stage_formal.sv:433$1428" tracefile="engine_0/trace115.vcd">
</testcase>
<testcase classname="default" name="Property COVER in Sodor1StageTop at Sodor1Stage_formal.sv:434.32-435.31" time="0" type="COVER" location="Sodor1Stage_formal.sv:434.32-435.31" id="$cover$Sodor1Stage_formal.sv:434$1429" tracefile="engine_0/trace0.vcd">
</testcase>
<testcase classname="default" name="Property COVER in Sodor1StageTop at Sodor1Stage_formal.sv:435.32-436.31" time="0" type="COVER" location="Sodor1Stage_formal.sv:435.32-436.31" id="$cover$Sodor1Stage_formal.sv:435$1430" tracefile="engine_0/trace107.vcd">
</testcase>
<testcase classname="default" name="Property COVER in Sodor1StageTop at Sodor1Stage_formal.sv:436.32-437.31" time="0" type="COVER" location="Sodor1Stage_formal.sv:436.32-437.31" id="$cover$Sodor1Stage_formal.sv:436$1431" tracefile="engine_0/trace0.vcd">
</testcase>
<testcase classname="default" name="Property COVER in Sodor1StageTop at Sodor1Stage_formal.sv:437.32-438.31" time="0" type="COVER" location="Sodor1Stage_formal.sv:437.32-438.31" id="$cover$Sodor1Stage_formal.sv:437$1432" tracefile="engine_0/trace102.vcd">
</testcase>
<testcase classname="default" name="Property COVER in Sodor1StageTop at Sodor1Stage_formal.sv:438.32-439.31" time="0" type="COVER" location="Sodor1Stage_formal.sv:438.32-439.31" id="$cover$Sodor1Stage_formal.sv:438$1433" tracefile="engine_0/trace0.vcd">
</testcase>
<testcase classname="default" name="Property COVER in Sodor1StageTop at Sodor1Stage_formal.sv:439.32-440.31" time="0" type="COVER" location="Sodor1Stage_formal.sv:439.32-440.31" id="$cover$Sodor1Stage_formal.sv:439$1434" tracefile="engine_0/trace106.vcd">
</testcase>
<testcase classname="default" name="Property COVER in Sodor1StageTop at Sodor1Stage_formal.sv:440.32-441.31" time="0" type="COVER" location="Sodor1Stage_formal.sv:440.32-441.31" id="$cover$Sodor1Stage_formal.sv:440$1435" tracefile="engine_0/trace0.vcd">
</testcase>
<testcase classname="default" name="Property COVER in Sodor1StageTop at Sodor1Stage_formal.sv:441.32-442.31" time="0" type="COVER" location="Sodor1Stage_formal.sv:441.32-442.31" id="$cover$Sodor1Stage_formal.sv:441$1436" tracefile="engine_0/trace35.vcd">
</testcase>
<testcase classname="default" name="Property COVER in Sodor1StageTop at Sodor1Stage_formal.sv:442.32-443.31" time="0" type="COVER" location="Sodor1Stage_formal.sv:442.32-443.31" id="$cover$Sodor1Stage_formal.sv:442$1437" tracefile="engine_0/trace0.vcd">
</testcase>
<testcase classname="default" name="Property COVER in Sodor1StageTop at Sodor1Stage_formal.sv:443.32-444.31" time="0" type="COVER" location="Sodor1Stage_formal.sv:443.32-444.31" id="$cover$Sodor1Stage_formal.sv:443$1438" tracefile="engine_0/trace66.vcd">
</testcase>
<testcase classname="default" name="Property COVER in Sodor1StageTop at Sodor1Stage_formal.sv:444.32-445.31" time="0" type="COVER" location="Sodor1Stage_formal.sv:444.32-445.31" id="$cover$Sodor1Stage_formal.sv:444$1439" tracefile="engine_0/trace0.vcd">
</testcase>
<testcase classname="default" name="Property COVER in Sodor1StageTop at Sodor1Stage_formal.sv:445.32-446.31" time="0" type="COVER" location="Sodor1Stage_formal.sv:445.32-446.31" id="$cover$Sodor1Stage_formal.sv:445$1440" tracefile="engine_0/trace87.vcd">
</testcase>
<testcase classname="default" name="Property COVER in Sodor1StageTop at Sodor1Stage_formal.sv:446.32-447.31" time="0" type="COVER" location="Sodor1Stage_formal.sv:446.32-447.31" id="$cover$Sodor1Stage_formal.sv:446$1441" tracefile="engine_0/trace0.vcd">
</testcase>
<testcase classname="default" name="Property COVER in Sodor1StageTop at Sodor1Stage_formal.sv:447.32-448.32" time="0" type="COVER" location="Sodor1Stage_formal.sv:447.32-448.32" id="$cover$Sodor1Stage_formal.sv:447$1442" tracefile="engine_0/trace122.vcd">
</testcase>
<testcase classname="default" name="Property COVER in Sodor1StageTop at Sodor1Stage_formal.sv:448.33-449.32" time="0" type="COVER" location="Sodor1Stage_formal.sv:448.33-449.32" id="$cover$Sodor1Stage_formal.sv:448$1443" tracefile="engine_0/trace0.vcd">
</testcase>
<testcase classname="default" name="Property COVER in Sodor1StageTop at Sodor1Stage_formal.sv:449.33-450.32" time="0" type="COVER" location="Sodor1Stage_formal.sv:449.33-450.32" id="$cover$Sodor1Stage_formal.sv:449$1444" tracefile="engine_0/trace126.vcd">
</testcase>
<testcase classname="default" name="Property COVER in Sodor1StageTop at Sodor1Stage_formal.sv:450.33-451.32" time="0" type="COVER" location="Sodor1Stage_formal.sv:450.33-451.32" id="$cover$Sodor1Stage_formal.sv:450$1445" tracefile="engine_0/trace0.vcd">
</testcase>
<testcase classname="default" name="Property COVER in Sodor1StageTop at Sodor1Stage_formal.sv:451.33-452.32" time="0" type="COVER" location="Sodor1Stage_formal.sv:451.33-452.32" id="$cover$Sodor1Stage_formal.sv:451$1446" tracefile="engine_0/trace127.vcd">
</testcase>
<testcase classname="default" name="Property COVER in Sodor1StageTop at Sodor1Stage_formal.sv:452.33-453.32" time="0" type="COVER" location="Sodor1Stage_formal.sv:452.33-453.32" id="$cover$Sodor1Stage_formal.sv:452$1447" tracefile="engine_0/trace0.vcd">
</testcase>
<testcase classname="default" name="Property COVER in Sodor1StageTop at Sodor1Stage_formal.sv:453.33-454.32" time="0" type="COVER" location="Sodor1Stage_formal.sv:453.33-454.32" id="$cover$Sodor1Stage_formal.sv:453$1448" tracefile="engine_0/trace119.vcd">
</testcase>
<testcase classname="default" name="Property COVER in Sodor1StageTop at Sodor1Stage_formal.sv:454.33-455.32" time="0" type="COVER" location="Sodor1Stage_formal.sv:454.33-455.32" id="$cover$Sodor1Stage_formal.sv:454$1449" tracefile="engine_0/trace0.vcd">
</testcase>
<testcase classname="default" name="Property COVER in Sodor1StageTop at Sodor1Stage_formal.sv:455.33-456.32" time="0" type="COVER" location="Sodor1Stage_formal.sv:455.33-456.32" id="$cover$Sodor1Stage_formal.sv:455$1450" tracefile="engine_0/trace120.vcd">
</testcase>
<testcase classname="default" name="Property COVER in Sodor1StageTop at Sodor1Stage_formal.sv:456.33-457.32" time="0" type="COVER" location="Sodor1Stage_formal.sv:456.33-457.32" id="$cover$Sodor1Stage_formal.sv:456$1451" tracefile="engine_0/trace0.vcd">
</testcase>
<testcase classname="default" name="Property COVER in Sodor1StageTop at Sodor1Stage_formal.sv:457.33-458.32" time="0" type="COVER" location="Sodor1Stage_formal.sv:457.33-458.32" id="$cover$Sodor1Stage_formal.sv:457$1452" tracefile="engine_0/trace121.vcd">
</testcase>
<testcase classname="default" name="Property COVER in Sodor1StageTop at Sodor1Stage_formal.sv:458.33-459.32" time="0" type="COVER" location="Sodor1Stage_formal.sv:458.33-459.32" id="$cover$Sodor1Stage_formal.sv:458$1453" tracefile="engine_0/trace0.vcd">
</testcase>
<testcase classname="default" name="Property COVER in Sodor1StageTop at Sodor1Stage_formal.sv:459.33-460.32" time="0" type="COVER" location="Sodor1Stage_formal.sv:459.33-460.32" id="$cover$Sodor1Stage_formal.sv:459$1454" tracefile="engine_0/trace131.vcd">
</testcase>
<testcase classname="default" name="Property COVER in Sodor1StageTop at Sodor1Stage_formal.sv:460.33-461.32" time="0" type="COVER" location="Sodor1Stage_formal.sv:460.33-461.32" id="$cover$Sodor1Stage_formal.sv:460$1455" tracefile="engine_0/trace0.vcd">
</testcase>
<testcase classname="default" name="Property COVER in Sodor1StageTop at Sodor1Stage_formal.sv:461.33-462.32" time="0" type="COVER" location="Sodor1Stage_formal.sv:461.33-462.32" id="$cover$Sodor1Stage_formal.sv:461$1456" tracefile="engine_0/trace124.vcd">
</testcase>
<testcase classname="default" name="Property COVER in Sodor1StageTop at Sodor1Stage_formal.sv:462.33-463.32" time="0" type="COVER" location="Sodor1Stage_formal.sv:462.33-463.32" id="$cover$Sodor1Stage_formal.sv:462$1457" tracefile="engine_0/trace0.vcd">
</testcase>
<testcase classname="default" name="Property COVER in Sodor1StageTop at Sodor1Stage_formal.sv:463.33-464.32" time="0" type="COVER" location="Sodor1Stage_formal.sv:463.33-464.32" id="$cover$Sodor1Stage_formal.sv:463$1458" tracefile="engine_0/trace133.vcd">
</testcase>
<testcase classname="default" name="Property COVER in Sodor1StageTop at Sodor1Stage_formal.sv:464.33-465.32" time="0" type="COVER" location="Sodor1Stage_formal.sv:464.33-465.32" id="$cover$Sodor1Stage_formal.sv:464$1459" tracefile="engine_0/trace0.vcd">
</testcase>
<testcase classname="default" name="Property COVER in Sodor1StageTop at Sodor1Stage_formal.sv:465.33-466.32" time="0" type="COVER" location="Sodor1Stage_formal.sv:465.33-466.32" id="$cover$Sodor1Stage_formal.sv:465$1460" tracefile="engine_0/trace113.vcd">
</testcase>
<testcase classname="default" name="Property COVER in Sodor1StageTop at Sodor1Stage_formal.sv:466.33-467.32" time="0" type="COVER" location="Sodor1Stage_formal.sv:466.33-467.32" id="$cover$Sodor1Stage_formal.sv:466$1461" tracefile="engine_0/trace0.vcd">
</testcase>
<testcase classname="default" name="Property COVER in Sodor1StageTop at Sodor1Stage_formal.sv:467.33-468.32" time="0" type="COVER" location="Sodor1Stage_formal.sv:467.33-468.32" id="$cover$Sodor1Stage_formal.sv:467$1462" tracefile="engine_0/trace130.vcd">
</testcase>
<testcase classname="default" name="Property COVER in Sodor1StageTop at Sodor1Stage_formal.sv:468.33-469.32" time="0" type="COVER" location="Sodor1Stage_formal.sv:468.33-469.32" id="$cover$Sodor1Stage_formal.sv:468$1463" tracefile="engine_0/trace0.vcd">
</testcase>
<testcase classname="default" name="Property COVER in Sodor1StageTop at Sodor1Stage_formal.sv:469.33-470.32" time="0" type="COVER" location="Sodor1Stage_formal.sv:469.33-470.32" id="$cover$Sodor1Stage_formal.sv:469$1464" tracefile="engine_0/trace132.vcd">
</testcase>
<testcase classname="default" name="Property COVER in Sodor1StageTop at Sodor1Stage_formal.sv:470.33-471.32" time="0" type="COVER" location="Sodor1Stage_formal.sv:470.33-471.32" id="$cover$Sodor1Stage_formal.sv:470$1465" tracefile="engine_0/trace0.vcd">
</testcase>
<testcase classname="default" name="Property COVER in Sodor1StageTop at Sodor1Stage_formal.sv:471.33-472.32" time="0" type="COVER" location="Sodor1Stage_formal.sv:471.33-472.32" id="$cover$Sodor1Stage_formal.sv:471$1466" tracefile="engine_0/trace123.vcd">
</testcase>
<testcase classname="default" name="Property COVER in Sodor1StageTop at Sodor1Stage_formal.sv:472.33-473.32" time="0" type="COVER" location="Sodor1Stage_formal.sv:472.33-473.32" id="$cover$Sodor1Stage_formal.sv:472$1467" tracefile="engine_0/trace0.vcd">
</testcase>
<testcase classname="default" name="Property COVER in Sodor1StageTop at Sodor1Stage_formal.sv:473.33-474.32" time="0" type="COVER" location="Sodor1Stage_formal.sv:473.33-474.32" id="$cover$Sodor1Stage_formal.sv:473$1468" tracefile="engine_0/trace117.vcd">
</testcase>
<testcase classname="default" name="Property COVER in Sodor1StageTop at Sodor1Stage_formal.sv:474.33-475.32" time="0" type="COVER" location="Sodor1Stage_formal.sv:474.33-475.32" id="$cover$Sodor1Stage_formal.sv:474$1469" tracefile="engine_0/trace0.vcd">
</testcase>
<testcase classname="default" name="Property COVER in Sodor1StageTop at Sodor1Stage_formal.sv:475.33-476.32" time="0" type="COVER" location="Sodor1Stage_formal.sv:475.33-476.32" id="$cover$Sodor1Stage_formal.sv:475$1470" tracefile="engine_0/trace129.vcd">
</testcase>
<testcase classname="default" name="Property COVER in Sodor1StageTop at Sodor1Stage_formal.sv:476.33-477.32" time="0" type="COVER" location="Sodor1Stage_formal.sv:476.33-477.32" id="$cover$Sodor1Stage_formal.sv:476$1471" tracefile="engine_0/trace0.vcd">
</testcase>
<testcase classname="default" name="Property COVER in Sodor1StageTop at Sodor1Stage_formal.sv:477.33-478.32" time="0" type="COVER" location="Sodor1Stage_formal.sv:477.33-478.32" id="$cover$Sodor1Stage_formal.sv:477$1472" tracefile="engine_0/trace128.vcd">
</testcase>
<testcase classname="default" name="Property COVER in Sodor1StageTop at Sodor1Stage_formal.sv:478.33-479.32" time="0" type="COVER" location="Sodor1Stage_formal.sv:478.33-479.32" id="$cover$Sodor1Stage_formal.sv:478$1473" tracefile="engine_0/trace0.vcd">
</testcase>
<testcase classname="default" name="Property COVER in Sodor1StageTop at Sodor1Stage_formal.sv:479.33-480.32" time="0" type="COVER" location="Sodor1Stage_formal.sv:479.33-480.32" id="$cover$Sodor1Stage_formal.sv:479$1474" tracefile="engine_0/trace118.vcd">
</testcase>
<testcase classname="default" name="Property COVER in Sodor1StageTop at Sodor1Stage_formal.sv:480.33-481.32" time="0" type="COVER" location="Sodor1Stage_formal.sv:480.33-481.32" id="$cover$Sodor1Stage_formal.sv:480$1475" tracefile="engine_0/trace0.vcd">
</testcase>
<testcase classname="default" name="Property COVER in Sodor1StageTop at Sodor1Stage_formal.sv:481.33-482.32" time="0" type="COVER" location="Sodor1Stage_formal.sv:481.33-482.32" id="$cover$Sodor1Stage_formal.sv:481$1476" tracefile="engine_0/trace111.vcd">
</testcase>
<testcase classname="default" name="Property COVER in Sodor1StageTop at Sodor1Stage_formal.sv:482.33-483.32" time="0" type="COVER" location="Sodor1Stage_formal.sv:482.33-483.32" id="$cover$Sodor1Stage_formal.sv:482$1477" tracefile="engine_0/trace0.vcd">
</testcase>
<testcase classname="default" name="Property COVER in Sodor1StageTop at Sodor1Stage_formal.sv:483.33-484.32" time="0" type="COVER" location="Sodor1Stage_formal.sv:483.33-484.32" id="$cover$Sodor1Stage_formal.sv:483$1478" tracefile="engine_0/trace8.vcd">
</testcase>
<testcase classname="default" name="Property COVER in Sodor1StageTop at Sodor1Stage_formal.sv:484.33-485.32" time="0" type="COVER" location="Sodor1Stage_formal.sv:484.33-485.32" id="$cover$Sodor1Stage_formal.sv:484$1479" tracefile="engine_0/trace0.vcd">
</testcase>
<testcase classname="default" name="Property COVER in Sodor1StageTop at Sodor1Stage_formal.sv:485.33-486.32" time="0" type="COVER" location="Sodor1Stage_formal.sv:485.33-486.32" id="$cover$Sodor1Stage_formal.sv:485$1480" tracefile="engine_0/trace32.vcd">
</testcase>
<testcase classname="default" name="Property COVER in Sodor1StageTop at Sodor1Stage_formal.sv:486.33-487.32" time="0" type="COVER" location="Sodor1Stage_formal.sv:486.33-487.32" id="$cover$Sodor1Stage_formal.sv:486$1481" tracefile="engine_0/trace0.vcd">
</testcase>
<testcase classname="default" name="Property COVER in Sodor1StageTop at Sodor1Stage_formal.sv:487.33-488.32" time="0" type="COVER" location="Sodor1Stage_formal.sv:487.33-488.32" id="$cover$Sodor1Stage_formal.sv:487$1482" tracefile="engine_0/trace31.vcd">
</testcase>
<testcase classname="default" name="Property COVER in Sodor1StageTop at Sodor1Stage_formal.sv:488.33-489.32" time="0" type="COVER" location="Sodor1Stage_formal.sv:488.33-489.32" id="$cover$Sodor1Stage_formal.sv:488$1483" tracefile="engine_0/trace0.vcd">
</testcase>
<testcase classname="default" name="Property COVER in Sodor1StageTop at Sodor1Stage_formal.sv:489.33-490.32" time="0" type="COVER" location="Sodor1Stage_formal.sv:489.33-490.32" id="$cover$Sodor1Stage_formal.sv:489$1484" tracefile="engine_0/trace61.vcd">
</testcase>
<testcase classname="default" name="Property COVER in Sodor1StageTop at Sodor1Stage_formal.sv:490.33-491.32" time="0" type="COVER" location="Sodor1Stage_formal.sv:490.33-491.32" id="$cover$Sodor1Stage_formal.sv:490$1485" tracefile="engine_0/trace0.vcd">
</testcase>
<testcase classname="default" name="Property COVER in Sodor1StageTop at Sodor1Stage_formal.sv:491.33-492.32" time="0" type="COVER" location="Sodor1Stage_formal.sv:491.33-492.32" id="$cover$Sodor1Stage_formal.sv:491$1486" tracefile="engine_0/trace42.vcd">
</testcase>
<testcase classname="default" name="Property COVER in Sodor1StageTop at Sodor1Stage_formal.sv:492.33-493.32" time="0" type="COVER" location="Sodor1Stage_formal.sv:492.33-493.32" id="$cover$Sodor1Stage_formal.sv:492$1487" tracefile="engine_0/trace0.vcd">
</testcase>
<testcase classname="default" name="Property COVER in Sodor1StageTop at Sodor1Stage_formal.sv:493.33-494.32" time="0" type="COVER" location="Sodor1Stage_formal.sv:493.33-494.32" id="$cover$Sodor1Stage_formal.sv:493$1488" tracefile="engine_0/trace109.vcd">
</testcase>
<testcase classname="default" name="Property COVER in Sodor1StageTop at Sodor1Stage_formal.sv:494.33-495.32" time="0" type="COVER" location="Sodor1Stage_formal.sv:494.33-495.32" id="$cover$Sodor1Stage_formal.sv:494$1489" tracefile="engine_0/trace0.vcd">
</testcase>
<testcase classname="default" name="Property COVER in Sodor1StageTop at Sodor1Stage_formal.sv:495.33-496.32" time="0" type="COVER" location="Sodor1Stage_formal.sv:495.33-496.32" id="$cover$Sodor1Stage_formal.sv:495$1490" tracefile="engine_0/trace112.vcd">
</testcase>
<testcase classname="default" name="Property COVER in Sodor1StageTop at Sodor1Stage_formal.sv:496.33-497.32" time="0" type="COVER" location="Sodor1Stage_formal.sv:496.33-497.32" id="$cover$Sodor1Stage_formal.sv:496$1491" tracefile="engine_0/trace0.vcd">
</testcase>
<testcase classname="default" name="Property COVER in Sodor1StageTop at Sodor1Stage_formal.sv:497.33-498.32" time="0" type="COVER" location="Sodor1Stage_formal.sv:497.33-498.32" id="$cover$Sodor1Stage_formal.sv:497$1492" tracefile="engine_0/trace116.vcd">
</testcase>
<testcase classname="default" name="Property COVER in Sodor1StageTop at Sodor1Stage_formal.sv:498.33-499.32" time="0" type="COVER" location="Sodor1Stage_formal.sv:498.33-499.32" id="$cover$Sodor1Stage_formal.sv:498$1493" tracefile="engine_0/trace0.vcd">
</testcase>
<testcase classname="default" name="Property COVER in Sodor1StageTop at Sodor1Stage_formal.sv:499.33-500.32" time="0" type="COVER" location="Sodor1Stage_formal.sv:499.33-500.32" id="$cover$Sodor1Stage_formal.sv:499$1494" tracefile="engine_0/trace114.vcd">
</testcase>
<testcase classname="default" name="Property COVER in Sodor1StageTop at Sodor1Stage_formal.sv:500.33-501.32" time="0" type="COVER" location="Sodor1Stage_formal.sv:500.33-501.32" id="$cover$Sodor1Stage_formal.sv:500$1495" tracefile="engine_0/trace0.vcd">
</testcase>
<testcase classname="default" name="Property COVER in Sodor1StageTop at Sodor1Stage_formal.sv:501.33-502.32" time="0" type="COVER" location="Sodor1Stage_formal.sv:501.33-502.32" id="$cover$Sodor1Stage_formal.sv:501$1496" tracefile="engine_0/trace108.vcd">
</testcase>
<testcase classname="default" name="Property COVER in Sodor1StageTop at Sodor1Stage_formal.sv:502.33-503.32" time="0" type="COVER" location="Sodor1Stage_formal.sv:502.33-503.32" id="$cover$Sodor1Stage_formal.sv:502$1497" tracefile="engine_0/trace0.vcd">
</testcase>
<testcase classname="default" name="Property COVER in Sodor1StageTop at Sodor1Stage_formal.sv:503.33-504.32" time="0" type="COVER" location="Sodor1Stage_formal.sv:503.33-504.32" id="$cover$Sodor1Stage_formal.sv:503$1498" tracefile="engine_0/trace21.vcd">
</testcase>
<testcase classname="default" name="Property COVER in Sodor1StageTop at Sodor1Stage_formal.sv:504.33-505.32" time="0" type="COVER" location="Sodor1Stage_formal.sv:504.33-505.32" id="$cover$Sodor1Stage_formal.sv:504$1499" tracefile="engine_0/trace0.vcd">
</testcase>
<testcase classname="default" name="Property COVER in Sodor1StageTop at Sodor1Stage_formal.sv:505.33-506.32" time="0" type="COVER" location="Sodor1Stage_formal.sv:505.33-506.32" id="$cover$Sodor1Stage_formal.sv:505$1500" tracefile="engine_0/trace0.vcd">
</testcase>
<testcase classname="default" name="Property COVER in Sodor1StageTop at Sodor1Stage_formal.sv:506.33-507.32" time="0" type="COVER" location="Sodor1Stage_formal.sv:506.33-507.32" id="$cover$Sodor1Stage_formal.sv:506$1501" tracefile="engine_0/trace1.vcd">
</testcase>
<testcase classname="default" name="Property COVER in Sodor1StageTop at Sodor1Stage_formal.sv:507.33-508.32" time="0" type="COVER" location="Sodor1Stage_formal.sv:507.33-508.32" id="$cover$Sodor1Stage_formal.sv:507$1502" tracefile="engine_0/trace1.vcd">
</testcase>
<testcase classname="default" name="Property COVER in Sodor1StageTop at Sodor1Stage_formal.sv:508.33-509.32" time="0" type="COVER" location="Sodor1Stage_formal.sv:508.33-509.32" id="$cover$Sodor1Stage_formal.sv:508$1503" tracefile="engine_0/trace0.vcd">
</testcase>
<testcase classname="default" name="Property COVER in Sodor1StageTop at Sodor1Stage_formal.sv:509.33-510.32" time="0" type="COVER" location="Sodor1Stage_formal.sv:509.33-510.32" id="$cover$Sodor1Stage_formal.sv:509$1504" tracefile="engine_0/trace23.vcd">
</testcase>
<testcase classname="default" name="Property COVER in Sodor1StageTop at Sodor1Stage_formal.sv:510.33-511.32" time="0" type="COVER" location="Sodor1Stage_formal.sv:510.33-511.32" id="$cover$Sodor1Stage_formal.sv:510$1505" tracefile="engine_0/trace0.vcd">
</testcase>
<testcase classname="default" name="Property COVER in Sodor1StageTop at Sodor1Stage_formal.sv:511.33-512.32" time="0" type="COVER" location="Sodor1Stage_formal.sv:511.33-512.32" id="$cover$Sodor1Stage_formal.sv:511$1506" tracefile="engine_0/trace63.vcd">
</testcase>
<testcase classname="default" name="Property COVER in Sodor1StageTop at Sodor1Stage_formal.sv:512.33-513.32" time="0" type="COVER" location="Sodor1Stage_formal.sv:512.33-513.32" id="$cover$Sodor1Stage_formal.sv:512$1507" tracefile="engine_0/trace0.vcd">
</testcase>
<testcase classname="default" name="Property COVER in Sodor1StageTop at Sodor1Stage_formal.sv:513.33-514.32" time="0" type="COVER" location="Sodor1Stage_formal.sv:513.33-514.32" id="$cover$Sodor1Stage_formal.sv:513$1508" tracefile="engine_0/trace12.vcd">
</testcase>
<testcase classname="default" name="Property COVER in Sodor1StageTop at Sodor1Stage_formal.sv:514.33-515.32" time="0" type="COVER" location="Sodor1Stage_formal.sv:514.33-515.32" id="$cover$Sodor1Stage_formal.sv:514$1509" tracefile="engine_0/trace0.vcd">
</testcase>
<testcase classname="default" name="Property COVER in Sodor1StageTop at Sodor1Stage_formal.sv:515.33-516.32" time="0" type="COVER" location="Sodor1Stage_formal.sv:515.33-516.32" id="$cover$Sodor1Stage_formal.sv:515$1510" tracefile="engine_0/trace39.vcd">
</testcase>
<testcase classname="default" name="Property COVER in Sodor1StageTop at Sodor1Stage_formal.sv:516.33-517.32" time="0" type="COVER" location="Sodor1Stage_formal.sv:516.33-517.32" id="$cover$Sodor1Stage_formal.sv:516$1511" tracefile="engine_0/trace0.vcd">
</testcase>
<testcase classname="default" name="Property COVER in Sodor1StageTop at Sodor1Stage_formal.sv:517.33-518.32" time="0" type="COVER" location="Sodor1Stage_formal.sv:517.33-518.32" id="$cover$Sodor1Stage_formal.sv:517$1512" tracefile="engine_0/trace110.vcd">
</testcase>
<testcase classname="default" name="Property COVER in Sodor1StageTop at Sodor1Stage_formal.sv:518.33-519.32" time="0" type="COVER" location="Sodor1Stage_formal.sv:518.33-519.32" id="$cover$Sodor1Stage_formal.sv:518$1513" tracefile="engine_0/trace0.vcd">
</testcase>
<testcase classname="default" name="Property COVER in Sodor1StageTop at Sodor1Stage_formal.sv:519.33-520.32" time="0" type="COVER" location="Sodor1Stage_formal.sv:519.33-520.32" id="$cover$Sodor1Stage_formal.sv:519$1514" tracefile="engine_0/trace27.vcd">
</testcase>
<testcase classname="default" name="Property COVER in Sodor1StageTop at Sodor1Stage_formal.sv:520.33-521.32" time="0" type="COVER" location="Sodor1Stage_formal.sv:520.33-521.32" id="$cover$Sodor1Stage_formal.sv:520$1515" tracefile="engine_0/trace0.vcd">
</testcase>
<testcase classname="default" name="Property COVER in Sodor1StageTop at Sodor1Stage_formal.sv:521.33-522.32" time="0" type="COVER" location="Sodor1Stage_formal.sv:521.33-522.32" id="$cover$Sodor1Stage_formal.sv:521$1516" tracefile="engine_0/trace34.vcd">
</testcase>
<testcase classname="default" name="Property COVER in Sodor1StageTop at Sodor1Stage_formal.sv:522.33-523.32" time="0" type="COVER" location="Sodor1Stage_formal.sv:522.33-523.32" id="$cover$Sodor1Stage_formal.sv:522$1517" tracefile="engine_0/trace0.vcd">
</testcase>
<testcase classname="default" name="Property COVER in Sodor1StageTop at Sodor1Stage_formal.sv:523.33-524.32" time="0" type="COVER" location="Sodor1Stage_formal.sv:523.33-524.32" id="$cover$Sodor1Stage_formal.sv:523$1518" tracefile="engine_0/trace51.vcd">
</testcase>
<testcase classname="default" name="Property COVER in Sodor1StageTop at Sodor1Stage_formal.sv:524.33-525.32" time="0" type="COVER" location="Sodor1Stage_formal.sv:524.33-525.32" id="$cover$Sodor1Stage_formal.sv:524$1519" tracefile="engine_0/trace0.vcd">
</testcase>
<testcase classname="default" name="Property COVER in Sodor1StageTop at Sodor1Stage_formal.sv:525.33-526.32" time="0" type="COVER" location="Sodor1Stage_formal.sv:525.33-526.32" id="$cover$Sodor1Stage_formal.sv:525$1520" tracefile="engine_0/trace50.vcd">
</testcase>
<testcase classname="default" name="Property COVER in Sodor1StageTop at Sodor1Stage_formal.sv:526.33-527.32" time="0" type="COVER" location="Sodor1Stage_formal.sv:526.33-527.32" id="$cover$Sodor1Stage_formal.sv:526$1521" tracefile="engine_0/trace0.vcd">
</testcase>
<testcase classname="default" name="Property COVER in Sodor1StageTop at Sodor1Stage_formal.sv:527.33-528.32" time="0" type="COVER" location="Sodor1Stage_formal.sv:527.33-528.32" id="$cover$Sodor1Stage_formal.sv:527$1522" tracefile="engine_0/trace134.vcd">
</testcase>
<testcase classname="default" name="Property COVER in Sodor1StageTop at Sodor1Stage_formal.sv:528.33-529.32" time="0" type="COVER" location="Sodor1Stage_formal.sv:528.33-529.32" id="$cover$Sodor1Stage_formal.sv:528$1523" tracefile="engine_0/trace0.vcd">
</testcase>
<testcase classname="default" name="Property COVER in Sodor1StageTop at Sodor1Stage_formal.sv:529.33-530.32" time="0" type="COVER" location="Sodor1Stage_formal.sv:529.33-530.32" id="$cover$Sodor1Stage_formal.sv:529$1524" tracefile="engine_0/trace0.vcd">
</testcase>
<testcase classname="default" name="Property COVER in Sodor1StageTop at Sodor1Stage_formal.sv:530.33-531.32" time="0" type="COVER" location="Sodor1Stage_formal.sv:530.33-531.32" id="$cover$Sodor1Stage_formal.sv:530$1525" tracefile="engine_0/trace134.vcd">
</testcase>
<testcase classname="default" name="Property COVER in Sodor1StageTop at Sodor1Stage_formal.sv:531.33-532.32" time="0" type="COVER" location="Sodor1Stage_formal.sv:531.33-532.32" id="$cover$Sodor1Stage_formal.sv:531$1526" tracefile="engine_0/trace0.vcd">
</testcase>
<testcase classname="default" name="Property COVER in Sodor1StageTop at Sodor1Stage_formal.sv:532.33-533.32" time="0" type="COVER" location="Sodor1Stage_formal.sv:532.33-533.32" id="$cover$Sodor1Stage_formal.sv:532$1527" tracefile="engine_0/trace134.vcd">
</testcase>
<testcase classname="default" name="Property COVER in Sodor1StageTop at Sodor1Stage_formal.sv:533.33-534.32" time="0" type="COVER" location="Sodor1Stage_formal.sv:533.33-534.32" id="$cover$Sodor1Stage_formal.sv:533$1528" tracefile="engine_0/trace0.vcd">
</testcase>
<testcase classname="default" name="Property COVER in Sodor1StageTop at Sodor1Stage_formal.sv:534.33-535.32" time="0" type="COVER" location="Sodor1Stage_formal.sv:534.33-535.32" id="$cover$Sodor1Stage_formal.sv:534$1529" tracefile="engine_0/trace134.vcd">
</testcase>
<testcase classname="default" name="Property COVER in Sodor1StageTop at Sodor1Stage_formal.sv:535.33-536.32" time="0" type="COVER" location="Sodor1Stage_formal.sv:535.33-536.32" id="$cover$Sodor1Stage_formal.sv:535$1530" tracefile="engine_0/trace134.vcd">
</testcase>
<testcase classname="default" name="Property COVER in Sodor1StageTop at Sodor1Stage_formal.sv:536.33-537.32" time="0" type="COVER" location="Sodor1Stage_formal.sv:536.33-537.32" id="$cover$Sodor1Stage_formal.sv:536$1531" tracefile="engine_0/trace0.vcd">
</testcase>
<testcase classname="default" name="Property COVER in Sodor1StageTop at Sodor1Stage_formal.sv:537.33-538.32" time="0" type="COVER" location="Sodor1Stage_formal.sv:537.33-538.32" id="$cover$Sodor1Stage_formal.sv:537$1532" tracefile="engine_0/trace134.vcd">
</testcase>
<testcase classname="default" name="Property COVER in Sodor1StageTop at Sodor1Stage_formal.sv:538.33-539.32" time="0" type="COVER" location="Sodor1Stage_formal.sv:538.33-539.32" id="$cover$Sodor1Stage_formal.sv:538$1533" tracefile="engine_0/trace0.vcd">
</testcase>
<testcase classname="default" name="Property COVER in Sodor1StageTop at Sodor1Stage_formal.sv:539.33-540.32" time="0" type="COVER" location="Sodor1Stage_formal.sv:539.33-540.32" id="$cover$Sodor1Stage_formal.sv:539$1534" tracefile="engine_0/trace35.vcd">
</testcase>
<testcase classname="default" name="Property COVER in Sodor1StageTop at Sodor1Stage_formal.sv:540.33-541.32" time="0" type="COVER" location="Sodor1Stage_formal.sv:540.33-541.32" id="$cover$Sodor1Stage_formal.sv:540$1535" tracefile="engine_0/trace0.vcd">
</testcase>
<testcase classname="default" name="Property COVER in Sodor1StageTop at Sodor1Stage_formal.sv:541.33-542.32" time="0" type="COVER" location="Sodor1Stage_formal.sv:541.33-542.32" id="$cover$Sodor1Stage_formal.sv:541$1536" tracefile="engine_0/trace66.vcd">
</testcase>
<testcase classname="default" name="Property COVER in Sodor1StageTop at Sodor1Stage_formal.sv:542.33-543.32" time="0" type="COVER" location="Sodor1Stage_formal.sv:542.33-543.32" id="$cover$Sodor1Stage_formal.sv:542$1537" tracefile="engine_0/trace0.vcd">
</testcase>
<testcase classname="default" name="Property COVER in Sodor1StageTop at Sodor1Stage_formal.sv:543.33-544.32" time="0" type="COVER" location="Sodor1Stage_formal.sv:543.33-544.32" id="$cover$Sodor1Stage_formal.sv:543$1538" tracefile="engine_0/trace125.vcd">
</testcase>
<testcase classname="default" name="Property COVER in Sodor1StageTop at Sodor1Stage_formal.sv:544.33-545.32" time="0" type="COVER" location="Sodor1Stage_formal.sv:544.33-545.32" id="$cover$Sodor1Stage_formal.sv:544$1539" tracefile="engine_0/trace0.vcd">
</testcase>
<testcase classname="default" name="Property COVER in Sodor1StageTop at Sodor1Stage_formal.sv:545.33-546.32" time="0" type="COVER" location="Sodor1Stage_formal.sv:545.33-546.32" id="$cover$Sodor1Stage_formal.sv:545$1540" tracefile="engine_0/trace80.vcd">
</testcase>
<testcase classname="default" name="Property COVER in Sodor1StageTop at Sodor1Stage_formal.sv:546.33-547.32" time="0" type="COVER" location="Sodor1Stage_formal.sv:546.33-547.32" id="$cover$Sodor1Stage_formal.sv:546$1541" tracefile="engine_0/trace0.vcd">
</testcase>
<testcase classname="default" name="Property COVER in Sodor1StageTop at Sodor1Stage_formal.sv:547.33-548.32" time="0" type="COVER" location="Sodor1Stage_formal.sv:547.33-548.32" id="$cover$Sodor1Stage_formal.sv:547$1542" tracefile="engine_0/trace115.vcd">
</testcase>
<testcase classname="default" name="Property COVER in Sodor1StageTop at Sodor1Stage_formal.sv:548.33-549.32" time="0" type="COVER" location="Sodor1Stage_formal.sv:548.33-549.32" id="$cover$Sodor1Stage_formal.sv:548$1543" tracefile="engine_0/trace0.vcd">
</testcase>
<testcase classname="default" name="Property COVER in Sodor1StageTop at Sodor1Stage_formal.sv:549.33-550.32" time="0" type="COVER" location="Sodor1Stage_formal.sv:549.33-550.32" id="$cover$Sodor1Stage_formal.sv:549$1544" tracefile="engine_0/trace107.vcd">
</testcase>
<testcase classname="default" name="Property COVER in Sodor1StageTop at Sodor1Stage_formal.sv:550.33-551.32" time="0" type="COVER" location="Sodor1Stage_formal.sv:550.33-551.32" id="$cover$Sodor1Stage_formal.sv:550$1545" tracefile="engine_0/trace0.vcd">
</testcase>
<testcase classname="default" name="Property COVER in Sodor1StageTop at Sodor1Stage_formal.sv:551.33-552.32" time="0" type="COVER" location="Sodor1Stage_formal.sv:551.33-552.32" id="$cover$Sodor1Stage_formal.sv:551$1546" tracefile="engine_0/trace106.vcd">
</testcase>
<testcase classname="default" name="Property COVER in Sodor1StageTop at Sodor1Stage_formal.sv:552.33-553.32" time="0" type="COVER" location="Sodor1Stage_formal.sv:552.33-553.32" id="$cover$Sodor1Stage_formal.sv:552$1547" tracefile="engine_0/trace0.vcd">
</testcase>
<testcase classname="default" name="Property COVER in Sodor1StageTop at Sodor1Stage_formal.sv:553.33-554.32" time="0" type="COVER" location="Sodor1Stage_formal.sv:553.33-554.32" id="$cover$Sodor1Stage_formal.sv:553$1548" tracefile="engine_0/trace102.vcd">
</testcase>
<testcase classname="default" name="Property COVER in Sodor1StageTop at Sodor1Stage_formal.sv:554.33-555.32" time="0" type="COVER" location="Sodor1Stage_formal.sv:554.33-555.32" id="$cover$Sodor1Stage_formal.sv:554$1549" tracefile="engine_0/trace0.vcd">
</testcase>
<testcase classname="default" name="Property COVER in Sodor1StageTop at Sodor1Stage_formal.sv:555.33-556.32" time="0" type="COVER" location="Sodor1Stage_formal.sv:555.33-556.32" id="$cover$Sodor1Stage_formal.sv:555$1550" tracefile="engine_0/trace0.vcd">
</testcase>
<testcase classname="default" name="Property COVER in Sodor1StageTop at Sodor1Stage_formal.sv:556.33-557.32" time="0" type="COVER" location="Sodor1Stage_formal.sv:556.33-557.32" id="$cover$Sodor1Stage_formal.sv:556$1551" tracefile="engine_0/trace35.vcd">
</testcase>
<testcase classname="default" name="Property COVER in Sodor1StageTop at Sodor1Stage_formal.sv:557.33-558.32" time="0" type="COVER" location="Sodor1Stage_formal.sv:557.33-558.32" id="$cover$Sodor1Stage_formal.sv:557$1552" tracefile="engine_0/trace21.vcd">
</testcase>
<testcase classname="default" name="Property COVER in Sodor1StageTop at Sodor1Stage_formal.sv:558.33-559.32" time="0" type="COVER" location="Sodor1Stage_formal.sv:558.33-559.32" id="$cover$Sodor1Stage_formal.sv:558$1553" tracefile="engine_0/trace0.vcd">
</testcase>
<testcase classname="default" name="Property COVER in Sodor1StageTop at Sodor1Stage_formal.sv:559.33-560.32" time="0" type="COVER" location="Sodor1Stage_formal.sv:559.33-560.32" id="$cover$Sodor1Stage_formal.sv:559$1554" tracefile="engine_0/trace5.vcd">
</testcase>
<testcase classname="default" name="Property COVER in Sodor1StageTop at Sodor1Stage_formal.sv:560.33-561.32" time="0" type="COVER" location="Sodor1Stage_formal.sv:560.33-561.32" id="$cover$Sodor1Stage_formal.sv:560$1555" tracefile="engine_0/trace0.vcd">
</testcase>
<testcase classname="default" name="Property COVER in Sodor1StageTop at Sodor1Stage_formal.sv:561.33-562.32" time="0" type="COVER" location="Sodor1Stage_formal.sv:561.33-562.32" id="$cover$Sodor1Stage_formal.sv:561$1556" tracefile="engine_0/trace5.vcd">
</testcase>
<testcase classname="default" name="Property COVER in Sodor1StageTop at Sodor1Stage_formal.sv:562.33-563.32" time="0" type="COVER" location="Sodor1Stage_formal.sv:562.33-563.32" id="$cover$Sodor1Stage_formal.sv:562$1557" tracefile="engine_0/trace0.vcd">
</testcase>
<testcase classname="default" name="Property COVER in Sodor1StageTop at Sodor1Stage_formal.sv:563.33-564.32" time="0" type="COVER" location="Sodor1Stage_formal.sv:563.33-564.32" id="$cover$Sodor1Stage_formal.sv:563$1558" tracefile="engine_0/trace126.vcd">
</testcase>
<testcase classname="default" name="Property COVER in Sodor1StageTop at Sodor1Stage_formal.sv:564.33-565.32" time="0" type="COVER" location="Sodor1Stage_formal.sv:564.33-565.32" id="$cover$Sodor1Stage_formal.sv:564$1559" tracefile="engine_0/trace0.vcd">
</testcase>
<testcase classname="default" name="Property COVER in Sodor1StageTop at Sodor1Stage_formal.sv:565.33-566.32" time="0" type="COVER" location="Sodor1Stage_formal.sv:565.33-566.32" id="$cover$Sodor1Stage_formal.sv:565$1560" tracefile="engine_0/trace135.vcd">
</testcase>
<testcase classname="default" name="Property COVER in Sodor1StageTop at Sodor1Stage_formal.sv:566.33-567.32" time="0" type="COVER" location="Sodor1Stage_formal.sv:566.33-567.32" id="$cover$Sodor1Stage_formal.sv:566$1561" tracefile="engine_0/trace0.vcd">
</testcase>
<testcase classname="default" name="Property COVER in Sodor1StageTop at Sodor1Stage_formal.sv:567.33-568.32" time="0" type="COVER" location="Sodor1Stage_formal.sv:567.33-568.32" id="$cover$Sodor1Stage_formal.sv:567$1562" tracefile="engine_0/trace136.vcd">
</testcase>
<testcase classname="default" name="Property COVER in Sodor1StageTop at Sodor1Stage_formal.sv:568.33-569.32" time="0" type="COVER" location="Sodor1Stage_formal.sv:568.33-569.32" id="$cover$Sodor1Stage_formal.sv:568$1563" tracefile="engine_0/trace0.vcd">
</testcase>
<testcase classname="default" name="Property COVER in Sodor1StageTop at Sodor1Stage_formal.sv:569.33-570.32" time="0" type="COVER" location="Sodor1Stage_formal.sv:569.33-570.32" id="$cover$Sodor1Stage_formal.sv:569$1564" tracefile="engine_0/trace0.vcd">
</testcase>
<testcase classname="default" name="Property COVER in Sodor1StageTop at Sodor1Stage_formal.sv:570.33-571.32" time="0" type="COVER" location="Sodor1Stage_formal.sv:570.33-571.32" id="$cover$Sodor1Stage_formal.sv:570$1565" tracefile="engine_0/trace1.vcd">
</testcase>
<testcase classname="default" name="Property COVER in Sodor1StageTop at Sodor1Stage_formal.sv:571.33-572.32" time="0" type="COVER" location="Sodor1Stage_formal.sv:571.33-572.32" id="$cover$Sodor1Stage_formal.sv:571$1566" tracefile="engine_0/trace41.vcd">
</testcase>
<testcase classname="default" name="Property COVER in Sodor1StageTop at Sodor1Stage_formal.sv:572.33-573.32" time="0" type="COVER" location="Sodor1Stage_formal.sv:572.33-573.32" id="$cover$Sodor1Stage_formal.sv:572$1567" tracefile="engine_0/trace0.vcd">
</testcase>
<testcase classname="default" name="Property COVER in Sodor1StageTop at Sodor1Stage_formal.sv:573.33-574.32" time="0" type="COVER" location="Sodor1Stage_formal.sv:573.33-574.32" id="$cover$Sodor1Stage_formal.sv:573$1568" tracefile="engine_0/trace5.vcd">
</testcase>
<testcase classname="default" name="Property COVER in Sodor1StageTop at Sodor1Stage_formal.sv:574.33-575.32" time="0" type="COVER" location="Sodor1Stage_formal.sv:574.33-575.32" id="$cover$Sodor1Stage_formal.sv:574$1569" tracefile="engine_0/trace0.vcd">
</testcase>
<testcase classname="default" name="Property COVER in Sodor1StageTop at Sodor1Stage_formal.sv:575.33-576.32" time="0" type="COVER" location="Sodor1Stage_formal.sv:575.33-576.32" id="$cover$Sodor1Stage_formal.sv:575$1570" tracefile="engine_0/trace34.vcd">
</testcase>
<testcase classname="default" name="Property COVER in Sodor1StageTop at Sodor1Stage_formal.sv:576.33-577.32" time="0" type="COVER" location="Sodor1Stage_formal.sv:576.33-577.32" id="$cover$Sodor1Stage_formal.sv:576$1571" tracefile="engine_0/trace0.vcd">
</testcase>
<testcase classname="default" name="Property COVER in Sodor1StageTop at Sodor1Stage_formal.sv:577.33-578.32" time="0" type="COVER" location="Sodor1Stage_formal.sv:577.33-578.32" id="$cover$Sodor1Stage_formal.sv:577$1572" tracefile="engine_0/trace51.vcd">
</testcase>
<testcase classname="default" name="Property COVER in Sodor1StageTop at Sodor1Stage_formal.sv:578.33-579.32" time="0" type="COVER" location="Sodor1Stage_formal.sv:578.33-579.32" id="$cover$Sodor1Stage_formal.sv:578$1573" tracefile="engine_0/trace0.vcd">
</testcase>
<testcase classname="default" name="Property COVER in Sodor1StageTop at Sodor1Stage_formal.sv:579.33-580.32" time="0" type="COVER" location="Sodor1Stage_formal.sv:579.33-580.32" id="$cover$Sodor1Stage_formal.sv:579$1574" tracefile="engine_0/trace50.vcd">
</testcase>
<testcase classname="default" name="Property COVER in Sodor1StageTop at Sodor1Stage_formal.sv:580.33-581.32" time="0" type="COVER" location="Sodor1Stage_formal.sv:580.33-581.32" id="$cover$Sodor1Stage_formal.sv:580$1575" tracefile="engine_0/trace0.vcd">
</testcase>
<testcase classname="default" name="Property COVER in Sodor1StageTop at Sodor1Stage_formal.sv:581.33-582.32" time="0" type="COVER" location="Sodor1Stage_formal.sv:581.33-582.32" id="$cover$Sodor1Stage_formal.sv:581$1576" tracefile="engine_0/trace27.vcd">
</testcase>
<testcase classname="default" name="Property COVER in Sodor1StageTop at Sodor1Stage_formal.sv:582.33-583.32" time="0" type="COVER" location="Sodor1Stage_formal.sv:582.33-583.32" id="$cover$Sodor1Stage_formal.sv:582$1577" tracefile="engine_0/trace0.vcd">
</testcase>
<testcase classname="default" name="Property COVER in Sodor1StageTop at Sodor1Stage_formal.sv:583.33-584.32" time="0" type="COVER" location="Sodor1Stage_formal.sv:583.33-584.32" id="$cover$Sodor1Stage_formal.sv:583$1578" tracefile="engine_0/trace76.vcd">
</testcase>
<testcase classname="default" name="Property COVER in Sodor1StageTop at Sodor1Stage_formal.sv:584.33-585.32" time="0" type="COVER" location="Sodor1Stage_formal.sv:584.33-585.32" id="$cover$Sodor1Stage_formal.sv:584$1579" tracefile="engine_0/trace0.vcd">
</testcase>
<testcase classname="default" name="Property COVER in Sodor1StageTop at Sodor1Stage_formal.sv:585.33-586.32" time="0" type="COVER" location="Sodor1Stage_formal.sv:585.33-586.32" id="$cover$Sodor1Stage_formal.sv:585$1580" tracefile="engine_0/trace94.vcd">
</testcase>
<testcase classname="default" name="Property COVER in Sodor1StageTop at Sodor1Stage_formal.sv:586.33-587.32" time="0" type="COVER" location="Sodor1Stage_formal.sv:586.33-587.32" id="$cover$Sodor1Stage_formal.sv:586$1581" tracefile="engine_0/trace0.vcd">
</testcase>
<testcase classname="default" name="Property COVER in Sodor1StageTop at Sodor1Stage_formal.sv:587.33-588.32" time="0" type="COVER" location="Sodor1Stage_formal.sv:587.33-588.32" id="$cover$Sodor1Stage_formal.sv:587$1582" tracefile="engine_0/trace70.vcd">
</testcase>
<testcase classname="default" name="Property COVER in Sodor1StageTop at Sodor1Stage_formal.sv:588.33-589.32" time="0" type="COVER" location="Sodor1Stage_formal.sv:588.33-589.32" id="$cover$Sodor1Stage_formal.sv:588$1583" tracefile="engine_0/trace0.vcd">
</testcase>
<testcase classname="default" name="Property COVER in Sodor1StageTop at Sodor1Stage_formal.sv:589.33-590.32" time="0" type="COVER" location="Sodor1Stage_formal.sv:589.33-590.32" id="$cover$Sodor1Stage_formal.sv:589$1584" tracefile="engine_0/trace9.vcd">
</testcase>
<testcase classname="default" name="Property COVER in Sodor1StageTop at Sodor1Stage_formal.sv:590.33-591.32" time="0" type="COVER" location="Sodor1Stage_formal.sv:590.33-591.32" id="$cover$Sodor1Stage_formal.sv:590$1585" tracefile="engine_0/trace0.vcd">
</testcase>
<testcase classname="default" name="Property COVER in Sodor1StageTop at Sodor1Stage_formal.sv:591.33-592.32" time="0" type="COVER" location="Sodor1Stage_formal.sv:591.33-592.32" id="$cover$Sodor1Stage_formal.sv:591$1586" tracefile="engine_0/trace19.vcd">
</testcase>
<testcase classname="default" name="Property COVER in Sodor1StageTop at Sodor1Stage_formal.sv:592.33-593.32" time="0" type="COVER" location="Sodor1Stage_formal.sv:592.33-593.32" id="$cover$Sodor1Stage_formal.sv:592$1587" tracefile="engine_0/trace0.vcd">
</testcase>
<testcase classname="default" name="Property COVER in Sodor1StageTop at Sodor1Stage_formal.sv:593.33-594.32" time="0" type="COVER" location="Sodor1Stage_formal.sv:593.33-594.32" id="$cover$Sodor1Stage_formal.sv:593$1588" tracefile="engine_0/trace38.vcd">
</testcase>
<testcase classname="default" name="Property COVER in Sodor1StageTop at Sodor1Stage_formal.sv:594.33-595.32" time="0" type="COVER" location="Sodor1Stage_formal.sv:594.33-595.32" id="$cover$Sodor1Stage_formal.sv:594$1589" tracefile="engine_0/trace0.vcd">
</testcase>
<testcase classname="default" name="Property COVER in Sodor1StageTop at Sodor1Stage_formal.sv:595.33-596.32" time="0" type="COVER" location="Sodor1Stage_formal.sv:595.33-596.32" id="$cover$Sodor1Stage_formal.sv:595$1590" tracefile="engine_0/trace52.vcd">
</testcase>
<testcase classname="default" name="Property COVER in Sodor1StageTop at Sodor1Stage_formal.sv:596.33-597.32" time="0" type="COVER" location="Sodor1Stage_formal.sv:596.33-597.32" id="$cover$Sodor1Stage_formal.sv:596$1591" tracefile="engine_0/trace0.vcd">
</testcase>
<testcase classname="default" name="Property COVER in Sodor1StageTop at Sodor1Stage_formal.sv:597.33-598.32" time="0" type="COVER" location="Sodor1Stage_formal.sv:597.33-598.32" id="$cover$Sodor1Stage_formal.sv:597$1592" tracefile="engine_0/trace37.vcd">
</testcase>
<testcase classname="default" name="Property COVER in Sodor1StageTop at Sodor1Stage_formal.sv:598.33-599.32" time="0" type="COVER" location="Sodor1Stage_formal.sv:598.33-599.32" id="$cover$Sodor1Stage_formal.sv:598$1593" tracefile="engine_0/trace0.vcd">
</testcase>
<testcase classname="default" name="Property COVER in Sodor1StageTop at Sodor1Stage_formal.sv:599.33-600.32" time="0" type="COVER" location="Sodor1Stage_formal.sv:599.33-600.32" id="$cover$Sodor1Stage_formal.sv:599$1594" tracefile="engine_0/trace24.vcd">
</testcase>
<testcase classname="default" name="Property COVER in Sodor1StageTop at Sodor1Stage_formal.sv:600.33-601.32" time="0" type="COVER" location="Sodor1Stage_formal.sv:600.33-601.32" id="$cover$Sodor1Stage_formal.sv:600$1595" tracefile="engine_0/trace0.vcd">
</testcase>
<testcase classname="default" name="Property COVER in Sodor1StageTop at Sodor1Stage_formal.sv:601.33-602.32" time="0" type="COVER" location="Sodor1Stage_formal.sv:601.33-602.32" id="$cover$Sodor1Stage_formal.sv:601$1596" tracefile="engine_0/trace56.vcd">
</testcase>
<testcase classname="default" name="Property COVER in Sodor1StageTop at Sodor1Stage_formal.sv:602.33-603.32" time="0" type="COVER" location="Sodor1Stage_formal.sv:602.33-603.32" id="$cover$Sodor1Stage_formal.sv:602$1597" tracefile="engine_0/trace0.vcd">
</testcase>
<testcase classname="default" name="Property COVER in Sodor1StageTop at Sodor1Stage_formal.sv:603.33-604.32" time="0" type="COVER" location="Sodor1Stage_formal.sv:603.33-604.32" id="$cover$Sodor1Stage_formal.sv:603$1598" tracefile="engine_0/trace43.vcd">
</testcase>
<testcase classname="default" name="Property COVER in Sodor1StageTop at Sodor1Stage_formal.sv:604.33-605.32" time="0" type="COVER" location="Sodor1Stage_formal.sv:604.33-605.32" id="$cover$Sodor1Stage_formal.sv:604$1599" tracefile="engine_0/trace0.vcd">
</testcase>
<testcase classname="default" name="Property COVER in Sodor1StageTop at Sodor1Stage_formal.sv:605.33-606.32" time="0" type="COVER" location="Sodor1Stage_formal.sv:605.33-606.32" id="$cover$Sodor1Stage_formal.sv:605$1600" tracefile="engine_0/trace57.vcd">
</testcase>
<testcase classname="default" name="Property COVER in Sodor1StageTop at Sodor1Stage_formal.sv:606.33-607.32" time="0" type="COVER" location="Sodor1Stage_formal.sv:606.33-607.32" id="$cover$Sodor1Stage_formal.sv:606$1601" tracefile="engine_0/trace0.vcd">
</testcase>
<testcase classname="default" name="Property COVER in Sodor1StageTop at Sodor1Stage_formal.sv:607.33-608.32" time="0" type="COVER" location="Sodor1Stage_formal.sv:607.33-608.32" id="$cover$Sodor1Stage_formal.sv:607$1602" tracefile="engine_0/trace74.vcd">
</testcase>
<testcase classname="default" name="Property COVER in Sodor1StageTop at Sodor1Stage_formal.sv:608.33-609.32" time="0" type="COVER" location="Sodor1Stage_formal.sv:608.33-609.32" id="$cover$Sodor1Stage_formal.sv:608$1603" tracefile="engine_0/trace0.vcd">
</testcase>
<testcase classname="default" name="Property COVER in Sodor1StageTop at Sodor1Stage_formal.sv:609.33-610.32" time="0" type="COVER" location="Sodor1Stage_formal.sv:609.33-610.32" id="$cover$Sodor1Stage_formal.sv:609$1604" tracefile="engine_0/trace82.vcd">
</testcase>
<testcase classname="default" name="Property COVER in Sodor1StageTop at Sodor1Stage_formal.sv:610.33-611.32" time="0" type="COVER" location="Sodor1Stage_formal.sv:610.33-611.32" id="$cover$Sodor1Stage_formal.sv:610$1605" tracefile="engine_0/trace0.vcd">
</testcase>
<testcase classname="default" name="Property COVER in Sodor1StageTop at Sodor1Stage_formal.sv:611.33-612.32" time="0" type="COVER" location="Sodor1Stage_formal.sv:611.33-612.32" id="$cover$Sodor1Stage_formal.sv:611$1606" tracefile="engine_0/trace33.vcd">
</testcase>
<testcase classname="default" name="Property COVER in Sodor1StageTop at Sodor1Stage_formal.sv:612.33-613.32" time="0" type="COVER" location="Sodor1Stage_formal.sv:612.33-613.32" id="$cover$Sodor1Stage_formal.sv:612$1607" tracefile="engine_0/trace0.vcd">
</testcase>
<testcase classname="default" name="Property COVER in Sodor1StageTop at Sodor1Stage_formal.sv:613.33-614.32" time="0" type="COVER" location="Sodor1Stage_formal.sv:613.33-614.32" id="$cover$Sodor1Stage_formal.sv:613$1608" tracefile="engine_0/trace51.vcd">
</testcase>
<testcase classname="default" name="Property COVER in Sodor1StageTop at Sodor1Stage_formal.sv:614.33-615.32" time="0" type="COVER" location="Sodor1Stage_formal.sv:614.33-615.32" id="$cover$Sodor1Stage_formal.sv:614$1609" tracefile="engine_0/trace0.vcd">
</testcase>
<testcase classname="default" name="Property COVER in Sodor1StageTop at Sodor1Stage_formal.sv:615.33-616.32" time="0" type="COVER" location="Sodor1Stage_formal.sv:615.33-616.32" id="$cover$Sodor1Stage_formal.sv:615$1610" tracefile="engine_0/trace0.vcd">
</testcase>
<testcase classname="default" name="Property COVER in Sodor1StageTop at Sodor1Stage_formal.sv:616.33-617.32" time="0" type="COVER" location="Sodor1Stage_formal.sv:616.33-617.32" id="$cover$Sodor1Stage_formal.sv:616$1611" tracefile="engine_0/trace1.vcd">
</testcase>
<testcase classname="default" name="Property COVER in Sodor1StageTop at Sodor1Stage_formal.sv:617.33-618.32" time="0" type="COVER" location="Sodor1Stage_formal.sv:617.33-618.32" id="$cover$Sodor1Stage_formal.sv:617$1612" tracefile="engine_0/trace93.vcd">
</testcase>
<testcase classname="default" name="Property COVER in Sodor1StageTop at Sodor1Stage_formal.sv:618.33-619.32" time="0" type="COVER" location="Sodor1Stage_formal.sv:618.33-619.32" id="$cover$Sodor1Stage_formal.sv:618$1613" tracefile="engine_0/trace0.vcd">
</testcase>
<testcase classname="default" name="Property COVER in Sodor1StageTop at Sodor1Stage_formal.sv:619.33-620.32" time="0" type="COVER" location="Sodor1Stage_formal.sv:619.33-620.32" id="$cover$Sodor1Stage_formal.sv:619$1614" tracefile="engine_0/trace40.vcd">
</testcase>
<testcase classname="default" name="Property COVER in Sodor1StageTop at Sodor1Stage_formal.sv:620.33-621.32" time="0" type="COVER" location="Sodor1Stage_formal.sv:620.33-621.32" id="$cover$Sodor1Stage_formal.sv:620$1615" tracefile="engine_0/trace0.vcd">
</testcase>
<testcase classname="default" name="Property COVER in Sodor1StageTop at Sodor1Stage_formal.sv:621.33-622.32" time="0" type="COVER" location="Sodor1Stage_formal.sv:621.33-622.32" id="$cover$Sodor1Stage_formal.sv:621$1616" tracefile="engine_0/trace67.vcd">
</testcase>
<testcase classname="default" name="Property COVER in Sodor1StageTop at Sodor1Stage_formal.sv:622.33-623.32" time="0" type="COVER" location="Sodor1Stage_formal.sv:622.33-623.32" id="$cover$Sodor1Stage_formal.sv:622$1617" tracefile="engine_0/trace0.vcd">
</testcase>
<testcase classname="default" name="Property COVER in Sodor1StageTop at Sodor1Stage_formal.sv:623.33-624.32" time="0" type="COVER" location="Sodor1Stage_formal.sv:623.33-624.32" id="$cover$Sodor1Stage_formal.sv:623$1618" tracefile="engine_0/trace20.vcd">
</testcase>
<testcase classname="default" name="Property COVER in Sodor1StageTop at Sodor1Stage_formal.sv:624.33-625.32" time="0" type="COVER" location="Sodor1Stage_formal.sv:624.33-625.32" id="$cover$Sodor1Stage_formal.sv:624$1619" tracefile="engine_0/trace0.vcd">
</testcase>
<testcase classname="default" name="Property COVER in Sodor1StageTop at Sodor1Stage_formal.sv:625.33-626.32" time="0" type="COVER" location="Sodor1Stage_formal.sv:625.33-626.32" id="$cover$Sodor1Stage_formal.sv:625$1620" tracefile="engine_0/trace68.vcd">
</testcase>
<testcase classname="default" name="Property COVER in Sodor1StageTop at Sodor1Stage_formal.sv:626.33-627.32" time="0" type="COVER" location="Sodor1Stage_formal.sv:626.33-627.32" id="$cover$Sodor1Stage_formal.sv:626$1621" tracefile="engine_0/trace0.vcd">
</testcase>
<testcase classname="default" name="Property COVER in Sodor1StageTop at Sodor1Stage_formal.sv:627.33-628.33" time="0" type="COVER" location="Sodor1Stage_formal.sv:627.33-628.33" id="$cover$Sodor1Stage_formal.sv:627$1622" tracefile="engine_0/trace22.vcd">
</testcase>
<testcase classname="default" name="Property COVER in Sodor1StageTop at Sodor1Stage_formal.sv:628.34-629.33" time="0" type="COVER" location="Sodor1Stage_formal.sv:628.34-629.33" id="$cover$Sodor1Stage_formal.sv:628$1623" tracefile="engine_0/trace0.vcd">
</testcase>
<testcase classname="default" name="Property COVER in Sodor1StageTop at Sodor1Stage_formal.sv:629.34-630.33" time="0" type="COVER" location="Sodor1Stage_formal.sv:629.34-630.33" id="$cover$Sodor1Stage_formal.sv:629$1624" tracefile="engine_0/trace62.vcd">
</testcase>
<testcase classname="default" name="Property COVER in Sodor1StageTop at Sodor1Stage_formal.sv:630.34-631.33" time="0" type="COVER" location="Sodor1Stage_formal.sv:630.34-631.33" id="$cover$Sodor1Stage_formal.sv:630$1625" tracefile="engine_0/trace0.vcd">
</testcase>
<testcase classname="default" name="Property COVER in Sodor1StageTop at Sodor1Stage_formal.sv:631.34-632.33" time="0" type="COVER" location="Sodor1Stage_formal.sv:631.34-632.33" id="$cover$Sodor1Stage_formal.sv:631$1626" tracefile="engine_0/trace13.vcd">
</testcase>
<testcase classname="default" name="Property COVER in Sodor1StageTop at Sodor1Stage_formal.sv:632.34-633.33" time="0" type="COVER" location="Sodor1Stage_formal.sv:632.34-633.33" id="$cover$Sodor1Stage_formal.sv:632$1627" tracefile="engine_0/trace0.vcd">
</testcase>
<testcase classname="default" name="Property COVER in Sodor1StageTop at Sodor1Stage_formal.sv:633.34-634.33" time="0" type="COVER" location="Sodor1Stage_formal.sv:633.34-634.33" id="$cover$Sodor1Stage_formal.sv:633$1628" tracefile="engine_0/trace49.vcd">
</testcase>
<testcase classname="default" name="Property COVER in Sodor1StageTop at Sodor1Stage_formal.sv:634.34-635.33" time="0" type="COVER" location="Sodor1Stage_formal.sv:634.34-635.33" id="$cover$Sodor1Stage_formal.sv:634$1629" tracefile="engine_0/trace0.vcd">
</testcase>
<testcase classname="default" name="Property COVER in Sodor1StageTop at Sodor1Stage_formal.sv:635.34-636.33" time="0" type="COVER" location="Sodor1Stage_formal.sv:635.34-636.33" id="$cover$Sodor1Stage_formal.sv:635$1630" tracefile="engine_0/trace83.vcd">
</testcase>
<testcase classname="default" name="Property COVER in Sodor1StageTop at Sodor1Stage_formal.sv:636.34-637.33" time="0" type="COVER" location="Sodor1Stage_formal.sv:636.34-637.33" id="$cover$Sodor1Stage_formal.sv:636$1631" tracefile="engine_0/trace0.vcd">
</testcase>
<testcase classname="default" name="Property COVER in Sodor1StageTop at Sodor1Stage_formal.sv:637.34-638.33" time="0" type="COVER" location="Sodor1Stage_formal.sv:637.34-638.33" id="$cover$Sodor1Stage_formal.sv:637$1632" tracefile="engine_0/trace72.vcd">
</testcase>
<testcase classname="default" name="Property COVER in Sodor1StageTop at Sodor1Stage_formal.sv:638.34-639.33" time="0" type="COVER" location="Sodor1Stage_formal.sv:638.34-639.33" id="$cover$Sodor1Stage_formal.sv:638$1633" tracefile="engine_0/trace0.vcd">
</testcase>
<testcase classname="default" name="Property COVER in Sodor1StageTop at Sodor1Stage_formal.sv:639.34-640.33" time="0" type="COVER" location="Sodor1Stage_formal.sv:639.34-640.33" id="$cover$Sodor1Stage_formal.sv:639$1634" tracefile="engine_0/trace30.vcd">
</testcase>
<testcase classname="default" name="Property COVER in Sodor1StageTop at Sodor1Stage_formal.sv:640.34-641.33" time="0" type="COVER" location="Sodor1Stage_formal.sv:640.34-641.33" id="$cover$Sodor1Stage_formal.sv:640$1635" tracefile="engine_0/trace0.vcd">
</testcase>
<testcase classname="default" name="Property COVER in Sodor1StageTop at Sodor1Stage_formal.sv:641.34-642.33" time="0" type="COVER" location="Sodor1Stage_formal.sv:641.34-642.33" id="$cover$Sodor1Stage_formal.sv:641$1636" tracefile="engine_0/trace92.vcd">
</testcase>
<testcase classname="default" name="Property COVER in Sodor1StageTop at Sodor1Stage_formal.sv:642.34-643.33" time="0" type="COVER" location="Sodor1Stage_formal.sv:642.34-643.33" id="$cover$Sodor1Stage_formal.sv:642$1637" tracefile="engine_0/trace0.vcd">
</testcase>
<testcase classname="default" name="Property COVER in Sodor1StageTop at Sodor1Stage_formal.sv:643.34-644.33" time="0" type="COVER" location="Sodor1Stage_formal.sv:643.34-644.33" id="$cover$Sodor1Stage_formal.sv:643$1638" tracefile="engine_0/trace90.vcd">
</testcase>
<testcase classname="default" name="Property COVER in Sodor1StageTop at Sodor1Stage_formal.sv:644.34-645.33" time="0" type="COVER" location="Sodor1Stage_formal.sv:644.34-645.33" id="$cover$Sodor1Stage_formal.sv:644$1639" tracefile="engine_0/trace0.vcd">
</testcase>
<testcase classname="default" name="Property COVER in Sodor1StageTop at Sodor1Stage_formal.sv:645.34-646.33" time="0" type="COVER" location="Sodor1Stage_formal.sv:645.34-646.33" id="$cover$Sodor1Stage_formal.sv:645$1640" tracefile="engine_0/trace91.vcd">
</testcase>
<testcase classname="default" name="Property COVER in Sodor1StageTop at Sodor1Stage_formal.sv:646.34-647.33" time="0" type="COVER" location="Sodor1Stage_formal.sv:646.34-647.33" id="$cover$Sodor1Stage_formal.sv:646$1641" tracefile="engine_0/trace0.vcd">
</testcase>
<testcase classname="default" name="Property COVER in Sodor1StageTop at Sodor1Stage_formal.sv:647.34-648.33" time="0" type="COVER" location="Sodor1Stage_formal.sv:647.34-648.33" id="$cover$Sodor1Stage_formal.sv:647$1642" tracefile="engine_0/trace103.vcd">
</testcase>
<testcase classname="default" name="Property COVER in Sodor1StageTop at Sodor1Stage_formal.sv:648.34-649.33" time="0" type="COVER" location="Sodor1Stage_formal.sv:648.34-649.33" id="$cover$Sodor1Stage_formal.sv:648$1643" tracefile="engine_0/trace0.vcd">
</testcase>
<testcase classname="default" name="Property COVER in Sodor1StageTop at Sodor1Stage_formal.sv:649.34-650.33" time="0" type="COVER" location="Sodor1Stage_formal.sv:649.34-650.33" id="$cover$Sodor1Stage_formal.sv:649$1644" tracefile="engine_0/trace11.vcd">
</testcase>
<testcase classname="default" name="Property COVER in Sodor1StageTop at Sodor1Stage_formal.sv:650.34-651.33" time="0" type="COVER" location="Sodor1Stage_formal.sv:650.34-651.33" id="$cover$Sodor1Stage_formal.sv:650$1645" tracefile="engine_0/trace0.vcd">
</testcase>
<testcase classname="default" name="Property COVER in Sodor1StageTop at Sodor1Stage_formal.sv:651.34-652.33" time="0" type="COVER" location="Sodor1Stage_formal.sv:651.34-652.33" id="$cover$Sodor1Stage_formal.sv:651$1646" tracefile="engine_0/trace104.vcd">
</testcase>
<testcase classname="default" name="Property COVER in Sodor1StageTop at Sodor1Stage_formal.sv:652.34-653.33" time="0" type="COVER" location="Sodor1Stage_formal.sv:652.34-653.33" id="$cover$Sodor1Stage_formal.sv:652$1647" tracefile="engine_0/trace0.vcd">
</testcase>
<testcase classname="default" name="Property COVER in Sodor1StageTop at Sodor1Stage_formal.sv:653.34-654.33" time="0" type="COVER" location="Sodor1Stage_formal.sv:653.34-654.33" id="$cover$Sodor1Stage_formal.sv:653$1648" tracefile="engine_0/trace78.vcd">
</testcase>
<testcase classname="default" name="Property COVER in Sodor1StageTop at Sodor1Stage_formal.sv:654.34-655.33" time="0" type="COVER" location="Sodor1Stage_formal.sv:654.34-655.33" id="$cover$Sodor1Stage_formal.sv:654$1649" tracefile="engine_0/trace0.vcd">
</testcase>
<testcase classname="default" name="Property COVER in Sodor1StageTop at Sodor1Stage_formal.sv:655.34-656.33" time="0" type="COVER" location="Sodor1Stage_formal.sv:655.34-656.33" id="$cover$Sodor1Stage_formal.sv:655$1650" tracefile="engine_0/trace86.vcd">
</testcase>
<testcase classname="default" name="Property COVER in Sodor1StageTop at Sodor1Stage_formal.sv:656.34-657.33" time="0" type="COVER" location="Sodor1Stage_formal.sv:656.34-657.33" id="$cover$Sodor1Stage_formal.sv:656$1651" tracefile="engine_0/trace0.vcd">
</testcase>
<testcase classname="default" name="Property COVER in Sodor1StageTop at Sodor1Stage_formal.sv:657.34-658.33" time="0" type="COVER" location="Sodor1Stage_formal.sv:657.34-658.33" id="$cover$Sodor1Stage_formal.sv:657$1652" tracefile="engine_0/trace60.vcd">
</testcase>
<testcase classname="default" name="Property COVER in Sodor1StageTop at Sodor1Stage_formal.sv:658.34-659.33" time="0" type="COVER" location="Sodor1Stage_formal.sv:658.34-659.33" id="$cover$Sodor1Stage_formal.sv:658$1653" tracefile="engine_0/trace0.vcd">
</testcase>
<testcase classname="default" name="Property COVER in Sodor1StageTop at Sodor1Stage_formal.sv:659.34-660.33" time="0" type="COVER" location="Sodor1Stage_formal.sv:659.34-660.33" id="$cover$Sodor1Stage_formal.sv:659$1654" tracefile="engine_0/trace47.vcd">
</testcase>
<testcase classname="default" name="Property COVER in Sodor1StageTop at Sodor1Stage_formal.sv:660.34-661.33" time="0" type="COVER" location="Sodor1Stage_formal.sv:660.34-661.33" id="$cover$Sodor1Stage_formal.sv:660$1655" tracefile="engine_0/trace0.vcd">
</testcase>
<testcase classname="default" name="Property COVER in Sodor1StageTop at Sodor1Stage_formal.sv:661.34-662.33" time="0" type="COVER" location="Sodor1Stage_formal.sv:661.34-662.33" id="$cover$Sodor1Stage_formal.sv:661$1656" tracefile="engine_0/trace10.vcd">
</testcase>
<testcase classname="default" name="Property COVER in Sodor1StageTop at Sodor1Stage_formal.sv:662.34-663.33" time="0" type="COVER" location="Sodor1Stage_formal.sv:662.34-663.33" id="$cover$Sodor1Stage_formal.sv:662$1657" tracefile="engine_0/trace0.vcd">
</testcase>
<testcase classname="default" name="Property COVER in Sodor1StageTop at Sodor1Stage_formal.sv:663.34-664.33" time="0" type="COVER" location="Sodor1Stage_formal.sv:663.34-664.33" id="$cover$Sodor1Stage_formal.sv:663$1658" tracefile="engine_0/trace4.vcd">
</testcase>
<testcase classname="default" name="Property COVER in Sodor1StageTop at Sodor1Stage_formal.sv:664.34-665.33" time="0" type="COVER" location="Sodor1Stage_formal.sv:664.34-665.33" id="$cover$Sodor1Stage_formal.sv:664$1659" tracefile="engine_0/trace0.vcd">
</testcase>
<testcase classname="default" name="Property COVER in Sodor1StageTop at Sodor1Stage_formal.sv:665.34-666.33" time="0" type="COVER" location="Sodor1Stage_formal.sv:665.34-666.33" id="$cover$Sodor1Stage_formal.sv:665$1660" tracefile="engine_0/trace45.vcd">
</testcase>
<testcase classname="default" name="Property COVER in Sodor1StageTop at Sodor1Stage_formal.sv:666.34-667.33" time="0" type="COVER" location="Sodor1Stage_formal.sv:666.34-667.33" id="$cover$Sodor1Stage_formal.sv:666$1661" tracefile="engine_0/trace0.vcd">
</testcase>
<testcase classname="default" name="Property COVER in Sodor1StageTop at Sodor1Stage_formal.sv:667.34-668.33" time="0" type="COVER" location="Sodor1Stage_formal.sv:667.34-668.33" id="$cover$Sodor1Stage_formal.sv:667$1662" tracefile="engine_0/trace85.vcd">
</testcase>
<testcase classname="default" name="Property COVER in Sodor1StageTop at Sodor1Stage_formal.sv:668.34-669.33" time="0" type="COVER" location="Sodor1Stage_formal.sv:668.34-669.33" id="$cover$Sodor1Stage_formal.sv:668$1663" tracefile="engine_0/trace0.vcd">
</testcase>
<testcase classname="default" name="Property COVER in Sodor1StageTop at Sodor1Stage_formal.sv:669.34-670.33" time="0" type="COVER" location="Sodor1Stage_formal.sv:669.34-670.33" id="$cover$Sodor1Stage_formal.sv:669$1664" tracefile="engine_0/trace14.vcd">
</testcase>
<testcase classname="default" name="Property COVER in Sodor1StageTop at Sodor1Stage_formal.sv:670.34-671.33" time="0" type="COVER" location="Sodor1Stage_formal.sv:670.34-671.33" id="$cover$Sodor1Stage_formal.sv:670$1665" tracefile="engine_0/trace0.vcd">
</testcase>
<testcase classname="default" name="Property COVER in Sodor1StageTop at Sodor1Stage_formal.sv:671.34-672.33" time="0" type="COVER" location="Sodor1Stage_formal.sv:671.34-672.33" id="$cover$Sodor1Stage_formal.sv:671$1666" tracefile="engine_0/trace29.vcd">
</testcase>
<testcase classname="default" name="Property COVER in Sodor1StageTop at Sodor1Stage_formal.sv:672.34-673.33" time="0" type="COVER" location="Sodor1Stage_formal.sv:672.34-673.33" id="$cover$Sodor1Stage_formal.sv:672$1667" tracefile="engine_0/trace0.vcd">
</testcase>
<testcase classname="default" name="Property COVER in Sodor1StageTop at Sodor1Stage_formal.sv:673.34-674.33" time="0" type="COVER" location="Sodor1Stage_formal.sv:673.34-674.33" id="$cover$Sodor1Stage_formal.sv:673$1668" tracefile="engine_0/trace26.vcd">
</testcase>
<testcase classname="default" name="Property COVER in Sodor1StageTop at Sodor1Stage_formal.sv:674.34-675.33" time="0" type="COVER" location="Sodor1Stage_formal.sv:674.34-675.33" id="$cover$Sodor1Stage_formal.sv:674$1669" tracefile="engine_0/trace0.vcd">
</testcase>
<testcase classname="default" name="Property COVER in Sodor1StageTop at Sodor1Stage_formal.sv:675.34-676.33" time="0" type="COVER" location="Sodor1Stage_formal.sv:675.34-676.33" id="$cover$Sodor1Stage_formal.sv:675$1670" tracefile="engine_0/trace100.vcd">
</testcase>
<testcase classname="default" name="Property COVER in Sodor1StageTop at Sodor1Stage_formal.sv:676.34-677.33" time="0" type="COVER" location="Sodor1Stage_formal.sv:676.34-677.33" id="$cover$Sodor1Stage_formal.sv:676$1671" tracefile="engine_0/trace0.vcd">
</testcase>
<testcase classname="default" name="Property COVER in Sodor1StageTop at Sodor1Stage_formal.sv:677.34-678.33" time="0" type="COVER" location="Sodor1Stage_formal.sv:677.34-678.33" id="$cover$Sodor1Stage_formal.sv:677$1672" tracefile="engine_0/trace16.vcd">
</testcase>
<testcase classname="default" name="Property COVER in Sodor1StageTop at Sodor1Stage_formal.sv:678.34-679.33" time="0" type="COVER" location="Sodor1Stage_formal.sv:678.34-679.33" id="$cover$Sodor1Stage_formal.sv:678$1673" tracefile="engine_0/trace0.vcd">
</testcase>
<testcase classname="default" name="Property COVER in Sodor1StageTop at Sodor1Stage_formal.sv:679.34-680.33" time="0" type="COVER" location="Sodor1Stage_formal.sv:679.34-680.33" id="$cover$Sodor1Stage_formal.sv:679$1674" tracefile="engine_0/trace89.vcd">
</testcase>
<testcase classname="default" name="Property COVER in Sodor1StageTop at Sodor1Stage_formal.sv:680.34-681.33" time="0" type="COVER" location="Sodor1Stage_formal.sv:680.34-681.33" id="$cover$Sodor1Stage_formal.sv:680$1675" tracefile="engine_0/trace0.vcd">
</testcase>
<testcase classname="default" name="Property COVER in Sodor1StageTop at Sodor1Stage_formal.sv:681.34-682.33" time="0" type="COVER" location="Sodor1Stage_formal.sv:681.34-682.33" id="$cover$Sodor1Stage_formal.sv:681$1676" tracefile="engine_0/trace65.vcd">
</testcase>
<testcase classname="default" name="Property COVER in Sodor1StageTop at Sodor1Stage_formal.sv:682.34-683.33" time="0" type="COVER" location="Sodor1Stage_formal.sv:682.34-683.33" id="$cover$Sodor1Stage_formal.sv:682$1677" tracefile="engine_0/trace0.vcd">
</testcase>
<testcase classname="default" name="Property COVER in Sodor1StageTop at Sodor1Stage_formal.sv:683.34-684.33" time="0" type="COVER" location="Sodor1Stage_formal.sv:683.34-684.33" id="$cover$Sodor1Stage_formal.sv:683$1678" tracefile="engine_0/trace101.vcd">
</testcase>
<testcase classname="default" name="Property COVER in Sodor1StageTop at Sodor1Stage_formal.sv:684.34-685.33" time="0" type="COVER" location="Sodor1Stage_formal.sv:684.34-685.33" id="$cover$Sodor1Stage_formal.sv:684$1679" tracefile="engine_0/trace0.vcd">
</testcase>
<testcase classname="default" name="Property COVER in Sodor1StageTop at Sodor1Stage_formal.sv:685.34-686.33" time="0" type="COVER" location="Sodor1Stage_formal.sv:685.34-686.33" id="$cover$Sodor1Stage_formal.sv:685$1680" tracefile="engine_0/trace79.vcd">
</testcase>
<testcase classname="default" name="Property COVER in Sodor1StageTop at Sodor1Stage_formal.sv:686.34-687.33" time="0" type="COVER" location="Sodor1Stage_formal.sv:686.34-687.33" id="$cover$Sodor1Stage_formal.sv:686$1681" tracefile="engine_0/trace0.vcd">
</testcase>
<testcase classname="default" name="Property COVER in Sodor1StageTop at Sodor1Stage_formal.sv:687.34-688.33" time="0" type="COVER" location="Sodor1Stage_formal.sv:687.34-688.33" id="$cover$Sodor1Stage_formal.sv:687$1682" tracefile="engine_0/trace105.vcd">
</testcase>
<testcase classname="default" name="Property COVER in Sodor1StageTop at Sodor1Stage_formal.sv:688.34-689.33" time="0" type="COVER" location="Sodor1Stage_formal.sv:688.34-689.33" id="$cover$Sodor1Stage_formal.sv:688$1683" tracefile="engine_0/trace0.vcd">
</testcase>
<testcase classname="default" name="Property COVER in Sodor1StageTop at Sodor1Stage_formal.sv:689.34-690.33" time="0" type="COVER" location="Sodor1Stage_formal.sv:689.34-690.33" id="$cover$Sodor1Stage_formal.sv:689$1684" tracefile="engine_0/trace25.vcd">
</testcase>
<testcase classname="default" name="Property COVER in Sodor1StageTop at Sodor1Stage_formal.sv:690.34-691.33" time="0" type="COVER" location="Sodor1Stage_formal.sv:690.34-691.33" id="$cover$Sodor1Stage_formal.sv:690$1685" tracefile="engine_0/trace0.vcd">
</testcase>
<testcase classname="default" name="Property COVER in Sodor1StageTop at Sodor1Stage_formal.sv:691.34-692.33" time="0" type="COVER" location="Sodor1Stage_formal.sv:691.34-692.33" id="$cover$Sodor1Stage_formal.sv:691$1686" tracefile="engine_0/trace59.vcd">
</testcase>
<testcase classname="default" name="Property COVER in Sodor1StageTop at Sodor1Stage_formal.sv:692.34-693.33" time="0" type="COVER" location="Sodor1Stage_formal.sv:692.34-693.33" id="$cover$Sodor1Stage_formal.sv:692$1687" tracefile="engine_0/trace0.vcd">
</testcase>
<testcase classname="default" name="Property COVER in Sodor1StageTop at Sodor1Stage_formal.sv:693.34-694.33" time="0" type="COVER" location="Sodor1Stage_formal.sv:693.34-694.33" id="$cover$Sodor1Stage_formal.sv:693$1688" tracefile="engine_0/trace46.vcd">
</testcase>
<testcase classname="default" name="Property COVER in Sodor1StageTop at Sodor1Stage_formal.sv:694.34-695.33" time="0" type="COVER" location="Sodor1Stage_formal.sv:694.34-695.33" id="$cover$Sodor1Stage_formal.sv:694$1689" tracefile="engine_0/trace0.vcd">
</testcase>
<testcase classname="default" name="Property COVER in Sodor1StageTop at Sodor1Stage_formal.sv:695.34-696.33" time="0" type="COVER" location="Sodor1Stage_formal.sv:695.34-696.33" id="$cover$Sodor1Stage_formal.sv:695$1690" tracefile="engine_0/trace53.vcd">
</testcase>
<testcase classname="default" name="Property COVER in Sodor1StageTop at Sodor1Stage_formal.sv:696.34-697.33" time="0" type="COVER" location="Sodor1Stage_formal.sv:696.34-697.33" id="$cover$Sodor1Stage_formal.sv:696$1691" tracefile="engine_0/trace0.vcd">
</testcase>
<testcase classname="default" name="Property COVER in Sodor1StageTop at Sodor1Stage_formal.sv:697.34-698.33" time="0" type="COVER" location="Sodor1Stage_formal.sv:697.34-698.33" id="$cover$Sodor1Stage_formal.sv:697$1692" tracefile="engine_0/trace48.vcd">
</testcase>
<testcase classname="default" name="Property COVER in Sodor1StageTop at Sodor1Stage_formal.sv:698.34-699.33" time="0" type="COVER" location="Sodor1Stage_formal.sv:698.34-699.33" id="$cover$Sodor1Stage_formal.sv:698$1693" tracefile="engine_0/trace0.vcd">
</testcase>
<testcase classname="default" name="Property COVER in Sodor1StageTop at Sodor1Stage_formal.sv:699.34-700.33" time="0" type="COVER" location="Sodor1Stage_formal.sv:699.34-700.33" id="$cover$Sodor1Stage_formal.sv:699$1694" tracefile="engine_0/trace75.vcd">
</testcase>
<testcase classname="default" name="Property COVER in Sodor1StageTop at Sodor1Stage_formal.sv:700.34-701.33" time="0" type="COVER" location="Sodor1Stage_formal.sv:700.34-701.33" id="$cover$Sodor1Stage_formal.sv:700$1695" tracefile="engine_0/trace0.vcd">
</testcase>
<testcase classname="default" name="Property COVER in Sodor1StageTop at Sodor1Stage_formal.sv:701.34-702.33" time="0" type="COVER" location="Sodor1Stage_formal.sv:701.34-702.33" id="$cover$Sodor1Stage_formal.sv:701$1696" tracefile="engine_0/trace71.vcd">
</testcase>
<testcase classname="default" name="Property COVER in Sodor1StageTop at Sodor1Stage_formal.sv:702.34-703.33" time="0" type="COVER" location="Sodor1Stage_formal.sv:702.34-703.33" id="$cover$Sodor1Stage_formal.sv:702$1697" tracefile="engine_0/trace0.vcd">
</testcase>
<testcase classname="default" name="Property COVER in Sodor1StageTop at Sodor1Stage_formal.sv:703.34-704.33" time="0" type="COVER" location="Sodor1Stage_formal.sv:703.34-704.33" id="$cover$Sodor1Stage_formal.sv:703$1698" tracefile="engine_0/trace28.vcd">
</testcase>
<testcase classname="default" name="Property COVER in Sodor1StageTop at Sodor1Stage_formal.sv:704.34-705.33" time="0" type="COVER" location="Sodor1Stage_formal.sv:704.34-705.33" id="$cover$Sodor1Stage_formal.sv:704$1699" tracefile="engine_0/trace0.vcd">
</testcase>
<testcase classname="default" name="Property COVER in Sodor1StageTop at Sodor1Stage_formal.sv:705.34-706.33" time="0" type="COVER" location="Sodor1Stage_formal.sv:705.34-706.33" id="$cover$Sodor1Stage_formal.sv:705$1700" tracefile="engine_0/trace44.vcd">
</testcase>
<testcase classname="default" name="Property COVER in Sodor1StageTop at Sodor1Stage_formal.sv:706.34-707.33" time="0" type="COVER" location="Sodor1Stage_formal.sv:706.34-707.33" id="$cover$Sodor1Stage_formal.sv:706$1701" tracefile="engine_0/trace0.vcd">
</testcase>
<testcase classname="default" name="Property COVER in Sodor1StageTop at Sodor1Stage_formal.sv:707.34-708.33" time="0" type="COVER" location="Sodor1Stage_formal.sv:707.34-708.33" id="$cover$Sodor1Stage_formal.sv:707$1702" tracefile="engine_0/trace17.vcd">
</testcase>
<testcase classname="default" name="Property COVER in Sodor1StageTop at Sodor1Stage_formal.sv:708.34-709.33" time="0" type="COVER" location="Sodor1Stage_formal.sv:708.34-709.33" id="$cover$Sodor1Stage_formal.sv:708$1703" tracefile="engine_0/trace0.vcd">
</testcase>
<testcase classname="default" name="Property COVER in Sodor1StageTop at Sodor1Stage_formal.sv:709.34-710.33" time="0" type="COVER" location="Sodor1Stage_formal.sv:709.34-710.33" id="$cover$Sodor1Stage_formal.sv:709$1704" tracefile="engine_0/trace95.vcd">
</testcase>
<testcase classname="default" name="Property COVER in Sodor1StageTop at Sodor1Stage_formal.sv:710.34-711.33" time="0" type="COVER" location="Sodor1Stage_formal.sv:710.34-711.33" id="$cover$Sodor1Stage_formal.sv:710$1705" tracefile="engine_0/trace0.vcd">
</testcase>
<testcase classname="default" name="Property COVER in Sodor1StageTop at Sodor1Stage_formal.sv:711.34-712.33" time="0" type="COVER" location="Sodor1Stage_formal.sv:711.34-712.33" id="$cover$Sodor1Stage_formal.sv:711$1706" tracefile="engine_0/trace98.vcd">
</testcase>
<testcase classname="default" name="Property COVER in Sodor1StageTop at Sodor1Stage_formal.sv:712.34-713.33" time="0" type="COVER" location="Sodor1Stage_formal.sv:712.34-713.33" id="$cover$Sodor1Stage_formal.sv:712$1707" tracefile="engine_0/trace0.vcd">
</testcase>
<testcase classname="default" name="Property COVER in Sodor1StageTop at Sodor1Stage_formal.sv:713.34-714.33" time="0" type="COVER" location="Sodor1Stage_formal.sv:713.34-714.33" id="$cover$Sodor1Stage_formal.sv:713$1708" tracefile="engine_0/trace36.vcd">
</testcase>
<testcase classname="default" name="Property COVER in Sodor1StageTop at Sodor1Stage_formal.sv:714.34-715.33" time="0" type="COVER" location="Sodor1Stage_formal.sv:714.34-715.33" id="$cover$Sodor1Stage_formal.sv:714$1709" tracefile="engine_0/trace0.vcd">
</testcase>
<testcase classname="default" name="Property COVER in Sodor1StageTop at Sodor1Stage_formal.sv:715.34-716.33" time="0" type="COVER" location="Sodor1Stage_formal.sv:715.34-716.33" id="$cover$Sodor1Stage_formal.sv:715$1710" tracefile="engine_0/trace81.vcd">
</testcase>
<testcase classname="default" name="Property COVER in Sodor1StageTop at Sodor1Stage_formal.sv:716.34-717.33" time="0" type="COVER" location="Sodor1Stage_formal.sv:716.34-717.33" id="$cover$Sodor1Stage_formal.sv:716$1711" tracefile="engine_0/trace0.vcd">
</testcase>
<testcase classname="default" name="Property COVER in Sodor1StageTop at Sodor1Stage_formal.sv:717.34-718.33" time="0" type="COVER" location="Sodor1Stage_formal.sv:717.34-718.33" id="$cover$Sodor1Stage_formal.sv:717$1712" tracefile="engine_0/trace88.vcd">
</testcase>
<testcase classname="default" name="Property COVER in Sodor1StageTop at Sodor1Stage_formal.sv:718.34-719.33" time="0" type="COVER" location="Sodor1Stage_formal.sv:718.34-719.33" id="$cover$Sodor1Stage_formal.sv:718$1713" tracefile="engine_0/trace0.vcd">
</testcase>
<testcase classname="default" name="Property COVER in Sodor1StageTop at Sodor1Stage_formal.sv:719.34-720.33" time="0" type="COVER" location="Sodor1Stage_formal.sv:719.34-720.33" id="$cover$Sodor1Stage_formal.sv:719$1714" tracefile="engine_0/trace69.vcd">
</testcase>
<testcase classname="default" name="Property COVER in Sodor1StageTop at Sodor1Stage_formal.sv:720.34-721.33" time="0" type="COVER" location="Sodor1Stage_formal.sv:720.34-721.33" id="$cover$Sodor1Stage_formal.sv:720$1715" tracefile="engine_0/trace0.vcd">
</testcase>
<testcase classname="default" name="Property COVER in Sodor1StageTop at Sodor1Stage_formal.sv:721.34-722.33" time="0" type="COVER" location="Sodor1Stage_formal.sv:721.34-722.33" id="$cover$Sodor1Stage_formal.sv:721$1716" tracefile="engine_0/trace84.vcd">
</testcase>
<testcase classname="default" name="Property COVER in Sodor1StageTop at Sodor1Stage_formal.sv:722.34-723.33" time="0" type="COVER" location="Sodor1Stage_formal.sv:722.34-723.33" id="$cover$Sodor1Stage_formal.sv:722$1717" tracefile="engine_0/trace0.vcd">
</testcase>
<testcase classname="default" name="Property COVER in Sodor1StageTop at Sodor1Stage_formal.sv:723.34-724.33" time="0" type="COVER" location="Sodor1Stage_formal.sv:723.34-724.33" id="$cover$Sodor1Stage_formal.sv:723$1718" tracefile="engine_0/trace96.vcd">
</testcase>
[...]
SBY 20:44:01 [cover_z3] engine_0: ##   1:00:02  Checking cover reachability in step 3..
SBY 20:44:02 [cover_z3] engine_0: ##   1:00:02  Reached cover statement at Sodor1Stage_formal.sv:447.32-448.32 ($cover$Sodor1Stage_formal.sv:447$1442) in step 3.
SBY 20:44:02 [cover_z3] engine_0: ##   1:00:02  Reached cover statement at Sodor1Stage_formal.sv:793.34-794.33 ($cover$Sodor1Stage_formal.sv:793$1788) in step 3.
SBY 20:44:02 [cover_z3] engine_0: ##   1:00:02  Writing trace to VCD file: engine_0/trace122.vcd
SBY 20:44:25 [cover_z3] engine_0: ##   1:00:25  Writing trace to Verilog testbench: engine_0/trace122_tb.v
SBY 20:44:25 [cover_z3] engine_0: ##   1:00:25  Writing trace to constraints file: engine_0/trace122.smtc
SBY 20:44:25 [cover_z3] engine_0: ##   1:00:26  Checking cover reachability in step 3..
SBY 20:44:27 [cover_z3] engine_0: ##   1:00:27  Reached cover statement at Sodor1Stage_formal.sv:471.33-472.32 ($cover$Sodor1Stage_formal.sv:471$1466) in step 3.
SBY 20:44:27 [cover_z3] engine_0: ##   1:00:27  Writing trace to VCD file: engine_0/trace123.vcd
SBY 20:44:50 [cover_z3] engine_0: ##   1:00:50  Writing trace to Verilog testbench: engine_0/trace123_tb.v
SBY 20:44:50 [cover_z3] engine_0: ##   1:00:50  Writing trace to constraints file: engine_0/trace123.smtc
SBY 20:44:50 [cover_z3] engine_0: ##   1:00:50  Checking cover reachability in step 3..
SBY 20:44:51 [cover_z3] engine_0: ##   1:00:51  Reached cover statement at Sodor1Stage_formal.sv:461.33-462.32 ($cover$Sodor1Stage_formal.sv:461$1456) in step 3.
SBY 20:44:51 [cover_z3] engine_0: ##   1:00:51  Writing trace to VCD file: engine_0/trace124.vcd
SBY 20:45:14 [cover_z3] engine_0: ##   1:01:14  Writing trace to Verilog testbench: engine_0/trace124_tb.v
SBY 20:45:14 [cover_z3] engine_0: ##   1:01:14  Writing trace to constraints file: engine_0/trace124.smtc
SBY 20:45:14 [cover_z3] engine_0: ##   1:01:14  Checking cover reachability in step 3..
SBY 20:45:15 [cover_z3] engine_0: ##   1:01:15  Reached cover statement at Sodor1Stage_formal.sv:429.32-430.31 ($cover$Sodor1Stage_formal.sv:429$1424) in step 3.
SBY 20:45:15 [cover_z3] engine_0: ##   1:01:15  Reached cover statement at Sodor1Stage_formal.sv:543.33-544.32 ($cover$Sodor1Stage_formal.sv:543$1538) in step 3.
SBY 20:45:15 [cover_z3] engine_0: ##   1:01:15  Writing trace to VCD file: engine_0/trace125.vcd
SBY 20:45:37 [cover_z3] engine_0: ##   1:01:37  Writing trace to Verilog testbench: engine_0/trace125_tb.v
SBY 20:45:37 [cover_z3] engine_0: ##   1:01:37  Writing trace to constraints file: engine_0/trace125.smtc
SBY 20:45:37 [cover_z3] engine_0: ##   1:01:37  Checking cover reachability in step 3..
SBY 20:45:38 [cover_z3] engine_0: ##   1:01:38  Reached cover statement at Sodor1Stage_formal.sv:449.33-450.32 ($cover$Sodor1Stage_formal.sv:449$1444) in step 3.
SBY 20:45:38 [cover_z3] engine_0: ##   1:01:38  Reached cover statement at Sodor1Stage_formal.sv:563.33-564.32 ($cover$Sodor1Stage_formal.sv:563$1558) in step 3.
SBY 20:45:38 [cover_z3] engine_0: ##   1:01:38  Reached cover statement at Sodor1Stage_formal.sv:752.34-753.33 ($cover$Sodor1Stage_formal.sv:752$1747) in step 3.
SBY 20:45:38 [cover_z3] engine_0: ##   1:01:38  Reached cover statement at Sodor1Stage_formal.sv:770.34-771.33 ($cover$Sodor1Stage_formal.sv:770$1765) in step 3.
SBY 20:45:38 [cover_z3] engine_0: ##   1:01:38  Reached cover statement at Sodor1Stage_formal.sv:801.34-802.33 ($cover$Sodor1Stage_formal.sv:801$1796) in step 3.
SBY 20:45:38 [cover_z3] engine_0: ##   1:01:38  Writing trace to VCD file: engine_0/trace126.vcd
SBY 20:46:01 [cover_z3] engine_0: ##   1:02:01  Writing trace to Verilog testbench: engine_0/trace126_tb.v
SBY 20:46:01 [cover_z3] engine_0: ##   1:02:01  Writing trace to constraints file: engine_0/trace126.smtc
SBY 20:46:01 [cover_z3] engine_0: ##   1:02:01  Checking cover reachability in step 3..
SBY 20:46:02 [cover_z3] engine_0: ##   1:02:03  Reached cover statement at Sodor1Stage_formal.sv:451.33-452.32 ($cover$Sodor1Stage_formal.sv:451$1446) in step 3.
SBY 20:46:02 [cover_z3] engine_0: ##   1:02:03  Reached cover statement at Sodor1Stage_formal.sv:803.34-804.33 ($cover$Sodor1Stage_formal.sv:803$1798) in step 3.
SBY 20:46:02 [cover_z3] engine_0: ##   1:02:03  Writing trace to VCD file: engine_0/trace127.vcd
SBY 20:46:25 [cover_z3] engine_0: ##   1:02:26  Writing trace to Verilog testbench: engine_0/trace127_tb.v
SBY 20:46:26 [cover_z3] engine_0: ##   1:02:26  Writing trace to constraints file: engine_0/trace127.smtc
SBY 20:46:26 [cover_z3] engine_0: ##   1:02:26  Checking cover reachability in step 3..
SBY 20:46:27 [cover_z3] engine_0: ##   1:02:27  Reached cover statement at Sodor1Stage_formal.sv:477.33-478.32 ($cover$Sodor1Stage_formal.sv:477$1472) in step 3.
SBY 20:46:27 [cover_z3] engine_0: ##   1:02:27  Writing trace to VCD file: engine_0/trace128.vcd
SBY 20:46:50 [cover_z3] engine_0: ##   1:02:50  Writing trace to Verilog testbench: engine_0/trace128_tb.v
SBY 20:46:50 [cover_z3] engine_0: ##   1:02:50  Writing trace to constraints file: engine_0/trace128.smtc
SBY 20:46:50 [cover_z3] engine_0: ##   1:02:50  Checking cover reachability in step 3..
SBY 20:46:51 [cover_z3] engine_0: ##   1:02:52  Reached cover statement at Sodor1Stage_formal.sv:475.33-476.32 ($cover$Sodor1Stage_formal.sv:475$1470) in step 3.
SBY 20:46:51 [cover_z3] engine_0: ##   1:02:52  Writing trace to VCD file: engine_0/trace129.vcd
SBY 20:47:14 [cover_z3] engine_0: ##   1:03:15  Writing trace to Verilog testbench: engine_0/trace129_tb.v
SBY 20:47:15 [cover_z3] engine_0: ##   1:03:15  Writing trace to constraints file: engine_0/trace129.smtc
SBY 20:47:15 [cover_z3] engine_0: ##   1:03:15  Checking cover reachability in step 3..
SBY 20:47:16 [cover_z3] engine_0: ##   1:03:16  Reached cover statement at Sodor1Stage_formal.sv:467.33-468.32 ($cover$Sodor1Stage_formal.sv:467$1462) in step 3.
SBY 20:47:16 [cover_z3] engine_0: ##   1:03:16  Writing trace to VCD file: engine_0/trace130.vcd
SBY 20:47:39 [cover_z3] engine_0: ##   1:03:39  Writing trace to Verilog testbench: engine_0/trace130_tb.v
SBY 20:47:39 [cover_z3] engine_0: ##   1:03:39  Writing trace to constraints file: engine_0/trace130.smtc
SBY 20:47:39 [cover_z3] engine_0: ##   1:03:39  Checking cover reachability in step 3..
SBY 20:47:40 [cover_z3] engine_0: ##   1:03:40  Reached cover statement at Sodor1Stage_formal.sv:459.33-460.32 ($cover$Sodor1Stage_formal.sv:459$1454) in step 3.
SBY 20:47:40 [cover_z3] engine_0: ##   1:03:40  Reached cover statement at Sodor1Stage_formal.sv:807.34-808.33 ($cover$Sodor1Stage_formal.sv:807$1802) in step 3.
SBY 20:47:40 [cover_z3] engine_0: ##   1:03:40  Writing trace to VCD file: engine_0/trace131.vcd
SBY 20:48:03 [cover_z3] engine_0: ##   1:04:03  Writing trace to Verilog testbench: engine_0/trace131_tb.v
SBY 20:48:03 [cover_z3] engine_0: ##   1:04:03  Writing trace to constraints file: engine_0/trace131.smtc
SBY 20:48:03 [cover_z3] engine_0: ##   1:04:03  Checking cover reachability in step 3..
SBY 20:48:05 [cover_z3] engine_0: ##   1:04:05  Reached cover statement at Sodor1Stage_formal.sv:469.33-470.32 ($cover$Sodor1Stage_formal.sv:469$1464) in step 3.
SBY 20:48:05 [cover_z3] engine_0: ##   1:04:05  Reached cover statement at Sodor1Stage_formal.sv:795.34-796.33 ($cover$Sodor1Stage_formal.sv:795$1790) in step 3.
SBY 20:48:05 [cover_z3] engine_0: ##   1:04:05  Writing trace to VCD file: engine_0/trace132.vcd
SBY 20:48:28 [cover_z3] engine_0: ##   1:04:28  Writing trace to Verilog testbench: engine_0/trace132_tb.v
SBY 20:48:28 [cover_z3] engine_0: ##   1:04:28  Writing trace to constraints file: engine_0/trace132.smtc
SBY 20:48:28 [cover_z3] engine_0: ##   1:04:29  Checking cover reachability in step 3..
SBY 20:48:29 [cover_z3] engine_0: ##   1:04:29  Reached cover statement at Sodor1Stage_formal.sv:463.33-464.32 ($cover$Sodor1Stage_formal.sv:463$1458) in step 3.
SBY 20:48:29 [cover_z3] engine_0: ##   1:04:29  Writing trace to VCD file: engine_0/trace133.vcd
SBY 20:48:52 [cover_z3] engine_0: ##   1:04:52  Writing trace to Verilog testbench: engine_0/trace133_tb.v
SBY 20:48:52 [cover_z3] engine_0: ##   1:04:52  Writing trace to constraints file: engine_0/trace133.smtc
SBY 20:48:52 [cover_z3] engine_0: ##   1:04:52  Checking cover reachability in step 3..
SBY 20:48:52 [cover_z3] engine_0: ##   1:04:52  Checking cover reachability in step 4..
SBY 20:49:07 [cover_z3] engine_0: ##   1:05:07  Reached cover statement at Sodor1Stage_formal.sv:527.33-528.32 ($cover$Sodor1Stage_formal.sv:527$1522) in step 4.
SBY 20:49:07 [cover_z3] engine_0: ##   1:05:07  Reached cover statement at Sodor1Stage_formal.sv:530.33-531.32 ($cover$Sodor1Stage_formal.sv:530$1525) in step 4.
SBY 20:49:07 [cover_z3] engine_0: ##   1:05:07  Reached cover statement at Sodor1Stage_formal.sv:532.33-533.32 ($cover$Sodor1Stage_formal.sv:532$1527) in step 4.
SBY 20:49:07 [cover_z3] engine_0: ##   1:05:07  Reached cover statement at Sodor1Stage_formal.sv:534.33-535.32 ($cover$Sodor1Stage_formal.sv:534$1529) in step 4.
SBY 20:49:07 [cover_z3] engine_0: ##   1:05:07  Reached cover statement at Sodor1Stage_formal.sv:535.33-536.32 ($cover$Sodor1Stage_formal.sv:535$1530) in step 4.
SBY 20:49:07 [cover_z3] engine_0: ##   1:05:07  Reached cover statement at Sodor1Stage_formal.sv:537.33-538.32 ($cover$Sodor1Stage_formal.sv:537$1532) in step 4.
SBY 20:49:07 [cover_z3] engine_0: ##   1:05:07  Writing trace to VCD file: engine_0/trace134.vcd
SBY 20:49:36 [cover_z3] engine_0: ##   1:05:36  Writing trace to Verilog testbench: engine_0/trace134_tb.v
SBY 20:49:36 [cover_z3] engine_0: ##   1:05:36  Writing trace to constraints file: engine_0/trace134.smtc
SBY 20:49:36 [cover_z3] engine_0: ##   1:05:36  Checking cover reachability in step 4..
SBY 20:49:37 [cover_z3] engine_0: ##   1:05:37  Checking cover reachability in step 5..
SBY 20:50:10 [cover_z3] engine_0: ##   1:06:11  Reached cover statement at Sodor1Stage_formal.sv:565.33-566.32 ($cover$Sodor1Stage_formal.sv:565$1560) in step 5.
SBY 20:50:10 [cover_z3] engine_0: ##   1:06:11  Writing trace to VCD file: engine_0/trace135.vcd
SBY 20:50:45 [cover_z3] engine_0: ##   1:06:45  Writing trace to Verilog testbench: engine_0/trace135_tb.v
SBY 20:50:45 [cover_z3] engine_0: ##   1:06:45  Writing trace to constraints file: engine_0/trace135.smtc
SBY 20:50:45 [cover_z3] engine_0: ##   1:06:46  Checking cover reachability in step 5..
SBY 20:51:14 [cover_z3] engine_0: ##   1:07:14  Reached cover statement at Sodor1Stage_formal.sv:567.33-568.32 ($cover$Sodor1Stage_formal.sv:567$1562) in step 5.
SBY 20:51:14 [cover_z3] engine_0: ##   1:07:14  Writing trace to VCD file: engine_0/trace136.vcd
SBY 20:51:48 [cover_z3] engine_0: ##   1:07:48  Writing trace to Verilog testbench: engine_0/trace136_tb.v
SBY 20:51:48 [cover_z3] engine_0: ##   1:07:48  Writing trace to constraints file: engine_0/trace136.smtc
SBY 20:51:48 [cover_z3] engine_0: ##   1:07:48  Checking cover reachability in step 5..
SBY 20:51:48 [cover_z3] engine_0: ##   1:07:48  Checking cover reachability in step 6..
SBY 20:51:48 [cover_z3] engine_0: ##   1:07:49  Checking cover reachability in step 7..
SBY 20:51:48 [cover_z3] engine_0: ##   1:07:49  Checking cover reachability in step 8..
SBY 20:51:49 [cover_z3] engine_0: ##   1:07:49  Checking cover reachability in step 9..
SBY 20:51:49 [cover_z3] engine_0: ##   1:07:49  Checking cover reachability in step 10..
SBY 20:51:49 [cover_z3] engine_0: ##   1:07:49  Checking cover reachability in step 11..
SBY 20:51:49 [cover_z3] engine_0: ##   1:07:49  Checking cover reachability in step 12..
SBY 20:51:49 [cover_z3] engine_0: ##   1:07:49  Checking cover reachability in step 13..
SBY 20:51:49 [cover_z3] engine_0: ##   1:07:50  Checking cover reachability in step 14..
SBY 20:51:49 [cover_z3] engine_0: ##   1:07:50  Checking cover reachability in step 15..
SBY 20:51:50 [cover_z3] engine_0: ##   1:07:50  Checking cover reachability in step 16..
SBY 20:51:50 [cover_z3] engine_0: ##   1:07:50  Checking cover reachability in step 17..
SBY 20:51:50 [cover_z3] engine_0: ##   1:07:50  Checking cover reachability in step 18..
SBY 20:51:50 [cover_z3] engine_0: ##   1:07:50  Checking cover reachability in step 19..
SBY 20:51:50 [cover_z3] engine_0: ##   1:07:50  Checking cover reachability in step 20..
SBY 20:51:50 [cover_z3] engine_0: ##   1:07:51  Checking cover reachability in step 21..
SBY 20:51:50 [cover_z3] engine_0: ##   1:07:51  Checking cover reachability in step 22..
SBY 20:51:51 [cover_z3] engine_0: ##   1:07:51  Checking cover reachability in step 23..
SBY 20:51:51 [cover_z3] engine_0: ##   1:07:51  Checking cover reachability in step 24..
SBY 20:51:51 [cover_z3] engine_0: ##   1:07:51  Checking cover reachability in step 25..
SBY 20:51:51 [cover_z3] engine_0: ##   1:07:51  Checking cover reachability in step 26..
SBY 20:51:51 [cover_z3] engine_0: ##   1:07:51  Checking cover reachability in step 27..
SBY 20:51:51 [cover_z3] engine_0: ##   1:07:52  Checking cover reachability in step 28..
SBY 20:51:51 [cover_z3] engine_0: ##   1:07:52  Checking cover reachability in step 29..
SBY 20:51:52 [cover_z3] engine_0: ##   1:07:52  Checking cover reachability in step 30..
SBY 20:51:52 [cover_z3] engine_0: ##   1:07:52  Checking cover reachability in step 31..
SBY 20:51:52 [cover_z3] engine_0: ##   1:07:52  Checking cover reachability in step 32..
SBY 20:51:52 [cover_z3] engine_0: ##   1:07:53  Checking cover reachability in step 33..
SBY 20:51:52 [cover_z3] engine_0: ##   1:07:53  Checking cover reachability in step 34..
SBY 20:51:53 [cover_z3] engine_0: ##   1:07:53  Checking cover reachability in step 35..
SBY 20:51:53 [cover_z3] engine_0: ##   1:07:53  Checking cover reachability in step 36..
SBY 20:51:53 [cover_z3] engine_0: ##   1:07:53  Checking cover reachability in step 37..
SBY 20:51:53 [cover_z3] engine_0: ##   1:07:53  Checking cover reachability in step 38..
SBY 20:51:53 [cover_z3] engine_0: ##   1:07:53  Checking cover reachability in step 39..
SBY 20:51:53 [cover_z3] engine_0: ##   1:07:54  Checking cover reachability in step 40..
SBY 20:51:54 [cover_z3] engine_0: ##   1:07:54  Checking cover reachability in step 41..
SBY 20:51:54 [cover_z3] engine_0: ##   1:07:54  Checking cover reachability in step 42..
SBY 20:51:54 [cover_z3] engine_0: ##   1:07:54  Checking cover reachability in step 43..
SBY 20:51:54 [cover_z3] engine_0: ##   1:07:54  Checking cover reachability in step 44..
SBY 20:51:54 [cover_z3] engine_0: ##   1:07:54  Checking cover reachability in step 45..
SBY 20:51:54 [cover_z3] engine_0: ##   1:07:55  Checking cover reachability in step 46..
SBY 20:51:54 [cover_z3] engine_0: ##   1:07:55  Checking cover reachability in step 47..
SBY 20:51:55 [cover_z3] engine_0: ##   1:07:55  Checking cover reachability in step 48..
SBY 20:51:55 [cover_z3] engine_0: ##   1:07:55  Checking cover reachability in step 49..
SBY 20:51:55 [cover_z3] engine_0: ##   1:07:55  Checking cover reachability in step 50..
SBY 20:51:55 [cover_z3] engine_0: ##   1:07:55  Checking cover reachability in step 51..
SBY 20:51:55 [cover_z3] engine_0: ##   1:07:55  Checking cover reachability in step 52..
SBY 20:51:55 [cover_z3] engine_0: ##   1:07:56  Checking cover reachability in step 53..
SBY 20:51:56 [cover_z3] engine_0: ##   1:07:56  Checking cover reachability in step 54..
SBY 20:51:56 [cover_z3] engine_0: ##   1:07:56  Checking cover reachability in step 55..
SBY 20:51:56 [cover_z3] engine_0: ##   1:07:56  Checking cover reachability in step 56..
SBY 20:51:56 [cover_z3] engine_0: ##   1:07:56  Checking cover reachability in step 57..
SBY 20:51:56 [cover_z3] engine_0: ##   1:07:56  Checking cover reachability in step 58..
SBY 20:51:56 [cover_z3] engine_0: ##   1:07:57  Checking cover reachability in step 59..
SBY 20:51:57 [cover_z3] engine_0: ##   1:07:57  Checking cover reachability in step 60..
SBY 20:51:57 [cover_z3] engine_0: ##   1:07:57  Checking cover reachability in step 61..
SBY 20:51:57 [cover_z3] engine_0: ##   1:07:57  Checking cover reachability in step 62..
SBY 20:51:57 [cover_z3] engine_0: ##   1:07:58  Checking cover reachability in step 63..
SBY 20:51:57 [cover_z3] engine_0: ##   1:07:58  Checking cover reachability in step 64..
SBY 20:51:58 [cover_z3] engine_0: ##   1:07:58  Checking cover reachability in step 65..
SBY 20:51:58 [cover_z3] engine_0: ##   1:07:58  Checking cover reachability in step 66..
SBY 20:51:58 [cover_z3] engine_0: ##   1:07:58  Checking cover reachability in step 67..
SBY 20:51:58 [cover_z3] engine_0: ##   1:07:58  Checking cover reachability in step 68..
SBY 20:51:58 [cover_z3] engine_0: ##   1:07:59  Checking cover reachability in step 69..
SBY 20:51:58 [cover_z3] engine_0: ##   1:07:59  Checking cover reachability in step 70..
SBY 20:51:59 [cover_z3] engine_0: ##   1:07:59  Checking cover reachability in step 71..
SBY 20:51:59 [cover_z3] engine_0: ##   1:07:59  Checking cover reachability in step 72..
SBY 20:51:59 [cover_z3] engine_0: ##   1:07:59  Checking cover reachability in step 73..
SBY 20:51:59 [cover_z3] engine_0: ##   1:07:59  Checking cover reachability in step 74..
SBY 20:51:59 [cover_z3] engine_0: ##   1:08:00  Checking cover reachability in step 75..
SBY 20:51:59 [cover_z3] engine_0: ##   1:08:00  Checking cover reachability in step 76..
SBY 20:52:00 [cover_z3] engine_0: ##   1:08:00  Checking cover reachability in step 77..
SBY 20:52:00 [cover_z3] engine_0: ##   1:08:00  Checking cover reachability in step 78..
SBY 20:52:00 [cover_z3] engine_0: ##   1:08:00  Checking cover reachability in step 79..
SBY 20:52:00 [cover_z3] engine_0: ##   1:08:00  Checking cover reachability in step 80..
SBY 20:52:00 [cover_z3] engine_0: ##   1:08:01  Checking cover reachability in step 81..
SBY 20:52:01 [cover_z3] engine_0: ##   1:08:01  Checking cover reachability in step 82..
SBY 20:52:01 [cover_z3] engine_0: ##   1:08:01  Checking cover reachability in step 83..
SBY 20:52:01 [cover_z3] engine_0: ##   1:08:01  Checking cover reachability in step 84..
SBY 20:52:01 [cover_z3] engine_0: ##   1:08:01  Checking cover reachability in step 85..
SBY 20:52:01 [cover_z3] engine_0: ##   1:08:01  Checking cover reachability in step 86..
SBY 20:52:01 [cover_z3] engine_0: ##   1:08:02  Checking cover reachability in step 87..
SBY 20:52:02 [cover_z3] engine_0: ##   1:08:02  Checking cover reachability in step 88..
SBY 20:52:02 [cover_z3] engine_0: ##   1:08:02  Checking cover reachability in step 89..
SBY 20:52:02 [cover_z3] engine_0: ##   1:08:02  Checking cover reachability in step 90..
SBY 20:52:02 [cover_z3] engine_0: ##   1:08:02  Checking cover reachability in step 91..
SBY 20:52:02 [cover_z3] engine_0: ##   1:08:02  Checking cover reachability in step 92..
SBY 20:52:02 [cover_z3] engine_0: ##   1:08:03  Checking cover reachability in step 93..
SBY 20:52:02 [cover_z3] engine_0: ##   1:08:03  Checking cover reachability in step 94..
SBY 20:52:03 [cover_z3] engine_0: ##   1:08:03  Checking cover reachability in step 95..
SBY 20:52:03 [cover_z3] engine_0: ##   1:08:03  Checking cover reachability in step 96..
SBY 20:52:03 [cover_z3] engine_0: ##   1:08:03  Checking cover reachability in step 97..
SBY 20:52:03 [cover_z3] engine_0: ##   1:08:03  Checking cover reachability in step 98..
SBY 20:52:03 [cover_z3] engine_0: ##   1:08:04  Checking cover reachability in step 99..
SBY 20:52:03 [cover_z3] engine_0: ##   1:08:04  Unreached cover statement at Sodor1Stage_formal.sv:427.55-428.31 ($cover$Sodor1Stage_formal.sv:427$1422).
SBY 20:52:05 [cover_z3] engine_0: ##   1:08:05  Status: failed
SBY 20:52:05 [cover_z3] engine_0: finished (returncode=1)
SBY 20:52:05 [cover_z3] engine_0: Status returned by engine: FAIL
SBY 20:52:05 [cover_z3] summary: Elapsed clock time [H:MM:SS (secs)]: 1:08:10 (4090)
SBY 20:52:05 [cover_z3] summary: Elapsed process time [H:MM:SS (secs)]: 1:09:33 (4173)
SBY 20:52:05 [cover_z3] summary: engine_0 (smtbmc z3) returned FAIL
SBY 20:52:05 [cover_z3] DONE (FAIL, rc=2)
</system-out>
<system-err>
</system-err>
</testsuite>
</testsuites>
